[1;2;31mflexiblas BLAS backend  "AOCL" not found. Loading default (IMKL) instead.
[0m/home/mgolmoha/TVB/env/lib/python3.7/site-packages/tvb/datatypes/surfaces.py:63: UserWarning: Geodesic distance module is unavailable; some functionality for surfaces will be unavailable.
  warnings.warn(msg)
tavg_to_bold step
BOLD shape (T, N): 22 118
/home/mgolmoha/TVB/virtual_ageing/showcase1_ageing/simulation.py:283: VisibleDeprecationWarning: Creating an ndarray from ragged nested sequences (which is a list-or-tuple of lists-or-tuples-or ndarrays with different lengths or shapes) is deprecated. If you meant to do this, you must specify 'dtype=object' when creating the ndarray.
  return numpy.array([k1, k2, k3])
Completed: subject=sub-0001 noise=0.04 G=1.925795386 dt=0.005, Result=[0.00039526587121869447, -0.010372298094407253, 2.036935974202791, 35.06091260910034]
[1;2;31mflexiblas BLAS backend  "AOCL" not found. Loading default (IMKL) instead.
[0m/home/mgolmoha/TVB/env/lib/python3.7/site-packages/tvb/datatypes/surfaces.py:63: UserWarning: Geodesic distance module is unavailable; some functionality for surfaces will be unavailable.
  warnings.warn(msg)
tavg_to_bold step
BOLD shape (T, N): 22 118
/home/mgolmoha/TVB/virtual_ageing/showcase1_ageing/simulation.py:283: VisibleDeprecationWarning: Creating an ndarray from ragged nested sequences (which is a list-or-tuple of lists-or-tuples-or ndarrays with different lengths or shapes) is deprecated. If you meant to do this, you must specify 'dtype=object' when creating the ndarray.
  return numpy.array([k1, k2, k3])
Completed: subject=sub-0001 noise=0.04 G=1.9259580923 dt=0.005, Result=[0.0004966987181758367, 0.016734401168205442, 3.1678733890409525, 34.91719961166382]
[1;2;31mflexiblas BLAS backend  "AOCL" not found. Loading default (IMKL) instead.
[0m/home/mgolmoha/TVB/env/lib/python3.7/site-packages/tvb/datatypes/surfaces.py:63: UserWarning: Geodesic distance module is unavailable; some functionality for surfaces will be unavailable.
  warnings.warn(msg)
tavg_to_bold step
BOLD shape (T, N): 22 118
/home/mgolmoha/TVB/virtual_ageing/showcase1_ageing/simulation.py:283: VisibleDeprecationWarning: Creating an ndarray from ragged nested sequences (which is a list-or-tuple of lists-or-tuples-or ndarrays with different lengths or shapes) is deprecated. If you meant to do this, you must specify 'dtype=object' when creating the ndarray.
  return numpy.array([k1, k2, k3])
Completed: subject=sub-0001 noise=0.04 G=1.9261207986 dt=0.005, Result=[0.00038812447816750277, 0.012799497862897531, 5.590164214575868, 34.94609999656677]
[1;2;31mflexiblas BLAS backend  "AOCL" not found. Loading default (IMKL) instead.
[0m/home/mgolmoha/TVB/env/lib/python3.7/site-packages/tvb/datatypes/surfaces.py:63: UserWarning: Geodesic distance module is unavailable; some functionality for surfaces will be unavailable.
  warnings.warn(msg)
tavg_to_bold step
BOLD shape (T, N): 22 118
/home/mgolmoha/TVB/virtual_ageing/showcase1_ageing/simulation.py:283: VisibleDeprecationWarning: Creating an ndarray from ragged nested sequences (which is a list-or-tuple of lists-or-tuples-or ndarrays with different lengths or shapes) is deprecated. If you meant to do this, you must specify 'dtype=object' when creating the ndarray.
  return numpy.array([k1, k2, k3])
Completed: subject=sub-0001 noise=0.04 G=1.9262835049 dt=0.005, Result=[0.0005335270470525313, 0.03370107614835009, 4.277394016448103, 34.53158926963806]
[1;2;31mflexiblas BLAS backend  "AOCL" not found. Loading default (IMKL) instead.
[0m/home/mgolmoha/TVB/env/lib/python3.7/site-packages/tvb/datatypes/surfaces.py:63: UserWarning: Geodesic distance module is unavailable; some functionality for surfaces will be unavailable.
  warnings.warn(msg)
tavg_to_bold step
BOLD shape (T, N): 22 118
/home/mgolmoha/TVB/virtual_ageing/showcase1_ageing/simulation.py:283: VisibleDeprecationWarning: Creating an ndarray from ragged nested sequences (which is a list-or-tuple of lists-or-tuples-or ndarrays with different lengths or shapes) is deprecated. If you meant to do this, you must specify 'dtype=object' when creating the ndarray.
  return numpy.array([k1, k2, k3])
Completed: subject=sub-0001 noise=0.04 G=1.9264462112 dt=0.005, Result=[0.0003367634594607544, 0.007774977001659303, 3.8526068621720864, 34.87233233451843]
[1;2;31mflexiblas BLAS backend  "AOCL" not found. Loading default (IMKL) instead.
[0m/home/mgolmoha/TVB/env/lib/python3.7/site-packages/tvb/datatypes/surfaces.py:63: UserWarning: Geodesic distance module is unavailable; some functionality for surfaces will be unavailable.
  warnings.warn(msg)
tavg_to_bold step
BOLD shape (T, N): 22 118
/home/mgolmoha/TVB/virtual_ageing/showcase1_ageing/simulation.py:283: VisibleDeprecationWarning: Creating an ndarray from ragged nested sequences (which is a list-or-tuple of lists-or-tuples-or ndarrays with different lengths or shapes) is deprecated. If you meant to do this, you must specify 'dtype=object' when creating the ndarray.
  return numpy.array([k1, k2, k3])
Completed: subject=sub-0001 noise=0.04 G=1.9266089175 dt=0.005, Result=[0.0004976890136223736, 0.010552637523290475, 2.7678648728480706, 34.66026163101196]
[1;2;31mflexiblas BLAS backend  "AOCL" not found. Loading default (IMKL) instead.
[0m/home/mgolmoha/TVB/env/lib/python3.7/site-packages/tvb/datatypes/surfaces.py:63: UserWarning: Geodesic distance module is unavailable; some functionality for surfaces will be unavailable.
  warnings.warn(msg)
tavg_to_bold step
BOLD shape (T, N): 22 118
/home/mgolmoha/TVB/virtual_ageing/showcase1_ageing/simulation.py:283: VisibleDeprecationWarning: Creating an ndarray from ragged nested sequences (which is a list-or-tuple of lists-or-tuples-or ndarrays with different lengths or shapes) is deprecated. If you meant to do this, you must specify 'dtype=object' when creating the ndarray.
  return numpy.array([k1, k2, k3])
Completed: subject=sub-0001 noise=0.04 G=1.9267716238 dt=0.005, Result=[0.0006172558676271516, -0.002966627378981401, 1.8846247862280343, 34.32820749282837]
[1;2;31mflexiblas BLAS backend  "AOCL" not found. Loading default (IMKL) instead.
[0m/home/mgolmoha/TVB/env/lib/python3.7/site-packages/tvb/datatypes/surfaces.py:63: UserWarning: Geodesic distance module is unavailable; some functionality for surfaces will be unavailable.
  warnings.warn(msg)
tavg_to_bold step
BOLD shape (T, N): 22 118
/home/mgolmoha/TVB/virtual_ageing/showcase1_ageing/simulation.py:283: VisibleDeprecationWarning: Creating an ndarray from ragged nested sequences (which is a list-or-tuple of lists-or-tuples-or ndarrays with different lengths or shapes) is deprecated. If you meant to do this, you must specify 'dtype=object' when creating the ndarray.
  return numpy.array([k1, k2, k3])
Completed: subject=sub-0001 noise=0.04 G=1.9269343301 dt=0.005, Result=[0.000581074175042108, -0.004183590120501375, 4.548992776849033, 34.195473194122314]
[1;2;31mflexiblas BLAS backend  "AOCL" not found. Loading default (IMKL) instead.
[0m/home/mgolmoha/TVB/env/lib/python3.7/site-packages/tvb/datatypes/surfaces.py:63: UserWarning: Geodesic distance module is unavailable; some functionality for surfaces will be unavailable.
  warnings.warn(msg)
tavg_to_bold step
BOLD shape (T, N): 22 118
/home/mgolmoha/TVB/virtual_ageing/showcase1_ageing/simulation.py:283: VisibleDeprecationWarning: Creating an ndarray from ragged nested sequences (which is a list-or-tuple of lists-or-tuples-or ndarrays with different lengths or shapes) is deprecated. If you meant to do this, you must specify 'dtype=object' when creating the ndarray.
  return numpy.array([k1, k2, k3])
Completed: subject=sub-0001 noise=0.04 G=1.9270970364 dt=0.005, Result=[0.00032088154774324336, 0.03396025105302273, 2.904123918670157, 34.255855560302734]
[1;2;31mflexiblas BLAS backend  "AOCL" not found. Loading default (IMKL) instead.
[0m/home/mgolmoha/TVB/env/lib/python3.7/site-packages/tvb/datatypes/surfaces.py:63: UserWarning: Geodesic distance module is unavailable; some functionality for surfaces will be unavailable.
  warnings.warn(msg)
tavg_to_bold step
BOLD shape (T, N): 22 118
/home/mgolmoha/TVB/virtual_ageing/showcase1_ageing/simulation.py:283: VisibleDeprecationWarning: Creating an ndarray from ragged nested sequences (which is a list-or-tuple of lists-or-tuples-or ndarrays with different lengths or shapes) is deprecated. If you meant to do this, you must specify 'dtype=object' when creating the ndarray.
  return numpy.array([k1, k2, k3])
Completed: subject=sub-0001 noise=0.04 G=1.9272597427 dt=0.005, Result=[0.000306642375677396, 0.025607431785704092, 1.7166752121945557, 34.200881481170654]
[1;2;31mflexiblas BLAS backend  "AOCL" not found. Loading default (IMKL) instead.
[0m/home/mgolmoha/TVB/env/lib/python3.7/site-packages/tvb/datatypes/surfaces.py:63: UserWarning: Geodesic distance module is unavailable; some functionality for surfaces will be unavailable.
  warnings.warn(msg)
tavg_to_bold step
BOLD shape (T, N): 22 118
/home/mgolmoha/TVB/virtual_ageing/showcase1_ageing/simulation.py:283: VisibleDeprecationWarning: Creating an ndarray from ragged nested sequences (which is a list-or-tuple of lists-or-tuples-or ndarrays with different lengths or shapes) is deprecated. If you meant to do this, you must specify 'dtype=object' when creating the ndarray.
  return numpy.array([k1, k2, k3])
Completed: subject=sub-0001 noise=0.04 G=1.927422449 dt=0.005, Result=[0.00044284165467700247, -0.0019009119988434259, 2.61227045952708, 34.32388710975647]
[1;2;31mflexiblas BLAS backend  "AOCL" not found. Loading default (IMKL) instead.
[0m/home/mgolmoha/TVB/env/lib/python3.7/site-packages/tvb/datatypes/surfaces.py:63: UserWarning: Geodesic distance module is unavailable; some functionality for surfaces will be unavailable.
  warnings.warn(msg)
tavg_to_bold step
BOLD shape (T, N): 22 118
/home/mgolmoha/TVB/virtual_ageing/showcase1_ageing/simulation.py:283: VisibleDeprecationWarning: Creating an ndarray from ragged nested sequences (which is a list-or-tuple of lists-or-tuples-or ndarrays with different lengths or shapes) is deprecated. If you meant to do this, you must specify 'dtype=object' when creating the ndarray.
  return numpy.array([k1, k2, k3])
Completed: subject=sub-0001 noise=0.04 G=1.9275851553 dt=0.005, Result=[0.0003773480737006302, -0.014276765637597093, 3.8140575188767354, 33.9433434009552]
[1;2;31mflexiblas BLAS backend  "AOCL" not found. Loading default (IMKL) instead.
[0m/home/mgolmoha/TVB/env/lib/python3.7/site-packages/tvb/datatypes/surfaces.py:63: UserWarning: Geodesic distance module is unavailable; some functionality for surfaces will be unavailable.
  warnings.warn(msg)
tavg_to_bold step
BOLD shape (T, N): 22 118
/home/mgolmoha/TVB/virtual_ageing/showcase1_ageing/simulation.py:283: VisibleDeprecationWarning: Creating an ndarray from ragged nested sequences (which is a list-or-tuple of lists-or-tuples-or ndarrays with different lengths or shapes) is deprecated. If you meant to do this, you must specify 'dtype=object' when creating the ndarray.
  return numpy.array([k1, k2, k3])
Completed: subject=sub-0001 noise=0.04 G=1.9277478616 dt=0.005, Result=[0.0003928841534191135, -0.020445214539795007, 5.854979828960484, 33.910398721694946]
[1;2;31mflexiblas BLAS backend  "AOCL" not found. Loading default (IMKL) instead.
[0m/home/mgolmoha/TVB/env/lib/python3.7/site-packages/tvb/datatypes/surfaces.py:63: UserWarning: Geodesic distance module is unavailable; some functionality for surfaces will be unavailable.
  warnings.warn(msg)
tavg_to_bold step
BOLD shape (T, N): 22 118
/home/mgolmoha/TVB/virtual_ageing/showcase1_ageing/simulation.py:283: VisibleDeprecationWarning: Creating an ndarray from ragged nested sequences (which is a list-or-tuple of lists-or-tuples-or ndarrays with different lengths or shapes) is deprecated. If you meant to do this, you must specify 'dtype=object' when creating the ndarray.
  return numpy.array([k1, k2, k3])
Completed: subject=sub-0001 noise=0.04 G=1.9279105679 dt=0.005, Result=[0.0004087844362784033, 0.017250634060600005, 4.166099696364535, 34.07318663597107]
[1;2;31mflexiblas BLAS backend  "AOCL" not found. Loading default (IMKL) instead.
[0m/home/mgolmoha/TVB/env/lib/python3.7/site-packages/tvb/datatypes/surfaces.py:63: UserWarning: Geodesic distance module is unavailable; some functionality for surfaces will be unavailable.
  warnings.warn(msg)
tavg_to_bold step
BOLD shape (T, N): 22 118
/home/mgolmoha/TVB/virtual_ageing/showcase1_ageing/simulation.py:283: VisibleDeprecationWarning: Creating an ndarray from ragged nested sequences (which is a list-or-tuple of lists-or-tuples-or ndarrays with different lengths or shapes) is deprecated. If you meant to do this, you must specify 'dtype=object' when creating the ndarray.
  return numpy.array([k1, k2, k3])
Completed: subject=sub-0001 noise=0.04 G=1.9280732742 dt=0.005, Result=[0.0004508970240416204, -0.021659042179157366, 4.288673396019334, 33.98120379447937]
[1;2;31mflexiblas BLAS backend  "AOCL" not found. Loading default (IMKL) instead.
[0m/home/mgolmoha/TVB/env/lib/python3.7/site-packages/tvb/datatypes/surfaces.py:63: UserWarning: Geodesic distance module is unavailable; some functionality for surfaces will be unavailable.
  warnings.warn(msg)
tavg_to_bold step
BOLD shape (T, N): 22 118
/home/mgolmoha/TVB/virtual_ageing/showcase1_ageing/simulation.py:283: VisibleDeprecationWarning: Creating an ndarray from ragged nested sequences (which is a list-or-tuple of lists-or-tuples-or ndarrays with different lengths or shapes) is deprecated. If you meant to do this, you must specify 'dtype=object' when creating the ndarray.
  return numpy.array([k1, k2, k3])
Completed: subject=sub-0001 noise=0.04 G=1.9282359805 dt=0.005, Result=[0.00045491885787955327, 0.012048835035133735, 4.0023647588427735, 33.849303245544434]
[1;2;31mflexiblas BLAS backend  "AOCL" not found. Loading default (IMKL) instead.
[0m/home/mgolmoha/TVB/env/lib/python3.7/site-packages/tvb/datatypes/surfaces.py:63: UserWarning: Geodesic distance module is unavailable; some functionality for surfaces will be unavailable.
  warnings.warn(msg)
tavg_to_bold step
BOLD shape (T, N): 22 118
/home/mgolmoha/TVB/virtual_ageing/showcase1_ageing/simulation.py:283: VisibleDeprecationWarning: Creating an ndarray from ragged nested sequences (which is a list-or-tuple of lists-or-tuples-or ndarrays with different lengths or shapes) is deprecated. If you meant to do this, you must specify 'dtype=object' when creating the ndarray.
  return numpy.array([k1, k2, k3])
Completed: subject=sub-0001 noise=0.04 G=1.9283986868 dt=0.005, Result=[0.00038852888209110043, 0.02274589789730526, 0.6336313904617619, 33.75559639930725]
[1;2;31mflexiblas BLAS backend  "AOCL" not found. Loading default (IMKL) instead.
[0m/home/mgolmoha/TVB/env/lib/python3.7/site-packages/tvb/datatypes/surfaces.py:63: UserWarning: Geodesic distance module is unavailable; some functionality for surfaces will be unavailable.
  warnings.warn(msg)
tavg_to_bold step
BOLD shape (T, N): 22 118
/home/mgolmoha/TVB/virtual_ageing/showcase1_ageing/simulation.py:283: VisibleDeprecationWarning: Creating an ndarray from ragged nested sequences (which is a list-or-tuple of lists-or-tuples-or ndarrays with different lengths or shapes) is deprecated. If you meant to do this, you must specify 'dtype=object' when creating the ndarray.
  return numpy.array([k1, k2, k3])
Completed: subject=sub-0001 noise=0.04 G=1.9285613931 dt=0.005, Result=[0.000577655470880761, 0.04420282745236471, 3.679039461787937, 33.82632040977478]
[1;2;31mflexiblas BLAS backend  "AOCL" not found. Loading default (IMKL) instead.
[0m/home/mgolmoha/TVB/env/lib/python3.7/site-packages/tvb/datatypes/surfaces.py:63: UserWarning: Geodesic distance module is unavailable; some functionality for surfaces will be unavailable.
  warnings.warn(msg)
tavg_to_bold step
BOLD shape (T, N): 22 118
/home/mgolmoha/TVB/virtual_ageing/showcase1_ageing/simulation.py:283: VisibleDeprecationWarning: Creating an ndarray from ragged nested sequences (which is a list-or-tuple of lists-or-tuples-or ndarrays with different lengths or shapes) is deprecated. If you meant to do this, you must specify 'dtype=object' when creating the ndarray.
  return numpy.array([k1, k2, k3])
Completed: subject=sub-0001 noise=0.04 G=1.9287240994 dt=0.005, Result=[0.0004415968285540984, 0.009128540529023225, 1.7690612073584404, 33.43040609359741]
[1;2;31mflexiblas BLAS backend  "AOCL" not found. Loading default (IMKL) instead.
[0m/home/mgolmoha/TVB/env/lib/python3.7/site-packages/tvb/datatypes/surfaces.py:63: UserWarning: Geodesic distance module is unavailable; some functionality for surfaces will be unavailable.
  warnings.warn(msg)
tavg_to_bold step
BOLD shape (T, N): 22 118
/home/mgolmoha/TVB/virtual_ageing/showcase1_ageing/simulation.py:283: VisibleDeprecationWarning: Creating an ndarray from ragged nested sequences (which is a list-or-tuple of lists-or-tuples-or ndarrays with different lengths or shapes) is deprecated. If you meant to do this, you must specify 'dtype=object' when creating the ndarray.
  return numpy.array([k1, k2, k3])
Completed: subject=sub-0001 noise=0.04 G=1.9288868057 dt=0.005, Result=[0.00048074642883260505, 0.030068132643862783, 3.2963155606535217, 33.69720101356506]
