[1;2;31mflexiblas BLAS backend  "AOCL" not found. Loading default (IMKL) instead.
[0m/home/mgolmoha/TVB/env/lib/python3.7/site-packages/tvb/datatypes/surfaces.py:63: UserWarning: Geodesic distance module is unavailable; some functionality for surfaces will be unavailable.
  warnings.warn(msg)
--- Logging error ---
Traceback (most recent call last):
  File "/home/mgolmoha/TVB/env/lib/python3.7/site-packages/tvb/basic/neotraits/_attr.py", line 118, in _post_bind_validate
    hash(self.default)
TypeError: unhashable type: 'dict'

During handling of the above exception, another exception occurred:

Traceback (most recent call last):
  File "/cvmfs/soft.computecanada.ca/gentoo/2020/usr/lib/python3.7/logging/handlers.py", line 70, in emit
    self.doRollover()
  File "/cvmfs/soft.computecanada.ca/gentoo/2020/usr/lib/python3.7/logging/handlers.py", line 394, in doRollover
    self.rotate(self.baseFilename, dfn)
  File "/cvmfs/soft.computecanada.ca/gentoo/2020/usr/lib/python3.7/logging/handlers.py", line 111, in rotate
    os.rename(source, dest)
FileNotFoundError: [Errno 2] No such file or directory: '/home/mgolmoha/.tvb-temp/logs/library.log' -> '/home/mgolmoha/.tvb-temp/logs/library.log.2025-12-07'
Call stack:
  File "/scratch/mgolmoha/TVB_Brown_Bag/tvb_study_group/Session_7-SBI/SBI-TVB/single_sim_handler.py", line 5, in <module>
    import montbrio_simulation
  File "<frozen importlib._bootstrap>", line 983, in _find_and_load
  File "<frozen importlib._bootstrap>", line 967, in _find_and_load_unlocked
  File "<frozen importlib._bootstrap>", line 677, in _load_unlocked
  File "<frozen importlib._bootstrap_external>", line 728, in exec_module
  File "<frozen importlib._bootstrap>", line 219, in _call_with_frames_removed
  File "/scratch/mgolmoha/TVB_Brown_Bag/tvb_study_group/Session_7-SBI/SBI-TVB/montbrio_simulation.py", line 3, in <module>
    import showcase1_ageing as utils
  File "<frozen importlib._bootstrap>", line 983, in _find_and_load
  File "<frozen importlib._bootstrap>", line 967, in _find_and_load_unlocked
  File "<frozen importlib._bootstrap>", line 677, in _load_unlocked
  File "<frozen importlib._bootstrap_external>", line 728, in exec_module
  File "<frozen importlib._bootstrap>", line 219, in _call_with_frames_removed
  File "/home/mgolmoha/TVB/virtual_ageing/showcase1_ageing/__init__.py", line 2, in <module>
    from .phase_plane import phase_plane_interactive
  File "<frozen importlib._bootstrap>", line 983, in _find_and_load
  File "<frozen importlib._bootstrap>", line 967, in _find_and_load_unlocked
  File "<frozen importlib._bootstrap>", line 677, in _load_unlocked
  File "<frozen importlib._bootstrap_external>", line 728, in exec_module
  File "<frozen importlib._bootstrap>", line 219, in _call_with_frames_removed
  File "/home/mgolmoha/TVB/virtual_ageing/showcase1_ageing/phase_plane.py", line 6, in <module>
    from tvb.simulator.lab import integrators
  File "<frozen importlib._bootstrap>", line 983, in _find_and_load
  File "<frozen importlib._bootstrap>", line 967, in _find_and_load_unlocked
  File "<frozen importlib._bootstrap>", line 677, in _load_unlocked
  File "<frozen importlib._bootstrap_external>", line 728, in exec_module
  File "<frozen importlib._bootstrap>", line 219, in _call_with_frames_removed
  File "/home/mgolmoha/TVB/env/lib/python3.7/site-packages/tvb/simulator/lab.py", line 57, in <module>
    from tvb.simulator import (simulator, models, coupling, integrators, monitors, noise)
  File "<frozen importlib._bootstrap>", line 1035, in _handle_fromlist
  File "<frozen importlib._bootstrap>", line 219, in _call_with_frames_removed
  File "<frozen importlib._bootstrap>", line 983, in _find_and_load
  File "<frozen importlib._bootstrap>", line 967, in _find_and_load_unlocked
  File "<frozen importlib._bootstrap>", line 677, in _load_unlocked
  File "<frozen importlib._bootstrap_external>", line 728, in exec_module
  File "<frozen importlib._bootstrap>", line 219, in _call_with_frames_removed
  File "/home/mgolmoha/TVB/env/lib/python3.7/site-packages/tvb/simulator/simulator.py", line 49, in <module>
    from tvb.simulator import models, integrators, monitors, coupling
  File "<frozen importlib._bootstrap>", line 1035, in _handle_fromlist
  File "<frozen importlib._bootstrap>", line 219, in _call_with_frames_removed
  File "<frozen importlib._bootstrap>", line 983, in _find_and_load
  File "<frozen importlib._bootstrap>", line 967, in _find_and_load_unlocked
  File "<frozen importlib._bootstrap>", line 677, in _load_unlocked
  File "<frozen importlib._bootstrap_external>", line 728, in exec_module
  File "<frozen importlib._bootstrap>", line 219, in _call_with_frames_removed
  File "/home/mgolmoha/TVB/env/lib/python3.7/site-packages/tvb/simulator/monitors.py", line 60, in <module>
    from tvb.datatypes.time_series import (TimeSeries, TimeSeriesRegion, TimeSeriesEEG, TimeSeriesMEG, TimeSeriesSEEG,
  File "<frozen importlib._bootstrap>", line 983, in _find_and_load
  File "<frozen importlib._bootstrap>", line 967, in _find_and_load_unlocked
  File "<frozen importlib._bootstrap>", line 677, in _load_unlocked
  File "<frozen importlib._bootstrap_external>", line 728, in exec_module
  File "<frozen importlib._bootstrap>", line 219, in _call_with_frames_removed
  File "/home/mgolmoha/TVB/env/lib/python3.7/site-packages/tvb/datatypes/time_series.py", line 44, in <module>
    class TimeSeries(HasTraits):
  File "/home/mgolmoha/TVB/env/lib/python3.7/site-packages/tvb/basic/neotraits/_declarative_base.py", line 232, in __new__
    v._post_bind_validate()
  File "/home/mgolmoha/TVB/env/lib/python3.7/site-packages/tvb/basic/neotraits/_attr.py", line 121, in _post_bind_validate
    'Consider using a lambda as a value factory \n   attribute {}'.format(self))
Message: "Field seems mutable and has a default value. Consider using a lambda as a value factory \n   attribute tvb.datatypes.time_series.TimeSeries.labels_dimensions = Attr(field_type=<class 'dict'>, default={}, required=True)"
Arguments: ()
--- Logging error ---
Traceback (most recent call last):
  File "/home/mgolmoha/TVB/env/lib/python3.7/site-packages/tvb/basic/neotraits/_attr.py", line 118, in _post_bind_validate
    hash(self.default)
TypeError: unhashable type: 'dict'

During handling of the above exception, another exception occurred:

Traceback (most recent call last):
  File "/cvmfs/soft.computecanada.ca/gentoo/2020/usr/lib/python3.7/logging/handlers.py", line 70, in emit
    self.doRollover()
  File "/cvmfs/soft.computecanada.ca/gentoo/2020/usr/lib/python3.7/logging/handlers.py", line 394, in doRollover
    self.rotate(self.baseFilename, dfn)
  File "/cvmfs/soft.computecanada.ca/gentoo/2020/usr/lib/python3.7/logging/handlers.py", line 111, in rotate
    os.rename(source, dest)
FileNotFoundError: [Errno 2] No such file or directory: '/home/mgolmoha/.tvb-temp/logs/library.log' -> '/home/mgolmoha/.tvb-temp/logs/library.log.2025-12-07'
Call stack:
  File "/scratch/mgolmoha/TVB_Brown_Bag/tvb_study_group/Session_7-SBI/SBI-TVB/single_sim_handler.py", line 5, in <module>
    import montbrio_simulation
  File "<frozen importlib._bootstrap>", line 983, in _find_and_load
  File "<frozen importlib._bootstrap>", line 967, in _find_and_load_unlocked
  File "<frozen importlib._bootstrap>", line 677, in _load_unlocked
  File "<frozen importlib._bootstrap_external>", line 728, in exec_module
  File "<frozen importlib._bootstrap>", line 219, in _call_with_frames_removed
  File "/scratch/mgolmoha/TVB_Brown_Bag/tvb_study_group/Session_7-SBI/SBI-TVB/montbrio_simulation.py", line 3, in <module>
    import showcase1_ageing as utils
  File "<frozen importlib._bootstrap>", line 983, in _find_and_load
  File "<frozen importlib._bootstrap>", line 967, in _find_and_load_unlocked
  File "<frozen importlib._bootstrap>", line 677, in _load_unlocked
  File "<frozen importlib._bootstrap_external>", line 728, in exec_module
  File "<frozen importlib._bootstrap>", line 219, in _call_with_frames_removed
  File "/home/mgolmoha/TVB/virtual_ageing/showcase1_ageing/__init__.py", line 2, in <module>
    from .phase_plane import phase_plane_interactive
  File "<frozen importlib._bootstrap>", line 983, in _find_and_load
  File "<frozen importlib._bootstrap>", line 967, in _find_and_load_unlocked
  File "<frozen importlib._bootstrap>", line 677, in _load_unlocked
  File "<frozen importlib._bootstrap_external>", line 728, in exec_module
  File "<frozen importlib._bootstrap>", line 219, in _call_with_frames_removed
  File "/home/mgolmoha/TVB/virtual_ageing/showcase1_ageing/phase_plane.py", line 6, in <module>
    from tvb.simulator.lab import integrators
  File "<frozen importlib._bootstrap>", line 983, in _find_and_load
  File "<frozen importlib._bootstrap>", line 967, in _find_and_load_unlocked
  File "<frozen importlib._bootstrap>", line 677, in _load_unlocked
  File "<frozen importlib._bootstrap_external>", line 728, in exec_module
  File "<frozen importlib._bootstrap>", line 219, in _call_with_frames_removed
  File "/home/mgolmoha/TVB/env/lib/python3.7/site-packages/tvb/simulator/lab.py", line 57, in <module>
    from tvb.simulator import (simulator, models, coupling, integrators, monitors, noise)
  File "<frozen importlib._bootstrap>", line 1035, in _handle_fromlist
  File "<frozen importlib._bootstrap>", line 219, in _call_with_frames_removed
  File "<frozen importlib._bootstrap>", line 983, in _find_and_load
  File "<frozen importlib._bootstrap>", line 967, in _find_and_load_unlocked
  File "<frozen importlib._bootstrap>", line 677, in _load_unlocked
  File "<frozen importlib._bootstrap_external>", line 728, in exec_module
  File "<frozen importlib._bootstrap>", line 219, in _call_with_frames_removed
  File "/home/mgolmoha/TVB/env/lib/python3.7/site-packages/tvb/simulator/simulator.py", line 49, in <module>
    from tvb.simulator import models, integrators, monitors, coupling
  File "<frozen importlib._bootstrap>", line 1035, in _handle_fromlist
  File "<frozen importlib._bootstrap>", line 219, in _call_with_frames_removed
  File "<frozen importlib._bootstrap>", line 983, in _find_and_load
  File "<frozen importlib._bootstrap>", line 967, in _find_and_load_unlocked
  File "<frozen importlib._bootstrap>", line 677, in _load_unlocked
  File "<frozen importlib._bootstrap_external>", line 728, in exec_module
  File "<frozen importlib._bootstrap>", line 219, in _call_with_frames_removed
  File "/home/mgolmoha/TVB/env/lib/python3.7/site-packages/tvb/simulator/monitors.py", line 64, in <module>
    import tvb.datatypes.projections as projections_module
  File "<frozen importlib._bootstrap>", line 983, in _find_and_load
  File "<frozen importlib._bootstrap>", line 967, in _find_and_load_unlocked
  File "<frozen importlib._bootstrap>", line 677, in _load_unlocked
  File "<frozen importlib._bootstrap_external>", line 728, in exec_module
  File "<frozen importlib._bootstrap>", line 219, in _call_with_frames_removed
  File "/home/mgolmoha/TVB/env/lib/python3.7/site-packages/tvb/datatypes/projections.py", line 47, in <module>
    class ProjectionMatrix(HasTraits):
  File "/home/mgolmoha/TVB/env/lib/python3.7/site-packages/tvb/basic/neotraits/_declarative_base.py", line 232, in __new__
    v._post_bind_validate()
  File "/home/mgolmoha/TVB/env/lib/python3.7/site-packages/tvb/basic/neotraits/_attr.py", line 121, in _post_bind_validate
    'Consider using a lambda as a value factory \n   attribute {}'.format(self))
Message: "Field seems mutable and has a default value. Consider using a lambda as a value factory \n   attribute tvb.datatypes.projections.ProjectionMatrix.conductances = Attr(field_type=<class 'dict'>, default={'air': 0.0, 'skin': 1.0, 'skull': 0.01, 'brain': 1.0}, required=False)"
Arguments: ()
--- Logging error ---
Traceback (most recent call last):
  File "/cvmfs/soft.computecanada.ca/gentoo/2020/usr/lib/python3.7/logging/handlers.py", line 70, in emit
    self.doRollover()
  File "/cvmfs/soft.computecanada.ca/gentoo/2020/usr/lib/python3.7/logging/handlers.py", line 394, in doRollover
    self.rotate(self.baseFilename, dfn)
  File "/cvmfs/soft.computecanada.ca/gentoo/2020/usr/lib/python3.7/logging/handlers.py", line 111, in rotate
    os.rename(source, dest)
FileNotFoundError: [Errno 2] No such file or directory: '/home/mgolmoha/.tvb-temp/logs/library.log' -> '/home/mgolmoha/.tvb-temp/logs/library.log.2025-12-07'
Call stack:
  File "/scratch/mgolmoha/TVB_Brown_Bag/tvb_study_group/Session_7-SBI/SBI-TVB/single_sim_handler.py", line 5, in <module>
    import montbrio_simulation
  File "<frozen importlib._bootstrap>", line 983, in _find_and_load
  File "<frozen importlib._bootstrap>", line 967, in _find_and_load_unlocked
  File "<frozen importlib._bootstrap>", line 677, in _load_unlocked
  File "<frozen importlib._bootstrap_external>", line 728, in exec_module
  File "<frozen importlib._bootstrap>", line 219, in _call_with_frames_removed
  File "/scratch/mgolmoha/TVB_Brown_Bag/tvb_study_group/Session_7-SBI/SBI-TVB/montbrio_simulation.py", line 3, in <module>
    import showcase1_ageing as utils
  File "<frozen importlib._bootstrap>", line 983, in _find_and_load
  File "<frozen importlib._bootstrap>", line 967, in _find_and_load_unlocked
  File "<frozen importlib._bootstrap>", line 677, in _load_unlocked
  File "<frozen importlib._bootstrap_external>", line 728, in exec_module
  File "<frozen importlib._bootstrap>", line 219, in _call_with_frames_removed
  File "/home/mgolmoha/TVB/virtual_ageing/showcase1_ageing/__init__.py", line 2, in <module>
    from .phase_plane import phase_plane_interactive
  File "<frozen importlib._bootstrap>", line 983, in _find_and_load
  File "<frozen importlib._bootstrap>", line 967, in _find_and_load_unlocked
  File "<frozen importlib._bootstrap>", line 677, in _load_unlocked
  File "<frozen importlib._bootstrap_external>", line 728, in exec_module
  File "<frozen importlib._bootstrap>", line 219, in _call_with_frames_removed
  File "/home/mgolmoha/TVB/virtual_ageing/showcase1_ageing/phase_plane.py", line 6, in <module>
    from tvb.simulator.lab import integrators
  File "<frozen importlib._bootstrap>", line 983, in _find_and_load
  File "<frozen importlib._bootstrap>", line 967, in _find_and_load_unlocked
  File "<frozen importlib._bootstrap>", line 677, in _load_unlocked
  File "<frozen importlib._bootstrap_external>", line 728, in exec_module
  File "<frozen importlib._bootstrap>", line 219, in _call_with_frames_removed
  File "/home/mgolmoha/TVB/env/lib/python3.7/site-packages/tvb/simulator/lab.py", line 57, in <module>
    from tvb.simulator import (simulator, models, coupling, integrators, monitors, noise)
  File "<frozen importlib._bootstrap>", line 1035, in _handle_fromlist
  File "<frozen importlib._bootstrap>", line 219, in _call_with_frames_removed
  File "<frozen importlib._bootstrap>", line 983, in _find_and_load
  File "<frozen importlib._bootstrap>", line 967, in _find_and_load_unlocked
  File "<frozen importlib._bootstrap>", line 677, in _load_unlocked
  File "<frozen importlib._bootstrap_external>", line 728, in exec_module
  File "<frozen importlib._bootstrap>", line 219, in _call_with_frames_removed
  File "/home/mgolmoha/TVB/env/lib/python3.7/site-packages/tvb/simulator/simulator.py", line 49, in <module>
    from tvb.simulator import models, integrators, monitors, coupling
  File "<frozen importlib._bootstrap>", line 1035, in _handle_fromlist
  File "<frozen importlib._bootstrap>", line 219, in _call_with_frames_removed
  File "<frozen importlib._bootstrap>", line 983, in _find_and_load
  File "<frozen importlib._bootstrap>", line 967, in _find_and_load_unlocked
  File "<frozen importlib._bootstrap>", line 677, in _load_unlocked
  File "<frozen importlib._bootstrap_external>", line 728, in exec_module
  File "<frozen importlib._bootstrap>", line 219, in _call_with_frames_removed
  File "/home/mgolmoha/TVB/env/lib/python3.7/site-packages/tvb/simulator/coupling.py", line 231, in <module>
    class HyperbolicTangent(SparseCoupling):
  File "/home/mgolmoha/TVB/env/lib/python3.7/site-packages/tvb/basic/neotraits/_declarative_base.py", line 232, in __new__
    v._post_bind_validate()
  File "/home/mgolmoha/TVB/env/lib/python3.7/site-packages/tvb/basic/neotraits/_attr.py", line 487, in _post_bind_validate
    log.warning('{} \n   attribute  {}'.format(msg, self))
Message: "default contains values out of the declared domain. Ex 1.0 \n   attribute  tvb.simulator.coupling.HyperbolicTangent.b = NArray(label=':math:`b`', dtype=float64, default=array([1.]), dim_names=(), ndim=None, required=True)"
Arguments: ()
tavg_to_bold step
BOLD shape (T, N): 22 118
/home/mgolmoha/TVB/virtual_ageing/showcase1_ageing/simulation.py:283: VisibleDeprecationWarning: Creating an ndarray from ragged nested sequences (which is a list-or-tuple of lists-or-tuples-or ndarrays with different lengths or shapes) is deprecated. If you meant to do this, you must specify 'dtype=object' when creating the ndarray.
  return numpy.array([k1, k2, k3])
Completed: subject=sub-0001 noise=0.04 G=2.06897693 dt=0.005, Result=[0.0016528387358061803, 0.06567217881023892, 6.413668229116581, 45.599547386169434]
[1;2;31mflexiblas BLAS backend  "AOCL" not found. Loading default (IMKL) instead.
[0m/home/mgolmoha/TVB/env/lib/python3.7/site-packages/tvb/datatypes/surfaces.py:63: UserWarning: Geodesic distance module is unavailable; some functionality for surfaces will be unavailable.
  warnings.warn(msg)
tavg_to_bold step
BOLD shape (T, N): 22 118
/home/mgolmoha/TVB/virtual_ageing/showcase1_ageing/simulation.py:283: VisibleDeprecationWarning: Creating an ndarray from ragged nested sequences (which is a list-or-tuple of lists-or-tuples-or ndarrays with different lengths or shapes) is deprecated. If you meant to do this, you must specify 'dtype=object' when creating the ndarray.
  return numpy.array([k1, k2, k3])
Completed: subject=sub-0001 noise=0.04 G=2.0691396363 dt=0.005, Result=[0.000538682601018397, 0.06969313394696099, 4.54804472490153, 45.33950209617615]
[1;2;31mflexiblas BLAS backend  "AOCL" not found. Loading default (IMKL) instead.
[0m/home/mgolmoha/TVB/env/lib/python3.7/site-packages/tvb/datatypes/surfaces.py:63: UserWarning: Geodesic distance module is unavailable; some functionality for surfaces will be unavailable.
  warnings.warn(msg)
tavg_to_bold step
BOLD shape (T, N): 22 118
/home/mgolmoha/TVB/virtual_ageing/showcase1_ageing/simulation.py:283: VisibleDeprecationWarning: Creating an ndarray from ragged nested sequences (which is a list-or-tuple of lists-or-tuples-or ndarrays with different lengths or shapes) is deprecated. If you meant to do this, you must specify 'dtype=object' when creating the ndarray.
  return numpy.array([k1, k2, k3])
Completed: subject=sub-0001 noise=0.04 G=2.0693023426 dt=0.005, Result=[0.0006378625029589816, 0.12220679565689078, 6.36723179071884, 45.237208127975464]
[1;2;31mflexiblas BLAS backend  "AOCL" not found. Loading default (IMKL) instead.
[0m/home/mgolmoha/TVB/env/lib/python3.7/site-packages/tvb/datatypes/surfaces.py:63: UserWarning: Geodesic distance module is unavailable; some functionality for surfaces will be unavailable.
  warnings.warn(msg)
tavg_to_bold step
BOLD shape (T, N): 22 118
/home/mgolmoha/TVB/virtual_ageing/showcase1_ageing/simulation.py:283: VisibleDeprecationWarning: Creating an ndarray from ragged nested sequences (which is a list-or-tuple of lists-or-tuples-or ndarrays with different lengths or shapes) is deprecated. If you meant to do this, you must specify 'dtype=object' when creating the ndarray.
  return numpy.array([k1, k2, k3])
Completed: subject=sub-0001 noise=0.04 G=2.0694650489 dt=0.005, Result=[0.0006208512566372145, 0.09495294516050516, 6.515902045710728, 45.02436542510986]
[1;2;31mflexiblas BLAS backend  "AOCL" not found. Loading default (IMKL) instead.
[0m/home/mgolmoha/TVB/env/lib/python3.7/site-packages/tvb/datatypes/surfaces.py:63: UserWarning: Geodesic distance module is unavailable; some functionality for surfaces will be unavailable.
  warnings.warn(msg)
tavg_to_bold step
BOLD shape (T, N): 22 118
/home/mgolmoha/TVB/virtual_ageing/showcase1_ageing/simulation.py:283: VisibleDeprecationWarning: Creating an ndarray from ragged nested sequences (which is a list-or-tuple of lists-or-tuples-or ndarrays with different lengths or shapes) is deprecated. If you meant to do this, you must specify 'dtype=object' when creating the ndarray.
  return numpy.array([k1, k2, k3])
Completed: subject=sub-0001 noise=0.04 G=2.0696277552 dt=0.005, Result=[0.0008619225849203799, 0.06670721711747726, 4.4795660386227105, 45.50818133354187]
[1;2;31mflexiblas BLAS backend  "AOCL" not found. Loading default (IMKL) instead.
[0m/home/mgolmoha/TVB/env/lib/python3.7/site-packages/tvb/datatypes/surfaces.py:63: UserWarning: Geodesic distance module is unavailable; some functionality for surfaces will be unavailable.
  warnings.warn(msg)
tavg_to_bold step
BOLD shape (T, N): 22 118
/home/mgolmoha/TVB/virtual_ageing/showcase1_ageing/simulation.py:283: VisibleDeprecationWarning: Creating an ndarray from ragged nested sequences (which is a list-or-tuple of lists-or-tuples-or ndarrays with different lengths or shapes) is deprecated. If you meant to do this, you must specify 'dtype=object' when creating the ndarray.
  return numpy.array([k1, k2, k3])
Completed: subject=sub-0001 noise=0.04 G=2.0697904615 dt=0.005, Result=[0.0011984730421820372, 0.017725211185957875, 10.458574652155901, 45.24290060997009]
[1;2;31mflexiblas BLAS backend  "AOCL" not found. Loading default (IMKL) instead.
[0m/home/mgolmoha/TVB/env/lib/python3.7/site-packages/tvb/datatypes/surfaces.py:63: UserWarning: Geodesic distance module is unavailable; some functionality for surfaces will be unavailable.
  warnings.warn(msg)
tavg_to_bold step
BOLD shape (T, N): 22 118
/home/mgolmoha/TVB/virtual_ageing/showcase1_ageing/simulation.py:283: VisibleDeprecationWarning: Creating an ndarray from ragged nested sequences (which is a list-or-tuple of lists-or-tuples-or ndarrays with different lengths or shapes) is deprecated. If you meant to do this, you must specify 'dtype=object' when creating the ndarray.
  return numpy.array([k1, k2, k3])
Completed: subject=sub-0001 noise=0.04 G=2.0699531678 dt=0.005, Result=[0.0008648614006486724, 0.2410065488392654, 4.724887386508765, 45.18179416656494]
[1;2;31mflexiblas BLAS backend  "AOCL" not found. Loading default (IMKL) instead.
[0m/home/mgolmoha/TVB/env/lib/python3.7/site-packages/tvb/datatypes/surfaces.py:63: UserWarning: Geodesic distance module is unavailable; some functionality for surfaces will be unavailable.
  warnings.warn(msg)
tavg_to_bold step
BOLD shape (T, N): 22 118
/home/mgolmoha/TVB/virtual_ageing/showcase1_ageing/simulation.py:283: VisibleDeprecationWarning: Creating an ndarray from ragged nested sequences (which is a list-or-tuple of lists-or-tuples-or ndarrays with different lengths or shapes) is deprecated. If you meant to do this, you must specify 'dtype=object' when creating the ndarray.
  return numpy.array([k1, k2, k3])
Completed: subject=sub-0001 noise=0.04 G=2.0701158741 dt=0.005, Result=[0.002454201164330429, 0.15160576495547554, 8.675593412734496, 44.668471574783325]
[1;2;31mflexiblas BLAS backend  "AOCL" not found. Loading default (IMKL) instead.
[0m/home/mgolmoha/TVB/env/lib/python3.7/site-packages/tvb/datatypes/surfaces.py:63: UserWarning: Geodesic distance module is unavailable; some functionality for surfaces will be unavailable.
  warnings.warn(msg)
tavg_to_bold step
BOLD shape (T, N): 22 118
/home/mgolmoha/TVB/virtual_ageing/showcase1_ageing/simulation.py:283: VisibleDeprecationWarning: Creating an ndarray from ragged nested sequences (which is a list-or-tuple of lists-or-tuples-or ndarrays with different lengths or shapes) is deprecated. If you meant to do this, you must specify 'dtype=object' when creating the ndarray.
  return numpy.array([k1, k2, k3])
Completed: subject=sub-0001 noise=0.04 G=2.0702785804 dt=0.005, Result=[0.002464024735667027, 0.09860569751083781, 3.4758897190327396, 44.65190625190735]
[1;2;31mflexiblas BLAS backend  "AOCL" not found. Loading default (IMKL) instead.
[0m/home/mgolmoha/TVB/env/lib/python3.7/site-packages/tvb/datatypes/surfaces.py:63: UserWarning: Geodesic distance module is unavailable; some functionality for surfaces will be unavailable.
  warnings.warn(msg)
tavg_to_bold step
BOLD shape (T, N): 22 118
/home/mgolmoha/TVB/virtual_ageing/showcase1_ageing/simulation.py:283: VisibleDeprecationWarning: Creating an ndarray from ragged nested sequences (which is a list-or-tuple of lists-or-tuples-or ndarrays with different lengths or shapes) is deprecated. If you meant to do this, you must specify 'dtype=object' when creating the ndarray.
  return numpy.array([k1, k2, k3])
Completed: subject=sub-0001 noise=0.04 G=2.0704412867 dt=0.005, Result=[0.0014267924099686739, 0.09124439001225591, 2.419166717210345, 44.143877267837524]
[1;2;31mflexiblas BLAS backend  "AOCL" not found. Loading default (IMKL) instead.
[0m/home/mgolmoha/TVB/env/lib/python3.7/site-packages/tvb/datatypes/surfaces.py:63: UserWarning: Geodesic distance module is unavailable; some functionality for surfaces will be unavailable.
  warnings.warn(msg)
tavg_to_bold step
BOLD shape (T, N): 22 118
/home/mgolmoha/TVB/virtual_ageing/showcase1_ageing/simulation.py:283: VisibleDeprecationWarning: Creating an ndarray from ragged nested sequences (which is a list-or-tuple of lists-or-tuples-or ndarrays with different lengths or shapes) is deprecated. If you meant to do this, you must specify 'dtype=object' when creating the ndarray.
  return numpy.array([k1, k2, k3])
Completed: subject=sub-0001 noise=0.04 G=2.070603993 dt=0.005, Result=[0.0006204520791936397, 0.07650386292731232, 4.248326744149944, 44.251312494277954]
[1;2;31mflexiblas BLAS backend  "AOCL" not found. Loading default (IMKL) instead.
[0m/home/mgolmoha/TVB/env/lib/python3.7/site-packages/tvb/datatypes/surfaces.py:63: UserWarning: Geodesic distance module is unavailable; some functionality for surfaces will be unavailable.
  warnings.warn(msg)
tavg_to_bold step
BOLD shape (T, N): 22 118
/home/mgolmoha/TVB/virtual_ageing/showcase1_ageing/simulation.py:283: VisibleDeprecationWarning: Creating an ndarray from ragged nested sequences (which is a list-or-tuple of lists-or-tuples-or ndarrays with different lengths or shapes) is deprecated. If you meant to do this, you must specify 'dtype=object' when creating the ndarray.
  return numpy.array([k1, k2, k3])
Completed: subject=sub-0001 noise=0.04 G=2.0707666993 dt=0.005, Result=[0.0011765541677942108, 0.08811780813758427, 2.936866054713164, 44.76198887825012]
[1;2;31mflexiblas BLAS backend  "AOCL" not found. Loading default (IMKL) instead.
[0m/home/mgolmoha/TVB/env/lib/python3.7/site-packages/tvb/datatypes/surfaces.py:63: UserWarning: Geodesic distance module is unavailable; some functionality for surfaces will be unavailable.
  warnings.warn(msg)
tavg_to_bold step
BOLD shape (T, N): 22 118
/home/mgolmoha/TVB/virtual_ageing/showcase1_ageing/simulation.py:283: VisibleDeprecationWarning: Creating an ndarray from ragged nested sequences (which is a list-or-tuple of lists-or-tuples-or ndarrays with different lengths or shapes) is deprecated. If you meant to do this, you must specify 'dtype=object' when creating the ndarray.
  return numpy.array([k1, k2, k3])
Completed: subject=sub-0001 noise=0.04 G=2.0709294056 dt=0.005, Result=[0.00043080028733402854, 0.1022264091419714, 3.088595730704329, 44.52513670921326]
[1;2;31mflexiblas BLAS backend  "AOCL" not found. Loading default (IMKL) instead.
[0m/home/mgolmoha/TVB/env/lib/python3.7/site-packages/tvb/datatypes/surfaces.py:63: UserWarning: Geodesic distance module is unavailable; some functionality for surfaces will be unavailable.
  warnings.warn(msg)
tavg_to_bold step
BOLD shape (T, N): 22 118
/home/mgolmoha/TVB/virtual_ageing/showcase1_ageing/simulation.py:283: VisibleDeprecationWarning: Creating an ndarray from ragged nested sequences (which is a list-or-tuple of lists-or-tuples-or ndarrays with different lengths or shapes) is deprecated. If you meant to do this, you must specify 'dtype=object' when creating the ndarray.
  return numpy.array([k1, k2, k3])
Completed: subject=sub-0001 noise=0.04 G=2.0710921119 dt=0.005, Result=[0.0027588030482857667, 0.10474294860968275, 6.990222376951763, 44.246541023254395]
[1;2;31mflexiblas BLAS backend  "AOCL" not found. Loading default (IMKL) instead.
[0m/home/mgolmoha/TVB/env/lib/python3.7/site-packages/tvb/datatypes/surfaces.py:63: UserWarning: Geodesic distance module is unavailable; some functionality for surfaces will be unavailable.
  warnings.warn(msg)
tavg_to_bold step
BOLD shape (T, N): 22 118
/home/mgolmoha/TVB/virtual_ageing/showcase1_ageing/simulation.py:283: VisibleDeprecationWarning: Creating an ndarray from ragged nested sequences (which is a list-or-tuple of lists-or-tuples-or ndarrays with different lengths or shapes) is deprecated. If you meant to do this, you must specify 'dtype=object' when creating the ndarray.
  return numpy.array([k1, k2, k3])
Completed: subject=sub-0001 noise=0.04 G=2.0712548182 dt=0.005, Result=[0.000639185270472558, 0.1860033110409549, 5.773913922356018, 44.24231266975403]
[1;2;31mflexiblas BLAS backend  "AOCL" not found. Loading default (IMKL) instead.
[0m/home/mgolmoha/TVB/env/lib/python3.7/site-packages/tvb/datatypes/surfaces.py:63: UserWarning: Geodesic distance module is unavailable; some functionality for surfaces will be unavailable.
  warnings.warn(msg)
tavg_to_bold step
BOLD shape (T, N): 22 118
/home/mgolmoha/TVB/virtual_ageing/showcase1_ageing/simulation.py:283: VisibleDeprecationWarning: Creating an ndarray from ragged nested sequences (which is a list-or-tuple of lists-or-tuples-or ndarrays with different lengths or shapes) is deprecated. If you meant to do this, you must specify 'dtype=object' when creating the ndarray.
  return numpy.array([k1, k2, k3])
Completed: subject=sub-0001 noise=0.04 G=2.0714175245 dt=0.005, Result=[0.0005067510469113398, 0.10723648339101075, 7.645462865447714, 44.48418378829956]
[1;2;31mflexiblas BLAS backend  "AOCL" not found. Loading default (IMKL) instead.
[0m/home/mgolmoha/TVB/env/lib/python3.7/site-packages/tvb/datatypes/surfaces.py:63: UserWarning: Geodesic distance module is unavailable; some functionality for surfaces will be unavailable.
  warnings.warn(msg)
tavg_to_bold step
BOLD shape (T, N): 22 118
/home/mgolmoha/TVB/virtual_ageing/showcase1_ageing/simulation.py:283: VisibleDeprecationWarning: Creating an ndarray from ragged nested sequences (which is a list-or-tuple of lists-or-tuples-or ndarrays with different lengths or shapes) is deprecated. If you meant to do this, you must specify 'dtype=object' when creating the ndarray.
  return numpy.array([k1, k2, k3])
Completed: subject=sub-0001 noise=0.04 G=2.0715802308 dt=0.005, Result=[0.0015550737243792388, 0.15643152221578674, 7.551234430662532, 44.23735475540161]
[1;2;31mflexiblas BLAS backend  "AOCL" not found. Loading default (IMKL) instead.
[0m/home/mgolmoha/TVB/env/lib/python3.7/site-packages/tvb/datatypes/surfaces.py:63: UserWarning: Geodesic distance module is unavailable; some functionality for surfaces will be unavailable.
  warnings.warn(msg)
tavg_to_bold step
BOLD shape (T, N): 22 118
/home/mgolmoha/TVB/virtual_ageing/showcase1_ageing/simulation.py:283: VisibleDeprecationWarning: Creating an ndarray from ragged nested sequences (which is a list-or-tuple of lists-or-tuples-or ndarrays with different lengths or shapes) is deprecated. If you meant to do this, you must specify 'dtype=object' when creating the ndarray.
  return numpy.array([k1, k2, k3])
Completed: subject=sub-0001 noise=0.04 G=2.0717429371 dt=0.005, Result=[0.0007245582253521815, 0.051953838627453945, 4.563936934793105, 43.77664661407471]
[1;2;31mflexiblas BLAS backend  "AOCL" not found. Loading default (IMKL) instead.
[0m/home/mgolmoha/TVB/env/lib/python3.7/site-packages/tvb/datatypes/surfaces.py:63: UserWarning: Geodesic distance module is unavailable; some functionality for surfaces will be unavailable.
  warnings.warn(msg)
tavg_to_bold step
BOLD shape (T, N): 22 118
/home/mgolmoha/TVB/virtual_ageing/showcase1_ageing/simulation.py:283: VisibleDeprecationWarning: Creating an ndarray from ragged nested sequences (which is a list-or-tuple of lists-or-tuples-or ndarrays with different lengths or shapes) is deprecated. If you meant to do this, you must specify 'dtype=object' when creating the ndarray.
  return numpy.array([k1, k2, k3])
Completed: subject=sub-0001 noise=0.04 G=2.0719056434 dt=0.005, Result=[0.0007193284287679031, 0.13858249068758305, 1.8471576675905048, 43.69121074676514]
[1;2;31mflexiblas BLAS backend  "AOCL" not found. Loading default (IMKL) instead.
[0m/home/mgolmoha/TVB/env/lib/python3.7/site-packages/tvb/datatypes/surfaces.py:63: UserWarning: Geodesic distance module is unavailable; some functionality for surfaces will be unavailable.
  warnings.warn(msg)
tavg_to_bold step
BOLD shape (T, N): 22 118
/home/mgolmoha/TVB/virtual_ageing/showcase1_ageing/simulation.py:283: VisibleDeprecationWarning: Creating an ndarray from ragged nested sequences (which is a list-or-tuple of lists-or-tuples-or ndarrays with different lengths or shapes) is deprecated. If you meant to do this, you must specify 'dtype=object' when creating the ndarray.
  return numpy.array([k1, k2, k3])
Completed: subject=sub-0001 noise=0.04 G=2.0720683497 dt=0.005, Result=[0.000656970682770326, 0.03652311757931566, 6.16230707119111, 43.46441626548767]
