[1;2;31mflexiblas BLAS backend  "AOCL" not found. Loading default (IMKL) instead.
[0m/home/mgolmoha/TVB/env/lib/python3.7/site-packages/tvb/datatypes/surfaces.py:63: UserWarning: Geodesic distance module is unavailable; some functionality for surfaces will be unavailable.
  warnings.warn(msg)
tavg_to_bold step
BOLD shape (T, N): 22 118
/home/mgolmoha/TVB/virtual_ageing/showcase1_ageing/simulation.py:283: VisibleDeprecationWarning: Creating an ndarray from ragged nested sequences (which is a list-or-tuple of lists-or-tuples-or ndarrays with different lengths or shapes) is deprecated. If you meant to do this, you must specify 'dtype=object' when creating the ndarray.
  return numpy.array([k1, k2, k3])
Completed: subject=sub-0001 noise=0.04 G=2.088501686 dt=0.005, Result=[0.0018903209603981432, 0.1486231997903572, 4.513061942584942, 45.88534331321716]
[1;2;31mflexiblas BLAS backend  "AOCL" not found. Loading default (IMKL) instead.
[0m/home/mgolmoha/TVB/env/lib/python3.7/site-packages/tvb/datatypes/surfaces.py:63: UserWarning: Geodesic distance module is unavailable; some functionality for surfaces will be unavailable.
  warnings.warn(msg)
tavg_to_bold step
BOLD shape (T, N): 22 118
/home/mgolmoha/TVB/virtual_ageing/showcase1_ageing/simulation.py:283: VisibleDeprecationWarning: Creating an ndarray from ragged nested sequences (which is a list-or-tuple of lists-or-tuples-or ndarrays with different lengths or shapes) is deprecated. If you meant to do this, you must specify 'dtype=object' when creating the ndarray.
  return numpy.array([k1, k2, k3])
Completed: subject=sub-0001 noise=0.04 G=2.0886643923 dt=0.005, Result=[0.002076910431385158, 0.28340425492349947, 5.572694788811068, 45.28343987464905]
[1;2;31mflexiblas BLAS backend  "AOCL" not found. Loading default (IMKL) instead.
[0m/home/mgolmoha/TVB/env/lib/python3.7/site-packages/tvb/datatypes/surfaces.py:63: UserWarning: Geodesic distance module is unavailable; some functionality for surfaces will be unavailable.
  warnings.warn(msg)
tavg_to_bold step
BOLD shape (T, N): 22 118
/home/mgolmoha/TVB/virtual_ageing/showcase1_ageing/simulation.py:283: VisibleDeprecationWarning: Creating an ndarray from ragged nested sequences (which is a list-or-tuple of lists-or-tuples-or ndarrays with different lengths or shapes) is deprecated. If you meant to do this, you must specify 'dtype=object' when creating the ndarray.
  return numpy.array([k1, k2, k3])
Completed: subject=sub-0001 noise=0.04 G=2.0888270986 dt=0.005, Result=[0.001193638843912699, 0.21333165310560728, 0.4967687572477182, 45.42050743103027]
[1;2;31mflexiblas BLAS backend  "AOCL" not found. Loading default (IMKL) instead.
[0m/home/mgolmoha/TVB/env/lib/python3.7/site-packages/tvb/datatypes/surfaces.py:63: UserWarning: Geodesic distance module is unavailable; some functionality for surfaces will be unavailable.
  warnings.warn(msg)
tavg_to_bold step
BOLD shape (T, N): 22 118
/home/mgolmoha/TVB/virtual_ageing/showcase1_ageing/simulation.py:283: VisibleDeprecationWarning: Creating an ndarray from ragged nested sequences (which is a list-or-tuple of lists-or-tuples-or ndarrays with different lengths or shapes) is deprecated. If you meant to do this, you must specify 'dtype=object' when creating the ndarray.
  return numpy.array([k1, k2, k3])
Completed: subject=sub-0001 noise=0.04 G=2.0889898049 dt=0.005, Result=[0.0007182076714748031, 0.1793479348481066, 6.915496370671651, 45.530497312545776]
[1;2;31mflexiblas BLAS backend  "AOCL" not found. Loading default (IMKL) instead.
[0m/home/mgolmoha/TVB/env/lib/python3.7/site-packages/tvb/datatypes/surfaces.py:63: UserWarning: Geodesic distance module is unavailable; some functionality for surfaces will be unavailable.
  warnings.warn(msg)
tavg_to_bold step
BOLD shape (T, N): 22 118
/home/mgolmoha/TVB/virtual_ageing/showcase1_ageing/simulation.py:283: VisibleDeprecationWarning: Creating an ndarray from ragged nested sequences (which is a list-or-tuple of lists-or-tuples-or ndarrays with different lengths or shapes) is deprecated. If you meant to do this, you must specify 'dtype=object' when creating the ndarray.
  return numpy.array([k1, k2, k3])
Completed: subject=sub-0001 noise=0.04 G=2.0891525112 dt=0.005, Result=[0.000822226434779443, 0.13040289661845667, 6.167232207741298, 45.67466115951538]
[1;2;31mflexiblas BLAS backend  "AOCL" not found. Loading default (IMKL) instead.
[0m/home/mgolmoha/TVB/env/lib/python3.7/site-packages/tvb/datatypes/surfaces.py:63: UserWarning: Geodesic distance module is unavailable; some functionality for surfaces will be unavailable.
  warnings.warn(msg)
tavg_to_bold step
BOLD shape (T, N): 22 118
/home/mgolmoha/TVB/virtual_ageing/showcase1_ageing/simulation.py:283: VisibleDeprecationWarning: Creating an ndarray from ragged nested sequences (which is a list-or-tuple of lists-or-tuples-or ndarrays with different lengths or shapes) is deprecated. If you meant to do this, you must specify 'dtype=object' when creating the ndarray.
  return numpy.array([k1, k2, k3])
Completed: subject=sub-0001 noise=0.04 G=2.0893152175 dt=0.005, Result=[0.0017708682582500174, 0.05835375208445507, 3.5938709787161827, 45.439536571502686]
[1;2;31mflexiblas BLAS backend  "AOCL" not found. Loading default (IMKL) instead.
[0m/home/mgolmoha/TVB/env/lib/python3.7/site-packages/tvb/datatypes/surfaces.py:63: UserWarning: Geodesic distance module is unavailable; some functionality for surfaces will be unavailable.
  warnings.warn(msg)
tavg_to_bold step
BOLD shape (T, N): 22 118
/home/mgolmoha/TVB/virtual_ageing/showcase1_ageing/simulation.py:283: VisibleDeprecationWarning: Creating an ndarray from ragged nested sequences (which is a list-or-tuple of lists-or-tuples-or ndarrays with different lengths or shapes) is deprecated. If you meant to do this, you must specify 'dtype=object' when creating the ndarray.
  return numpy.array([k1, k2, k3])
Completed: subject=sub-0001 noise=0.04 G=2.0894779238 dt=0.005, Result=[0.001592033826881623, 0.15236801793941707, 7.6423606169226055, 44.737425565719604]
[1;2;31mflexiblas BLAS backend  "AOCL" not found. Loading default (IMKL) instead.
[0m/home/mgolmoha/TVB/env/lib/python3.7/site-packages/tvb/datatypes/surfaces.py:63: UserWarning: Geodesic distance module is unavailable; some functionality for surfaces will be unavailable.
  warnings.warn(msg)
tavg_to_bold step
BOLD shape (T, N): 22 118
/home/mgolmoha/TVB/virtual_ageing/showcase1_ageing/simulation.py:283: VisibleDeprecationWarning: Creating an ndarray from ragged nested sequences (which is a list-or-tuple of lists-or-tuples-or ndarrays with different lengths or shapes) is deprecated. If you meant to do this, you must specify 'dtype=object' when creating the ndarray.
  return numpy.array([k1, k2, k3])
Completed: subject=sub-0001 noise=0.04 G=2.0896406301 dt=0.005, Result=[0.00038517597699389754, 0.1933295234054414, 5.901769420680555, 44.80449151992798]
[1;2;31mflexiblas BLAS backend  "AOCL" not found. Loading default (IMKL) instead.
[0m/home/mgolmoha/TVB/env/lib/python3.7/site-packages/tvb/datatypes/surfaces.py:63: UserWarning: Geodesic distance module is unavailable; some functionality for surfaces will be unavailable.
  warnings.warn(msg)
tavg_to_bold step
BOLD shape (T, N): 22 118
/home/mgolmoha/TVB/virtual_ageing/showcase1_ageing/simulation.py:283: VisibleDeprecationWarning: Creating an ndarray from ragged nested sequences (which is a list-or-tuple of lists-or-tuples-or ndarrays with different lengths or shapes) is deprecated. If you meant to do this, you must specify 'dtype=object' when creating the ndarray.
  return numpy.array([k1, k2, k3])
Completed: subject=sub-0001 noise=0.04 G=2.0898033364 dt=0.005, Result=[0.0011390006536217106, 0.09973557956448725, 2.561272695719028, 44.53507399559021]
[1;2;31mflexiblas BLAS backend  "AOCL" not found. Loading default (IMKL) instead.
[0m/home/mgolmoha/TVB/env/lib/python3.7/site-packages/tvb/datatypes/surfaces.py:63: UserWarning: Geodesic distance module is unavailable; some functionality for surfaces will be unavailable.
  warnings.warn(msg)
tavg_to_bold step
BOLD shape (T, N): 22 118
/home/mgolmoha/TVB/virtual_ageing/showcase1_ageing/simulation.py:283: VisibleDeprecationWarning: Creating an ndarray from ragged nested sequences (which is a list-or-tuple of lists-or-tuples-or ndarrays with different lengths or shapes) is deprecated. If you meant to do this, you must specify 'dtype=object' when creating the ndarray.
  return numpy.array([k1, k2, k3])
Completed: subject=sub-0001 noise=0.04 G=2.0899660427 dt=0.005, Result=[0.0009262545019939881, 0.07548653139128632, 6.243015914670568, 44.247204303741455]
[1;2;31mflexiblas BLAS backend  "AOCL" not found. Loading default (IMKL) instead.
[0m/home/mgolmoha/TVB/env/lib/python3.7/site-packages/tvb/datatypes/surfaces.py:63: UserWarning: Geodesic distance module is unavailable; some functionality for surfaces will be unavailable.
  warnings.warn(msg)
tavg_to_bold step
BOLD shape (T, N): 22 118
/home/mgolmoha/TVB/virtual_ageing/showcase1_ageing/simulation.py:283: VisibleDeprecationWarning: Creating an ndarray from ragged nested sequences (which is a list-or-tuple of lists-or-tuples-or ndarrays with different lengths or shapes) is deprecated. If you meant to do this, you must specify 'dtype=object' when creating the ndarray.
  return numpy.array([k1, k2, k3])
Completed: subject=sub-0001 noise=0.04 G=2.090128749 dt=0.005, Result=[0.0035275128976918267, 0.06174793878072015, 7.4142577527826905, 44.35207796096802]
[1;2;31mflexiblas BLAS backend  "AOCL" not found. Loading default (IMKL) instead.
[0m/home/mgolmoha/TVB/env/lib/python3.7/site-packages/tvb/datatypes/surfaces.py:63: UserWarning: Geodesic distance module is unavailable; some functionality for surfaces will be unavailable.
  warnings.warn(msg)
tavg_to_bold step
BOLD shape (T, N): 22 118
/home/mgolmoha/TVB/virtual_ageing/showcase1_ageing/simulation.py:283: VisibleDeprecationWarning: Creating an ndarray from ragged nested sequences (which is a list-or-tuple of lists-or-tuples-or ndarrays with different lengths or shapes) is deprecated. If you meant to do this, you must specify 'dtype=object' when creating the ndarray.
  return numpy.array([k1, k2, k3])
Completed: subject=sub-0001 noise=0.04 G=2.0902914553 dt=0.005, Result=[0.002311890476804705, 0.30935952310080056, 6.43952673062979, 44.78182792663574]
[1;2;31mflexiblas BLAS backend  "AOCL" not found. Loading default (IMKL) instead.
[0m/home/mgolmoha/TVB/env/lib/python3.7/site-packages/tvb/datatypes/surfaces.py:63: UserWarning: Geodesic distance module is unavailable; some functionality for surfaces will be unavailable.
  warnings.warn(msg)
tavg_to_bold step
BOLD shape (T, N): 22 118
/home/mgolmoha/TVB/virtual_ageing/showcase1_ageing/simulation.py:283: VisibleDeprecationWarning: Creating an ndarray from ragged nested sequences (which is a list-or-tuple of lists-or-tuples-or ndarrays with different lengths or shapes) is deprecated. If you meant to do this, you must specify 'dtype=object' when creating the ndarray.
  return numpy.array([k1, k2, k3])
Completed: subject=sub-0001 noise=0.04 G=2.0904541616 dt=0.005, Result=[0.0044437716185798054, 0.24496687470312506, 3.4342927532813903, 44.339943647384644]
[1;2;31mflexiblas BLAS backend  "AOCL" not found. Loading default (IMKL) instead.
[0m/home/mgolmoha/TVB/env/lib/python3.7/site-packages/tvb/datatypes/surfaces.py:63: UserWarning: Geodesic distance module is unavailable; some functionality for surfaces will be unavailable.
  warnings.warn(msg)
tavg_to_bold step
BOLD shape (T, N): 22 118
/home/mgolmoha/TVB/virtual_ageing/showcase1_ageing/simulation.py:283: VisibleDeprecationWarning: Creating an ndarray from ragged nested sequences (which is a list-or-tuple of lists-or-tuples-or ndarrays with different lengths or shapes) is deprecated. If you meant to do this, you must specify 'dtype=object' when creating the ndarray.
  return numpy.array([k1, k2, k3])
Completed: subject=sub-0001 noise=0.04 G=2.0906168679 dt=0.005, Result=[0.00100408972612968, 0.1267389090276611, 8.867677222656038, 44.608436584472656]
[1;2;31mflexiblas BLAS backend  "AOCL" not found. Loading default (IMKL) instead.
[0m/home/mgolmoha/TVB/env/lib/python3.7/site-packages/tvb/datatypes/surfaces.py:63: UserWarning: Geodesic distance module is unavailable; some functionality for surfaces will be unavailable.
  warnings.warn(msg)
tavg_to_bold step
BOLD shape (T, N): 22 118
/home/mgolmoha/TVB/virtual_ageing/showcase1_ageing/simulation.py:283: VisibleDeprecationWarning: Creating an ndarray from ragged nested sequences (which is a list-or-tuple of lists-or-tuples-or ndarrays with different lengths or shapes) is deprecated. If you meant to do this, you must specify 'dtype=object' when creating the ndarray.
  return numpy.array([k1, k2, k3])
Completed: subject=sub-0001 noise=0.04 G=2.0907795742 dt=0.005, Result=[0.000925094173699893, 0.22997589399080273, 4.981974047690638, 44.77158284187317]
[1;2;31mflexiblas BLAS backend  "AOCL" not found. Loading default (IMKL) instead.
[0m/home/mgolmoha/TVB/env/lib/python3.7/site-packages/tvb/datatypes/surfaces.py:63: UserWarning: Geodesic distance module is unavailable; some functionality for surfaces will be unavailable.
  warnings.warn(msg)
tavg_to_bold step
BOLD shape (T, N): 22 118
/home/mgolmoha/TVB/virtual_ageing/showcase1_ageing/simulation.py:283: VisibleDeprecationWarning: Creating an ndarray from ragged nested sequences (which is a list-or-tuple of lists-or-tuples-or ndarrays with different lengths or shapes) is deprecated. If you meant to do this, you must specify 'dtype=object' when creating the ndarray.
  return numpy.array([k1, k2, k3])
Completed: subject=sub-0001 noise=0.04 G=2.0909422805 dt=0.005, Result=[0.002005112613359755, 0.16653317271483797, 3.2712644976721137, 44.68025350570679]
[1;2;31mflexiblas BLAS backend  "AOCL" not found. Loading default (IMKL) instead.
[0m/home/mgolmoha/TVB/env/lib/python3.7/site-packages/tvb/datatypes/surfaces.py:63: UserWarning: Geodesic distance module is unavailable; some functionality for surfaces will be unavailable.
  warnings.warn(msg)
tavg_to_bold step
BOLD shape (T, N): 22 118
/home/mgolmoha/TVB/virtual_ageing/showcase1_ageing/simulation.py:283: VisibleDeprecationWarning: Creating an ndarray from ragged nested sequences (which is a list-or-tuple of lists-or-tuples-or ndarrays with different lengths or shapes) is deprecated. If you meant to do this, you must specify 'dtype=object' when creating the ndarray.
  return numpy.array([k1, k2, k3])
Completed: subject=sub-0001 noise=0.04 G=2.0911049868 dt=0.005, Result=[0.0017986293829841528, 0.23221594558053457, 5.7906944577598605, 44.455358266830444]
[1;2;31mflexiblas BLAS backend  "AOCL" not found. Loading default (IMKL) instead.
[0m/home/mgolmoha/TVB/env/lib/python3.7/site-packages/tvb/datatypes/surfaces.py:63: UserWarning: Geodesic distance module is unavailable; some functionality for surfaces will be unavailable.
  warnings.warn(msg)
tavg_to_bold step
BOLD shape (T, N): 22 118
/home/mgolmoha/TVB/virtual_ageing/showcase1_ageing/simulation.py:283: VisibleDeprecationWarning: Creating an ndarray from ragged nested sequences (which is a list-or-tuple of lists-or-tuples-or ndarrays with different lengths or shapes) is deprecated. If you meant to do this, you must specify 'dtype=object' when creating the ndarray.
  return numpy.array([k1, k2, k3])
Completed: subject=sub-0001 noise=0.04 G=2.0912676931 dt=0.005, Result=[0.0008284030543273277, 0.2502773241015375, 4.979240337858366, 44.33296847343445]
[1;2;31mflexiblas BLAS backend  "AOCL" not found. Loading default (IMKL) instead.
[0m/home/mgolmoha/TVB/env/lib/python3.7/site-packages/tvb/datatypes/surfaces.py:63: UserWarning: Geodesic distance module is unavailable; some functionality for surfaces will be unavailable.
  warnings.warn(msg)
tavg_to_bold step
BOLD shape (T, N): 22 118
/home/mgolmoha/TVB/virtual_ageing/showcase1_ageing/simulation.py:283: VisibleDeprecationWarning: Creating an ndarray from ragged nested sequences (which is a list-or-tuple of lists-or-tuples-or ndarrays with different lengths or shapes) is deprecated. If you meant to do this, you must specify 'dtype=object' when creating the ndarray.
  return numpy.array([k1, k2, k3])
Completed: subject=sub-0001 noise=0.04 G=2.0914303994 dt=0.005, Result=[0.000702187981946433, 0.10376733880001086, 5.171060178358335, 44.088024854660034]
[1;2;31mflexiblas BLAS backend  "AOCL" not found. Loading default (IMKL) instead.
[0m/home/mgolmoha/TVB/env/lib/python3.7/site-packages/tvb/datatypes/surfaces.py:63: UserWarning: Geodesic distance module is unavailable; some functionality for surfaces will be unavailable.
  warnings.warn(msg)
tavg_to_bold step
BOLD shape (T, N): 22 118
/home/mgolmoha/TVB/virtual_ageing/showcase1_ageing/simulation.py:283: VisibleDeprecationWarning: Creating an ndarray from ragged nested sequences (which is a list-or-tuple of lists-or-tuples-or ndarrays with different lengths or shapes) is deprecated. If you meant to do this, you must specify 'dtype=object' when creating the ndarray.
  return numpy.array([k1, k2, k3])
Completed: subject=sub-0001 noise=0.04 G=2.0915931057 dt=0.005, Result=[0.0006504042381816507, 0.2066488627171359, 5.221347602060742, 43.6948459148407]
