[1;2;31mflexiblas BLAS backend  "AOCL" not found. Loading default (IMKL) instead.
[0m/home/mgolmoha/TVB/env/lib/python3.7/site-packages/tvb/datatypes/surfaces.py:63: UserWarning: Geodesic distance module is unavailable; some functionality for surfaces will be unavailable.
  warnings.warn(msg)
--- Logging error ---
Traceback (most recent call last):
  File "/home/mgolmoha/TVB/env/lib/python3.7/site-packages/tvb/basic/neotraits/_attr.py", line 118, in _post_bind_validate
    hash(self.default)
TypeError: unhashable type: 'dict'

During handling of the above exception, another exception occurred:

Traceback (most recent call last):
  File "/cvmfs/soft.computecanada.ca/gentoo/2020/usr/lib/python3.7/logging/handlers.py", line 70, in emit
    self.doRollover()
  File "/cvmfs/soft.computecanada.ca/gentoo/2020/usr/lib/python3.7/logging/handlers.py", line 393, in doRollover
    os.remove(dfn)
FileNotFoundError: [Errno 2] No such file or directory: '/home/mgolmoha/.tvb-temp/logs/library.log.2025-12-07'
Call stack:
  File "/scratch/mgolmoha/TVB_Brown_Bag/tvb_study_group/Session_7-SBI/SBI-TVB/single_sim_handler.py", line 5, in <module>
    import montbrio_simulation
  File "<frozen importlib._bootstrap>", line 983, in _find_and_load
  File "<frozen importlib._bootstrap>", line 967, in _find_and_load_unlocked
  File "<frozen importlib._bootstrap>", line 677, in _load_unlocked
  File "<frozen importlib._bootstrap_external>", line 728, in exec_module
  File "<frozen importlib._bootstrap>", line 219, in _call_with_frames_removed
  File "/scratch/mgolmoha/TVB_Brown_Bag/tvb_study_group/Session_7-SBI/SBI-TVB/montbrio_simulation.py", line 3, in <module>
    import showcase1_ageing as utils
  File "<frozen importlib._bootstrap>", line 983, in _find_and_load
  File "<frozen importlib._bootstrap>", line 967, in _find_and_load_unlocked
  File "<frozen importlib._bootstrap>", line 677, in _load_unlocked
  File "<frozen importlib._bootstrap_external>", line 728, in exec_module
  File "<frozen importlib._bootstrap>", line 219, in _call_with_frames_removed
  File "/home/mgolmoha/TVB/virtual_ageing/showcase1_ageing/__init__.py", line 2, in <module>
    from .phase_plane import phase_plane_interactive
  File "<frozen importlib._bootstrap>", line 983, in _find_and_load
  File "<frozen importlib._bootstrap>", line 967, in _find_and_load_unlocked
  File "<frozen importlib._bootstrap>", line 677, in _load_unlocked
  File "<frozen importlib._bootstrap_external>", line 728, in exec_module
  File "<frozen importlib._bootstrap>", line 219, in _call_with_frames_removed
  File "/home/mgolmoha/TVB/virtual_ageing/showcase1_ageing/phase_plane.py", line 6, in <module>
    from tvb.simulator.lab import integrators
  File "<frozen importlib._bootstrap>", line 983, in _find_and_load
  File "<frozen importlib._bootstrap>", line 967, in _find_and_load_unlocked
  File "<frozen importlib._bootstrap>", line 677, in _load_unlocked
  File "<frozen importlib._bootstrap_external>", line 728, in exec_module
  File "<frozen importlib._bootstrap>", line 219, in _call_with_frames_removed
  File "/home/mgolmoha/TVB/env/lib/python3.7/site-packages/tvb/simulator/lab.py", line 57, in <module>
    from tvb.simulator import (simulator, models, coupling, integrators, monitors, noise)
  File "<frozen importlib._bootstrap>", line 1035, in _handle_fromlist
  File "<frozen importlib._bootstrap>", line 219, in _call_with_frames_removed
  File "<frozen importlib._bootstrap>", line 983, in _find_and_load
  File "<frozen importlib._bootstrap>", line 967, in _find_and_load_unlocked
  File "<frozen importlib._bootstrap>", line 677, in _load_unlocked
  File "<frozen importlib._bootstrap_external>", line 728, in exec_module
  File "<frozen importlib._bootstrap>", line 219, in _call_with_frames_removed
  File "/home/mgolmoha/TVB/env/lib/python3.7/site-packages/tvb/simulator/simulator.py", line 49, in <module>
    from tvb.simulator import models, integrators, monitors, coupling
  File "<frozen importlib._bootstrap>", line 1035, in _handle_fromlist
  File "<frozen importlib._bootstrap>", line 219, in _call_with_frames_removed
  File "<frozen importlib._bootstrap>", line 983, in _find_and_load
  File "<frozen importlib._bootstrap>", line 967, in _find_and_load_unlocked
  File "<frozen importlib._bootstrap>", line 677, in _load_unlocked
  File "<frozen importlib._bootstrap_external>", line 728, in exec_module
  File "<frozen importlib._bootstrap>", line 219, in _call_with_frames_removed
  File "/home/mgolmoha/TVB/env/lib/python3.7/site-packages/tvb/simulator/monitors.py", line 60, in <module>
    from tvb.datatypes.time_series import (TimeSeries, TimeSeriesRegion, TimeSeriesEEG, TimeSeriesMEG, TimeSeriesSEEG,
  File "<frozen importlib._bootstrap>", line 983, in _find_and_load
  File "<frozen importlib._bootstrap>", line 967, in _find_and_load_unlocked
  File "<frozen importlib._bootstrap>", line 677, in _load_unlocked
  File "<frozen importlib._bootstrap_external>", line 728, in exec_module
  File "<frozen importlib._bootstrap>", line 219, in _call_with_frames_removed
  File "/home/mgolmoha/TVB/env/lib/python3.7/site-packages/tvb/datatypes/time_series.py", line 44, in <module>
    class TimeSeries(HasTraits):
  File "/home/mgolmoha/TVB/env/lib/python3.7/site-packages/tvb/basic/neotraits/_declarative_base.py", line 232, in __new__
    v._post_bind_validate()
  File "/home/mgolmoha/TVB/env/lib/python3.7/site-packages/tvb/basic/neotraits/_attr.py", line 121, in _post_bind_validate
    'Consider using a lambda as a value factory \n   attribute {}'.format(self))
Message: "Field seems mutable and has a default value. Consider using a lambda as a value factory \n   attribute tvb.datatypes.time_series.TimeSeries.labels_dimensions = Attr(field_type=<class 'dict'>, default={}, required=True)"
Arguments: ()
--- Logging error ---
Traceback (most recent call last):
  File "/home/mgolmoha/TVB/env/lib/python3.7/site-packages/tvb/basic/neotraits/_attr.py", line 118, in _post_bind_validate
    hash(self.default)
TypeError: unhashable type: 'dict'

During handling of the above exception, another exception occurred:

Traceback (most recent call last):
  File "/cvmfs/soft.computecanada.ca/gentoo/2020/usr/lib/python3.7/logging/handlers.py", line 70, in emit
    self.doRollover()
  File "/cvmfs/soft.computecanada.ca/gentoo/2020/usr/lib/python3.7/logging/handlers.py", line 393, in doRollover
    os.remove(dfn)
FileNotFoundError: [Errno 2] No such file or directory: '/home/mgolmoha/.tvb-temp/logs/library.log.2025-12-07'
Call stack:
  File "/scratch/mgolmoha/TVB_Brown_Bag/tvb_study_group/Session_7-SBI/SBI-TVB/single_sim_handler.py", line 5, in <module>
    import montbrio_simulation
  File "<frozen importlib._bootstrap>", line 983, in _find_and_load
  File "<frozen importlib._bootstrap>", line 967, in _find_and_load_unlocked
  File "<frozen importlib._bootstrap>", line 677, in _load_unlocked
  File "<frozen importlib._bootstrap_external>", line 728, in exec_module
  File "<frozen importlib._bootstrap>", line 219, in _call_with_frames_removed
  File "/scratch/mgolmoha/TVB_Brown_Bag/tvb_study_group/Session_7-SBI/SBI-TVB/montbrio_simulation.py", line 3, in <module>
    import showcase1_ageing as utils
  File "<frozen importlib._bootstrap>", line 983, in _find_and_load
  File "<frozen importlib._bootstrap>", line 967, in _find_and_load_unlocked
  File "<frozen importlib._bootstrap>", line 677, in _load_unlocked
  File "<frozen importlib._bootstrap_external>", line 728, in exec_module
  File "<frozen importlib._bootstrap>", line 219, in _call_with_frames_removed
  File "/home/mgolmoha/TVB/virtual_ageing/showcase1_ageing/__init__.py", line 2, in <module>
    from .phase_plane import phase_plane_interactive
  File "<frozen importlib._bootstrap>", line 983, in _find_and_load
  File "<frozen importlib._bootstrap>", line 967, in _find_and_load_unlocked
  File "<frozen importlib._bootstrap>", line 677, in _load_unlocked
  File "<frozen importlib._bootstrap_external>", line 728, in exec_module
  File "<frozen importlib._bootstrap>", line 219, in _call_with_frames_removed
  File "/home/mgolmoha/TVB/virtual_ageing/showcase1_ageing/phase_plane.py", line 6, in <module>
    from tvb.simulator.lab import integrators
  File "<frozen importlib._bootstrap>", line 983, in _find_and_load
  File "<frozen importlib._bootstrap>", line 967, in _find_and_load_unlocked
  File "<frozen importlib._bootstrap>", line 677, in _load_unlocked
  File "<frozen importlib._bootstrap_external>", line 728, in exec_module
  File "<frozen importlib._bootstrap>", line 219, in _call_with_frames_removed
  File "/home/mgolmoha/TVB/env/lib/python3.7/site-packages/tvb/simulator/lab.py", line 57, in <module>
    from tvb.simulator import (simulator, models, coupling, integrators, monitors, noise)
  File "<frozen importlib._bootstrap>", line 1035, in _handle_fromlist
  File "<frozen importlib._bootstrap>", line 219, in _call_with_frames_removed
  File "<frozen importlib._bootstrap>", line 983, in _find_and_load
  File "<frozen importlib._bootstrap>", line 967, in _find_and_load_unlocked
  File "<frozen importlib._bootstrap>", line 677, in _load_unlocked
  File "<frozen importlib._bootstrap_external>", line 728, in exec_module
  File "<frozen importlib._bootstrap>", line 219, in _call_with_frames_removed
  File "/home/mgolmoha/TVB/env/lib/python3.7/site-packages/tvb/simulator/simulator.py", line 49, in <module>
    from tvb.simulator import models, integrators, monitors, coupling
  File "<frozen importlib._bootstrap>", line 1035, in _handle_fromlist
  File "<frozen importlib._bootstrap>", line 219, in _call_with_frames_removed
  File "<frozen importlib._bootstrap>", line 983, in _find_and_load
  File "<frozen importlib._bootstrap>", line 967, in _find_and_load_unlocked
  File "<frozen importlib._bootstrap>", line 677, in _load_unlocked
  File "<frozen importlib._bootstrap_external>", line 728, in exec_module
  File "<frozen importlib._bootstrap>", line 219, in _call_with_frames_removed
  File "/home/mgolmoha/TVB/env/lib/python3.7/site-packages/tvb/simulator/monitors.py", line 64, in <module>
    import tvb.datatypes.projections as projections_module
  File "<frozen importlib._bootstrap>", line 983, in _find_and_load
  File "<frozen importlib._bootstrap>", line 967, in _find_and_load_unlocked
  File "<frozen importlib._bootstrap>", line 677, in _load_unlocked
  File "<frozen importlib._bootstrap_external>", line 728, in exec_module
  File "<frozen importlib._bootstrap>", line 219, in _call_with_frames_removed
  File "/home/mgolmoha/TVB/env/lib/python3.7/site-packages/tvb/datatypes/projections.py", line 47, in <module>
    class ProjectionMatrix(HasTraits):
  File "/home/mgolmoha/TVB/env/lib/python3.7/site-packages/tvb/basic/neotraits/_declarative_base.py", line 232, in __new__
    v._post_bind_validate()
  File "/home/mgolmoha/TVB/env/lib/python3.7/site-packages/tvb/basic/neotraits/_attr.py", line 121, in _post_bind_validate
    'Consider using a lambda as a value factory \n   attribute {}'.format(self))
Message: "Field seems mutable and has a default value. Consider using a lambda as a value factory \n   attribute tvb.datatypes.projections.ProjectionMatrix.conductances = Attr(field_type=<class 'dict'>, default={'air': 0.0, 'skin': 1.0, 'skull': 0.01, 'brain': 1.0}, required=False)"
Arguments: ()
--- Logging error ---
Traceback (most recent call last):
  File "/cvmfs/soft.computecanada.ca/gentoo/2020/usr/lib/python3.7/logging/handlers.py", line 70, in emit
    self.doRollover()
  File "/cvmfs/soft.computecanada.ca/gentoo/2020/usr/lib/python3.7/logging/handlers.py", line 393, in doRollover
    os.remove(dfn)
FileNotFoundError: [Errno 2] No such file or directory: '/home/mgolmoha/.tvb-temp/logs/library.log.2025-12-07'
Call stack:
  File "/scratch/mgolmoha/TVB_Brown_Bag/tvb_study_group/Session_7-SBI/SBI-TVB/single_sim_handler.py", line 5, in <module>
    import montbrio_simulation
  File "<frozen importlib._bootstrap>", line 983, in _find_and_load
  File "<frozen importlib._bootstrap>", line 967, in _find_and_load_unlocked
  File "<frozen importlib._bootstrap>", line 677, in _load_unlocked
  File "<frozen importlib._bootstrap_external>", line 728, in exec_module
  File "<frozen importlib._bootstrap>", line 219, in _call_with_frames_removed
  File "/scratch/mgolmoha/TVB_Brown_Bag/tvb_study_group/Session_7-SBI/SBI-TVB/montbrio_simulation.py", line 3, in <module>
    import showcase1_ageing as utils
  File "<frozen importlib._bootstrap>", line 983, in _find_and_load
  File "<frozen importlib._bootstrap>", line 967, in _find_and_load_unlocked
  File "<frozen importlib._bootstrap>", line 677, in _load_unlocked
  File "<frozen importlib._bootstrap_external>", line 728, in exec_module
  File "<frozen importlib._bootstrap>", line 219, in _call_with_frames_removed
  File "/home/mgolmoha/TVB/virtual_ageing/showcase1_ageing/__init__.py", line 2, in <module>
    from .phase_plane import phase_plane_interactive
  File "<frozen importlib._bootstrap>", line 983, in _find_and_load
  File "<frozen importlib._bootstrap>", line 967, in _find_and_load_unlocked
  File "<frozen importlib._bootstrap>", line 677, in _load_unlocked
  File "<frozen importlib._bootstrap_external>", line 728, in exec_module
  File "<frozen importlib._bootstrap>", line 219, in _call_with_frames_removed
  File "/home/mgolmoha/TVB/virtual_ageing/showcase1_ageing/phase_plane.py", line 6, in <module>
    from tvb.simulator.lab import integrators
  File "<frozen importlib._bootstrap>", line 983, in _find_and_load
  File "<frozen importlib._bootstrap>", line 967, in _find_and_load_unlocked
  File "<frozen importlib._bootstrap>", line 677, in _load_unlocked
  File "<frozen importlib._bootstrap_external>", line 728, in exec_module
  File "<frozen importlib._bootstrap>", line 219, in _call_with_frames_removed
  File "/home/mgolmoha/TVB/env/lib/python3.7/site-packages/tvb/simulator/lab.py", line 57, in <module>
    from tvb.simulator import (simulator, models, coupling, integrators, monitors, noise)
  File "<frozen importlib._bootstrap>", line 1035, in _handle_fromlist
  File "<frozen importlib._bootstrap>", line 219, in _call_with_frames_removed
  File "<frozen importlib._bootstrap>", line 983, in _find_and_load
  File "<frozen importlib._bootstrap>", line 967, in _find_and_load_unlocked
  File "<frozen importlib._bootstrap>", line 677, in _load_unlocked
  File "<frozen importlib._bootstrap_external>", line 728, in exec_module
  File "<frozen importlib._bootstrap>", line 219, in _call_with_frames_removed
  File "/home/mgolmoha/TVB/env/lib/python3.7/site-packages/tvb/simulator/simulator.py", line 49, in <module>
    from tvb.simulator import models, integrators, monitors, coupling
  File "<frozen importlib._bootstrap>", line 1035, in _handle_fromlist
  File "<frozen importlib._bootstrap>", line 219, in _call_with_frames_removed
  File "<frozen importlib._bootstrap>", line 983, in _find_and_load
  File "<frozen importlib._bootstrap>", line 967, in _find_and_load_unlocked
  File "<frozen importlib._bootstrap>", line 677, in _load_unlocked
  File "<frozen importlib._bootstrap_external>", line 728, in exec_module
  File "<frozen importlib._bootstrap>", line 219, in _call_with_frames_removed
  File "/home/mgolmoha/TVB/env/lib/python3.7/site-packages/tvb/simulator/coupling.py", line 231, in <module>
    class HyperbolicTangent(SparseCoupling):
  File "/home/mgolmoha/TVB/env/lib/python3.7/site-packages/tvb/basic/neotraits/_declarative_base.py", line 232, in __new__
    v._post_bind_validate()
  File "/home/mgolmoha/TVB/env/lib/python3.7/site-packages/tvb/basic/neotraits/_attr.py", line 487, in _post_bind_validate
    log.warning('{} \n   attribute  {}'.format(msg, self))
Message: "default contains values out of the declared domain. Ex 1.0 \n   attribute  tvb.simulator.coupling.HyperbolicTangent.b = NArray(label=':math:`b`', dtype=float64, default=array([1.]), dim_names=(), ndim=None, required=True)"
Arguments: ()
--- Logging error ---
Traceback (most recent call last):
  File "/cvmfs/soft.computecanada.ca/gentoo/2020/usr/lib/python3.7/logging/handlers.py", line 70, in emit
    self.doRollover()
  File "/cvmfs/soft.computecanada.ca/gentoo/2020/usr/lib/python3.7/logging/handlers.py", line 394, in doRollover
    self.rotate(self.baseFilename, dfn)
  File "/cvmfs/soft.computecanada.ca/gentoo/2020/usr/lib/python3.7/logging/handlers.py", line 111, in rotate
    os.rename(source, dest)
FileNotFoundError: [Errno 2] No such file or directory: '/home/mgolmoha/.tvb-temp/logs/library.log' -> '/home/mgolmoha/.tvb-temp/logs/library.log.2025-12-07'
Call stack:
  File "/scratch/mgolmoha/TVB_Brown_Bag/tvb_study_group/Session_7-SBI/SBI-TVB/single_sim_handler.py", line 5, in <module>
    import montbrio_simulation
  File "<frozen importlib._bootstrap>", line 983, in _find_and_load
  File "<frozen importlib._bootstrap>", line 967, in _find_and_load_unlocked
  File "<frozen importlib._bootstrap>", line 677, in _load_unlocked
  File "<frozen importlib._bootstrap_external>", line 728, in exec_module
  File "<frozen importlib._bootstrap>", line 219, in _call_with_frames_removed
  File "/scratch/mgolmoha/TVB_Brown_Bag/tvb_study_group/Session_7-SBI/SBI-TVB/montbrio_simulation.py", line 3, in <module>
    import showcase1_ageing as utils
  File "<frozen importlib._bootstrap>", line 983, in _find_and_load
  File "<frozen importlib._bootstrap>", line 967, in _find_and_load_unlocked
  File "<frozen importlib._bootstrap>", line 677, in _load_unlocked
  File "<frozen importlib._bootstrap_external>", line 728, in exec_module
  File "<frozen importlib._bootstrap>", line 219, in _call_with_frames_removed
  File "/home/mgolmoha/TVB/virtual_ageing/showcase1_ageing/__init__.py", line 2, in <module>
    from .phase_plane import phase_plane_interactive
  File "<frozen importlib._bootstrap>", line 983, in _find_and_load
  File "<frozen importlib._bootstrap>", line 967, in _find_and_load_unlocked
  File "<frozen importlib._bootstrap>", line 677, in _load_unlocked
  File "<frozen importlib._bootstrap_external>", line 728, in exec_module
  File "<frozen importlib._bootstrap>", line 219, in _call_with_frames_removed
  File "/home/mgolmoha/TVB/virtual_ageing/showcase1_ageing/phase_plane.py", line 6, in <module>
    from tvb.simulator.lab import integrators
  File "<frozen importlib._bootstrap>", line 983, in _find_and_load
  File "<frozen importlib._bootstrap>", line 967, in _find_and_load_unlocked
  File "<frozen importlib._bootstrap>", line 677, in _load_unlocked
  File "<frozen importlib._bootstrap_external>", line 728, in exec_module
  File "<frozen importlib._bootstrap>", line 219, in _call_with_frames_removed
  File "/home/mgolmoha/TVB/env/lib/python3.7/site-packages/tvb/simulator/lab.py", line 57, in <module>
    from tvb.simulator import (simulator, models, coupling, integrators, monitors, noise)
  File "<frozen importlib._bootstrap>", line 1035, in _handle_fromlist
  File "<frozen importlib._bootstrap>", line 219, in _call_with_frames_removed
  File "<frozen importlib._bootstrap>", line 983, in _find_and_load
  File "<frozen importlib._bootstrap>", line 967, in _find_and_load_unlocked
  File "<frozen importlib._bootstrap>", line 677, in _load_unlocked
  File "<frozen importlib._bootstrap_external>", line 728, in exec_module
  File "<frozen importlib._bootstrap>", line 219, in _call_with_frames_removed
  File "/home/mgolmoha/TVB/env/lib/python3.7/site-packages/tvb/simulator/simulator.py", line 49, in <module>
    from tvb.simulator import models, integrators, monitors, coupling
  File "<frozen importlib._bootstrap>", line 1035, in _handle_fromlist
  File "<frozen importlib._bootstrap>", line 219, in _call_with_frames_removed
  File "<frozen importlib._bootstrap>", line 983, in _find_and_load
  File "<frozen importlib._bootstrap>", line 967, in _find_and_load_unlocked
  File "<frozen importlib._bootstrap>", line 677, in _load_unlocked
  File "<frozen importlib._bootstrap_external>", line 728, in exec_module
  File "<frozen importlib._bootstrap>", line 219, in _call_with_frames_removed
  File "/home/mgolmoha/TVB/env/lib/python3.7/site-packages/tvb/simulator/coupling.py", line 492, in <module>
    class Kuramoto(SparseCoupling):
  File "/home/mgolmoha/TVB/env/lib/python3.7/site-packages/tvb/basic/neotraits/_declarative_base.py", line 232, in __new__
    v._post_bind_validate()
  File "/home/mgolmoha/TVB/env/lib/python3.7/site-packages/tvb/basic/neotraits/_attr.py", line 487, in _post_bind_validate
    log.warning('{} \n   attribute  {}'.format(msg, self))
Message: "default contains values out of the declared domain. Ex 1.0 \n   attribute  tvb.simulator.coupling.Kuramoto.a = NArray(label=':math:`a`', dtype=float64, default=array([1.]), dim_names=(), ndim=None, required=True)"
Arguments: ()
--- Logging error ---
Traceback (most recent call last):
  File "/cvmfs/soft.computecanada.ca/gentoo/2020/usr/lib/python3.7/logging/handlers.py", line 70, in emit
    self.doRollover()
  File "/cvmfs/soft.computecanada.ca/gentoo/2020/usr/lib/python3.7/logging/handlers.py", line 393, in doRollover
    os.remove(dfn)
FileNotFoundError: [Errno 2] No such file or directory: '/home/mgolmoha/.tvb-temp/logs/library.log.2025-12-07'
Call stack:
  File "/scratch/mgolmoha/TVB_Brown_Bag/tvb_study_group/Session_7-SBI/SBI-TVB/single_sim_handler.py", line 5, in <module>
    import montbrio_simulation
  File "<frozen importlib._bootstrap>", line 983, in _find_and_load
  File "<frozen importlib._bootstrap>", line 967, in _find_and_load_unlocked
  File "<frozen importlib._bootstrap>", line 677, in _load_unlocked
  File "<frozen importlib._bootstrap_external>", line 728, in exec_module
  File "<frozen importlib._bootstrap>", line 219, in _call_with_frames_removed
  File "/scratch/mgolmoha/TVB_Brown_Bag/tvb_study_group/Session_7-SBI/SBI-TVB/montbrio_simulation.py", line 3, in <module>
    import showcase1_ageing as utils
  File "<frozen importlib._bootstrap>", line 983, in _find_and_load
  File "<frozen importlib._bootstrap>", line 967, in _find_and_load_unlocked
  File "<frozen importlib._bootstrap>", line 677, in _load_unlocked
  File "<frozen importlib._bootstrap_external>", line 728, in exec_module
  File "<frozen importlib._bootstrap>", line 219, in _call_with_frames_removed
  File "/home/mgolmoha/TVB/virtual_ageing/showcase1_ageing/__init__.py", line 2, in <module>
    from .phase_plane import phase_plane_interactive
  File "<frozen importlib._bootstrap>", line 983, in _find_and_load
  File "<frozen importlib._bootstrap>", line 967, in _find_and_load_unlocked
  File "<frozen importlib._bootstrap>", line 677, in _load_unlocked
  File "<frozen importlib._bootstrap_external>", line 728, in exec_module
  File "<frozen importlib._bootstrap>", line 219, in _call_with_frames_removed
  File "/home/mgolmoha/TVB/virtual_ageing/showcase1_ageing/phase_plane.py", line 6, in <module>
    from tvb.simulator.lab import integrators
  File "<frozen importlib._bootstrap>", line 983, in _find_and_load
  File "<frozen importlib._bootstrap>", line 967, in _find_and_load_unlocked
  File "<frozen importlib._bootstrap>", line 677, in _load_unlocked
  File "<frozen importlib._bootstrap_external>", line 728, in exec_module
  File "<frozen importlib._bootstrap>", line 219, in _call_with_frames_removed
  File "/home/mgolmoha/TVB/env/lib/python3.7/site-packages/tvb/simulator/lab.py", line 57, in <module>
    from tvb.simulator import (simulator, models, coupling, integrators, monitors, noise)
  File "<frozen importlib._bootstrap>", line 1035, in _handle_fromlist
  File "<frozen importlib._bootstrap>", line 219, in _call_with_frames_removed
  File "<frozen importlib._bootstrap>", line 983, in _find_and_load
  File "<frozen importlib._bootstrap>", line 967, in _find_and_load_unlocked
  File "<frozen importlib._bootstrap>", line 677, in _load_unlocked
  File "<frozen importlib._bootstrap_external>", line 728, in exec_module
  File "<frozen importlib._bootstrap>", line 219, in _call_with_frames_removed
  File "/home/mgolmoha/TVB/env/lib/python3.7/site-packages/tvb/simulator/simulator.py", line 59, in <module>
    class Simulator(HasTraits):
  File "/home/mgolmoha/TVB/env/lib/python3.7/site-packages/tvb/simulator/simulator.py", line 118, in Simulator
    default=models.Generic2dOscillator(),
  File "/home/mgolmoha/TVB/env/lib/python3.7/site-packages/tvb/simulator/models/__init__.py", line 142, in do_import
    model_module = importlib.import_module(module_name)
  File "/cvmfs/soft.computecanada.ca/gentoo/2020/usr/lib/python3.7/importlib/__init__.py", line 127, in import_module
    return _bootstrap._gcd_import(name[level:], package, level)
  File "<frozen importlib._bootstrap>", line 1006, in _gcd_import
  File "<frozen importlib._bootstrap>", line 983, in _find_and_load
  File "<frozen importlib._bootstrap>", line 967, in _find_and_load_unlocked
  File "<frozen importlib._bootstrap>", line 677, in _load_unlocked
  File "<frozen importlib._bootstrap_external>", line 728, in exec_module
  File "<frozen importlib._bootstrap>", line 219, in _call_with_frames_removed
  File "/home/mgolmoha/TVB/env/lib/python3.7/site-packages/tvb/simulator/models/oscillator.py", line 41, in <module>
    class Generic2dOscillator(ModelNumbaDfun):
  File "/home/mgolmoha/TVB/env/lib/python3.7/site-packages/tvb/basic/neotraits/_declarative_base.py", line 232, in __new__
    v._post_bind_validate()
  File "/home/mgolmoha/TVB/env/lib/python3.7/site-packages/tvb/basic/neotraits/_attr.py", line 487, in _post_bind_validate
    log.warning('{} \n   attribute  {}'.format(msg, self))
Message: "default contains values out of the declared domain. Ex 1.0 \n   attribute  tvb.simulator.models.oscillator.Generic2dOscillator.gamma = NArray(label=':math:`\\\\gamma`', dtype=float64, default=array([1.]), dim_names=(), ndim=None, required=True)"
Arguments: ()
tavg_to_bold step
BOLD shape (T, N): 22 118
/home/mgolmoha/TVB/virtual_ageing/showcase1_ageing/simulation.py:283: VisibleDeprecationWarning: Creating an ndarray from ragged nested sequences (which is a list-or-tuple of lists-or-tuples-or ndarrays with different lengths or shapes) is deprecated. If you meant to do this, you must specify 'dtype=object' when creating the ndarray.
  return numpy.array([k1, k2, k3])
Completed: subject=sub-0001 noise=0.04 G=2.042943922 dt=0.005, Result=[0.0012707037170555217, 0.0702299435524818, 4.6146186415294235, 41.262322425842285]
[1;2;31mflexiblas BLAS backend  "AOCL" not found. Loading default (IMKL) instead.
[0m/home/mgolmoha/TVB/env/lib/python3.7/site-packages/tvb/datatypes/surfaces.py:63: UserWarning: Geodesic distance module is unavailable; some functionality for surfaces will be unavailable.
  warnings.warn(msg)
tavg_to_bold step
BOLD shape (T, N): 22 118
/home/mgolmoha/TVB/virtual_ageing/showcase1_ageing/simulation.py:283: VisibleDeprecationWarning: Creating an ndarray from ragged nested sequences (which is a list-or-tuple of lists-or-tuples-or ndarrays with different lengths or shapes) is deprecated. If you meant to do this, you must specify 'dtype=object' when creating the ndarray.
  return numpy.array([k1, k2, k3])
Completed: subject=sub-0001 noise=0.04 G=2.0431066283 dt=0.005, Result=[0.000975873813389102, 0.0015969229560095642, 3.3433014345705026, 40.531030893325806]
[1;2;31mflexiblas BLAS backend  "AOCL" not found. Loading default (IMKL) instead.
[0m/home/mgolmoha/TVB/env/lib/python3.7/site-packages/tvb/datatypes/surfaces.py:63: UserWarning: Geodesic distance module is unavailable; some functionality for surfaces will be unavailable.
  warnings.warn(msg)
tavg_to_bold step
BOLD shape (T, N): 22 118
/home/mgolmoha/TVB/virtual_ageing/showcase1_ageing/simulation.py:283: VisibleDeprecationWarning: Creating an ndarray from ragged nested sequences (which is a list-or-tuple of lists-or-tuples-or ndarrays with different lengths or shapes) is deprecated. If you meant to do this, you must specify 'dtype=object' when creating the ndarray.
  return numpy.array([k1, k2, k3])
Completed: subject=sub-0001 noise=0.04 G=2.0432693346 dt=0.005, Result=[0.0005636771331858895, 0.10190800486221077, 2.458320578483951, 40.280884742736816]
[1;2;31mflexiblas BLAS backend  "AOCL" not found. Loading default (IMKL) instead.
[0m/home/mgolmoha/TVB/env/lib/python3.7/site-packages/tvb/datatypes/surfaces.py:63: UserWarning: Geodesic distance module is unavailable; some functionality for surfaces will be unavailable.
  warnings.warn(msg)
tavg_to_bold step
BOLD shape (T, N): 22 118
/home/mgolmoha/TVB/virtual_ageing/showcase1_ageing/simulation.py:283: VisibleDeprecationWarning: Creating an ndarray from ragged nested sequences (which is a list-or-tuple of lists-or-tuples-or ndarrays with different lengths or shapes) is deprecated. If you meant to do this, you must specify 'dtype=object' when creating the ndarray.
  return numpy.array([k1, k2, k3])
Completed: subject=sub-0001 noise=0.04 G=2.0434320409 dt=0.005, Result=[0.0008947126141490508, 0.08669641263335008, 6.503897952868021, 40.267420530319214]
[1;2;31mflexiblas BLAS backend  "AOCL" not found. Loading default (IMKL) instead.
[0m/home/mgolmoha/TVB/env/lib/python3.7/site-packages/tvb/datatypes/surfaces.py:63: UserWarning: Geodesic distance module is unavailable; some functionality for surfaces will be unavailable.
  warnings.warn(msg)
tavg_to_bold step
BOLD shape (T, N): 22 118
/home/mgolmoha/TVB/virtual_ageing/showcase1_ageing/simulation.py:283: VisibleDeprecationWarning: Creating an ndarray from ragged nested sequences (which is a list-or-tuple of lists-or-tuples-or ndarrays with different lengths or shapes) is deprecated. If you meant to do this, you must specify 'dtype=object' when creating the ndarray.
  return numpy.array([k1, k2, k3])
Completed: subject=sub-0001 noise=0.04 G=2.0435947472 dt=0.005, Result=[0.0010285621132501358, 0.09343346710460404, 3.5792825856891497, 40.013882637023926]
[1;2;31mflexiblas BLAS backend  "AOCL" not found. Loading default (IMKL) instead.
[0m/home/mgolmoha/TVB/env/lib/python3.7/site-packages/tvb/datatypes/surfaces.py:63: UserWarning: Geodesic distance module is unavailable; some functionality for surfaces will be unavailable.
  warnings.warn(msg)
tavg_to_bold step
BOLD shape (T, N): 22 118
/home/mgolmoha/TVB/virtual_ageing/showcase1_ageing/simulation.py:283: VisibleDeprecationWarning: Creating an ndarray from ragged nested sequences (which is a list-or-tuple of lists-or-tuples-or ndarrays with different lengths or shapes) is deprecated. If you meant to do this, you must specify 'dtype=object' when creating the ndarray.
  return numpy.array([k1, k2, k3])
Completed: subject=sub-0001 noise=0.04 G=2.0437574535 dt=0.005, Result=[0.0008317056802904908, 0.1242368579553891, 5.371598311941183, 40.0865113735199]
[1;2;31mflexiblas BLAS backend  "AOCL" not found. Loading default (IMKL) instead.
[0m/home/mgolmoha/TVB/env/lib/python3.7/site-packages/tvb/datatypes/surfaces.py:63: UserWarning: Geodesic distance module is unavailable; some functionality for surfaces will be unavailable.
  warnings.warn(msg)
tavg_to_bold step
BOLD shape (T, N): 22 118
/home/mgolmoha/TVB/virtual_ageing/showcase1_ageing/simulation.py:283: VisibleDeprecationWarning: Creating an ndarray from ragged nested sequences (which is a list-or-tuple of lists-or-tuples-or ndarrays with different lengths or shapes) is deprecated. If you meant to do this, you must specify 'dtype=object' when creating the ndarray.
  return numpy.array([k1, k2, k3])
Completed: subject=sub-0001 noise=0.04 G=2.0439201598 dt=0.005, Result=[0.0013216098985375426, 0.10384731640063517, 6.129353238861562, 39.998106479644775]
[1;2;31mflexiblas BLAS backend  "AOCL" not found. Loading default (IMKL) instead.
[0m/home/mgolmoha/TVB/env/lib/python3.7/site-packages/tvb/datatypes/surfaces.py:63: UserWarning: Geodesic distance module is unavailable; some functionality for surfaces will be unavailable.
  warnings.warn(msg)
tavg_to_bold step
BOLD shape (T, N): 22 118
/home/mgolmoha/TVB/virtual_ageing/showcase1_ageing/simulation.py:283: VisibleDeprecationWarning: Creating an ndarray from ragged nested sequences (which is a list-or-tuple of lists-or-tuples-or ndarrays with different lengths or shapes) is deprecated. If you meant to do this, you must specify 'dtype=object' when creating the ndarray.
  return numpy.array([k1, k2, k3])
Completed: subject=sub-0001 noise=0.04 G=2.0440828661 dt=0.005, Result=[0.0007989563062717126, 0.1225195870019455, 4.852594630214167, 40.007120847702026]
[1;2;31mflexiblas BLAS backend  "AOCL" not found. Loading default (IMKL) instead.
[0m/home/mgolmoha/TVB/env/lib/python3.7/site-packages/tvb/datatypes/surfaces.py:63: UserWarning: Geodesic distance module is unavailable; some functionality for surfaces will be unavailable.
  warnings.warn(msg)
tavg_to_bold step
BOLD shape (T, N): 22 118
/home/mgolmoha/TVB/virtual_ageing/showcase1_ageing/simulation.py:283: VisibleDeprecationWarning: Creating an ndarray from ragged nested sequences (which is a list-or-tuple of lists-or-tuples-or ndarrays with different lengths or shapes) is deprecated. If you meant to do this, you must specify 'dtype=object' when creating the ndarray.
  return numpy.array([k1, k2, k3])
Completed: subject=sub-0001 noise=0.04 G=2.0442455724 dt=0.005, Result=[0.0019246445701260589, 0.03626060959187799, 12.23939361299259, 39.96978712081909]
[1;2;31mflexiblas BLAS backend  "AOCL" not found. Loading default (IMKL) instead.
[0m/home/mgolmoha/TVB/env/lib/python3.7/site-packages/tvb/datatypes/surfaces.py:63: UserWarning: Geodesic distance module is unavailable; some functionality for surfaces will be unavailable.
  warnings.warn(msg)
tavg_to_bold step
BOLD shape (T, N): 22 118
/home/mgolmoha/TVB/virtual_ageing/showcase1_ageing/simulation.py:283: VisibleDeprecationWarning: Creating an ndarray from ragged nested sequences (which is a list-or-tuple of lists-or-tuples-or ndarrays with different lengths or shapes) is deprecated. If you meant to do this, you must specify 'dtype=object' when creating the ndarray.
  return numpy.array([k1, k2, k3])
Completed: subject=sub-0001 noise=0.04 G=2.0444082787 dt=0.005, Result=[0.000878361170583999, 0.10803938146772848, 7.9394851361418795, 40.03309082984924]
[1;2;31mflexiblas BLAS backend  "AOCL" not found. Loading default (IMKL) instead.
[0m/home/mgolmoha/TVB/env/lib/python3.7/site-packages/tvb/datatypes/surfaces.py:63: UserWarning: Geodesic distance module is unavailable; some functionality for surfaces will be unavailable.
  warnings.warn(msg)
tavg_to_bold step
BOLD shape (T, N): 22 118
/home/mgolmoha/TVB/virtual_ageing/showcase1_ageing/simulation.py:283: VisibleDeprecationWarning: Creating an ndarray from ragged nested sequences (which is a list-or-tuple of lists-or-tuples-or ndarrays with different lengths or shapes) is deprecated. If you meant to do this, you must specify 'dtype=object' when creating the ndarray.
  return numpy.array([k1, k2, k3])
Completed: subject=sub-0001 noise=0.04 G=2.044570985 dt=0.005, Result=[0.0010778696096249193, 0.06852834066784924, 6.778680716136485, 39.69052982330322]
[1;2;31mflexiblas BLAS backend  "AOCL" not found. Loading default (IMKL) instead.
[0m/home/mgolmoha/TVB/env/lib/python3.7/site-packages/tvb/datatypes/surfaces.py:63: UserWarning: Geodesic distance module is unavailable; some functionality for surfaces will be unavailable.
  warnings.warn(msg)
tavg_to_bold step
BOLD shape (T, N): 22 118
/home/mgolmoha/TVB/virtual_ageing/showcase1_ageing/simulation.py:283: VisibleDeprecationWarning: Creating an ndarray from ragged nested sequences (which is a list-or-tuple of lists-or-tuples-or ndarrays with different lengths or shapes) is deprecated. If you meant to do this, you must specify 'dtype=object' when creating the ndarray.
  return numpy.array([k1, k2, k3])
Completed: subject=sub-0001 noise=0.04 G=2.0447336913 dt=0.005, Result=[0.0006292548358822989, 0.06242120602913778, 3.0519764029203564, 39.667216539382935]
[1;2;31mflexiblas BLAS backend  "AOCL" not found. Loading default (IMKL) instead.
[0m/home/mgolmoha/TVB/env/lib/python3.7/site-packages/tvb/datatypes/surfaces.py:63: UserWarning: Geodesic distance module is unavailable; some functionality for surfaces will be unavailable.
  warnings.warn(msg)
tavg_to_bold step
BOLD shape (T, N): 22 118
/home/mgolmoha/TVB/virtual_ageing/showcase1_ageing/simulation.py:283: VisibleDeprecationWarning: Creating an ndarray from ragged nested sequences (which is a list-or-tuple of lists-or-tuples-or ndarrays with different lengths or shapes) is deprecated. If you meant to do this, you must specify 'dtype=object' when creating the ndarray.
  return numpy.array([k1, k2, k3])
Completed: subject=sub-0001 noise=0.04 G=2.0448963976 dt=0.005, Result=[0.0016770110042562962, 0.07378957450674366, 5.452916836936371, 39.975311517715454]
[1;2;31mflexiblas BLAS backend  "AOCL" not found. Loading default (IMKL) instead.
[0m/home/mgolmoha/TVB/env/lib/python3.7/site-packages/tvb/datatypes/surfaces.py:63: UserWarning: Geodesic distance module is unavailable; some functionality for surfaces will be unavailable.
  warnings.warn(msg)
tavg_to_bold step
BOLD shape (T, N): 22 118
/home/mgolmoha/TVB/virtual_ageing/showcase1_ageing/simulation.py:283: VisibleDeprecationWarning: Creating an ndarray from ragged nested sequences (which is a list-or-tuple of lists-or-tuples-or ndarrays with different lengths or shapes) is deprecated. If you meant to do this, you must specify 'dtype=object' when creating the ndarray.
  return numpy.array([k1, k2, k3])
Completed: subject=sub-0001 noise=0.04 G=2.0450591039 dt=0.005, Result=[0.0009360648029818254, 0.05420883637568109, 1.6658241915696443, 40.02512216567993]
[1;2;31mflexiblas BLAS backend  "AOCL" not found. Loading default (IMKL) instead.
[0m/home/mgolmoha/TVB/env/lib/python3.7/site-packages/tvb/datatypes/surfaces.py:63: UserWarning: Geodesic distance module is unavailable; some functionality for surfaces will be unavailable.
  warnings.warn(msg)
tavg_to_bold step
BOLD shape (T, N): 22 118
/home/mgolmoha/TVB/virtual_ageing/showcase1_ageing/simulation.py:283: VisibleDeprecationWarning: Creating an ndarray from ragged nested sequences (which is a list-or-tuple of lists-or-tuples-or ndarrays with different lengths or shapes) is deprecated. If you meant to do this, you must specify 'dtype=object' when creating the ndarray.
  return numpy.array([k1, k2, k3])
Completed: subject=sub-0001 noise=0.04 G=2.0452218102 dt=0.005, Result=[0.0012932473056310738, 0.031254910820722404, 7.009871986122597, 40.02082633972168]
[1;2;31mflexiblas BLAS backend  "AOCL" not found. Loading default (IMKL) instead.
[0m/home/mgolmoha/TVB/env/lib/python3.7/site-packages/tvb/datatypes/surfaces.py:63: UserWarning: Geodesic distance module is unavailable; some functionality for surfaces will be unavailable.
  warnings.warn(msg)
tavg_to_bold step
BOLD shape (T, N): 22 118
/home/mgolmoha/TVB/virtual_ageing/showcase1_ageing/simulation.py:283: VisibleDeprecationWarning: Creating an ndarray from ragged nested sequences (which is a list-or-tuple of lists-or-tuples-or ndarrays with different lengths or shapes) is deprecated. If you meant to do this, you must specify 'dtype=object' when creating the ndarray.
  return numpy.array([k1, k2, k3])
Completed: subject=sub-0001 noise=0.04 G=2.0453845165 dt=0.005, Result=[0.0007764563523653116, 0.06697173113806522, 9.877791553289871, 39.76189160346985]
[1;2;31mflexiblas BLAS backend  "AOCL" not found. Loading default (IMKL) instead.
[0m/home/mgolmoha/TVB/env/lib/python3.7/site-packages/tvb/datatypes/surfaces.py:63: UserWarning: Geodesic distance module is unavailable; some functionality for surfaces will be unavailable.
  warnings.warn(msg)
tavg_to_bold step
BOLD shape (T, N): 22 118
/home/mgolmoha/TVB/virtual_ageing/showcase1_ageing/simulation.py:283: VisibleDeprecationWarning: Creating an ndarray from ragged nested sequences (which is a list-or-tuple of lists-or-tuples-or ndarrays with different lengths or shapes) is deprecated. If you meant to do this, you must specify 'dtype=object' when creating the ndarray.
  return numpy.array([k1, k2, k3])
Completed: subject=sub-0001 noise=0.04 G=2.0455472228 dt=0.005, Result=[0.0008494102987853942, 0.021298618444187626, 2.4898954136731604, 39.99851965904236]
[1;2;31mflexiblas BLAS backend  "AOCL" not found. Loading default (IMKL) instead.
[0m/home/mgolmoha/TVB/env/lib/python3.7/site-packages/tvb/datatypes/surfaces.py:63: UserWarning: Geodesic distance module is unavailable; some functionality for surfaces will be unavailable.
  warnings.warn(msg)
tavg_to_bold step
BOLD shape (T, N): 22 118
/home/mgolmoha/TVB/virtual_ageing/showcase1_ageing/simulation.py:283: VisibleDeprecationWarning: Creating an ndarray from ragged nested sequences (which is a list-or-tuple of lists-or-tuples-or ndarrays with different lengths or shapes) is deprecated. If you meant to do this, you must specify 'dtype=object' when creating the ndarray.
  return numpy.array([k1, k2, k3])
Completed: subject=sub-0001 noise=0.04 G=2.0457099291 dt=0.005, Result=[0.0015827574917294171, -0.0003636235198393938, 6.6948171451046505, 39.57888340950012]
[1;2;31mflexiblas BLAS backend  "AOCL" not found. Loading default (IMKL) instead.
[0m/home/mgolmoha/TVB/env/lib/python3.7/site-packages/tvb/datatypes/surfaces.py:63: UserWarning: Geodesic distance module is unavailable; some functionality for surfaces will be unavailable.
  warnings.warn(msg)
tavg_to_bold step
BOLD shape (T, N): 22 118
/home/mgolmoha/TVB/virtual_ageing/showcase1_ageing/simulation.py:283: VisibleDeprecationWarning: Creating an ndarray from ragged nested sequences (which is a list-or-tuple of lists-or-tuples-or ndarrays with different lengths or shapes) is deprecated. If you meant to do this, you must specify 'dtype=object' when creating the ndarray.
  return numpy.array([k1, k2, k3])
Completed: subject=sub-0001 noise=0.04 G=2.0458726354 dt=0.005, Result=[0.0007674049014027291, 0.0951754210320783, 2.409029178775503, 39.400341749191284]
[1;2;31mflexiblas BLAS backend  "AOCL" not found. Loading default (IMKL) instead.
[0m/home/mgolmoha/TVB/env/lib/python3.7/site-packages/tvb/datatypes/surfaces.py:63: UserWarning: Geodesic distance module is unavailable; some functionality for surfaces will be unavailable.
  warnings.warn(msg)
tavg_to_bold step
BOLD shape (T, N): 22 118
/home/mgolmoha/TVB/virtual_ageing/showcase1_ageing/simulation.py:283: VisibleDeprecationWarning: Creating an ndarray from ragged nested sequences (which is a list-or-tuple of lists-or-tuples-or ndarrays with different lengths or shapes) is deprecated. If you meant to do this, you must specify 'dtype=object' when creating the ndarray.
  return numpy.array([k1, k2, k3])
Completed: subject=sub-0001 noise=0.04 G=2.0460353417 dt=0.005, Result=[0.0016098000030856804, 0.09672038422484613, 5.708473707707633, 39.19231986999512]
