[1;2;31mflexiblas BLAS backend  "AOCL" not found. Loading default (IMKL) instead.
[0m/home/mgolmoha/TVB/env/lib/python3.7/site-packages/tvb/datatypes/surfaces.py:63: UserWarning: Geodesic distance module is unavailable; some functionality for surfaces will be unavailable.
  warnings.warn(msg)
--- Logging error ---
Traceback (most recent call last):
  File "/home/mgolmoha/TVB/env/lib/python3.7/site-packages/tvb/basic/neotraits/_attr.py", line 118, in _post_bind_validate
    hash(self.default)
TypeError: unhashable type: 'dict'

During handling of the above exception, another exception occurred:

Traceback (most recent call last):
  File "/cvmfs/soft.computecanada.ca/gentoo/2020/usr/lib/python3.7/logging/handlers.py", line 70, in emit
    self.doRollover()
  File "/cvmfs/soft.computecanada.ca/gentoo/2020/usr/lib/python3.7/logging/handlers.py", line 394, in doRollover
    self.rotate(self.baseFilename, dfn)
  File "/cvmfs/soft.computecanada.ca/gentoo/2020/usr/lib/python3.7/logging/handlers.py", line 111, in rotate
    os.rename(source, dest)
FileNotFoundError: [Errno 2] No such file or directory: '/home/mgolmoha/.tvb-temp/logs/library.log' -> '/home/mgolmoha/.tvb-temp/logs/library.log.2025-12-07'
Call stack:
  File "/scratch/mgolmoha/TVB_Brown_Bag/tvb_study_group/Session_7-SBI/SBI-TVB/single_sim_handler.py", line 5, in <module>
    import montbrio_simulation
  File "<frozen importlib._bootstrap>", line 983, in _find_and_load
  File "<frozen importlib._bootstrap>", line 967, in _find_and_load_unlocked
  File "<frozen importlib._bootstrap>", line 677, in _load_unlocked
  File "<frozen importlib._bootstrap_external>", line 728, in exec_module
  File "<frozen importlib._bootstrap>", line 219, in _call_with_frames_removed
  File "/scratch/mgolmoha/TVB_Brown_Bag/tvb_study_group/Session_7-SBI/SBI-TVB/montbrio_simulation.py", line 3, in <module>
    import showcase1_ageing as utils
  File "<frozen importlib._bootstrap>", line 983, in _find_and_load
  File "<frozen importlib._bootstrap>", line 967, in _find_and_load_unlocked
  File "<frozen importlib._bootstrap>", line 677, in _load_unlocked
  File "<frozen importlib._bootstrap_external>", line 728, in exec_module
  File "<frozen importlib._bootstrap>", line 219, in _call_with_frames_removed
  File "/home/mgolmoha/TVB/virtual_ageing/showcase1_ageing/__init__.py", line 2, in <module>
    from .phase_plane import phase_plane_interactive
  File "<frozen importlib._bootstrap>", line 983, in _find_and_load
  File "<frozen importlib._bootstrap>", line 967, in _find_and_load_unlocked
  File "<frozen importlib._bootstrap>", line 677, in _load_unlocked
  File "<frozen importlib._bootstrap_external>", line 728, in exec_module
  File "<frozen importlib._bootstrap>", line 219, in _call_with_frames_removed
  File "/home/mgolmoha/TVB/virtual_ageing/showcase1_ageing/phase_plane.py", line 6, in <module>
    from tvb.simulator.lab import integrators
  File "<frozen importlib._bootstrap>", line 983, in _find_and_load
  File "<frozen importlib._bootstrap>", line 967, in _find_and_load_unlocked
  File "<frozen importlib._bootstrap>", line 677, in _load_unlocked
  File "<frozen importlib._bootstrap_external>", line 728, in exec_module
  File "<frozen importlib._bootstrap>", line 219, in _call_with_frames_removed
  File "/home/mgolmoha/TVB/env/lib/python3.7/site-packages/tvb/simulator/lab.py", line 57, in <module>
    from tvb.simulator import (simulator, models, coupling, integrators, monitors, noise)
  File "<frozen importlib._bootstrap>", line 1035, in _handle_fromlist
  File "<frozen importlib._bootstrap>", line 219, in _call_with_frames_removed
  File "<frozen importlib._bootstrap>", line 983, in _find_and_load
  File "<frozen importlib._bootstrap>", line 967, in _find_and_load_unlocked
  File "<frozen importlib._bootstrap>", line 677, in _load_unlocked
  File "<frozen importlib._bootstrap_external>", line 728, in exec_module
  File "<frozen importlib._bootstrap>", line 219, in _call_with_frames_removed
  File "/home/mgolmoha/TVB/env/lib/python3.7/site-packages/tvb/simulator/simulator.py", line 49, in <module>
    from tvb.simulator import models, integrators, monitors, coupling
  File "<frozen importlib._bootstrap>", line 1035, in _handle_fromlist
  File "<frozen importlib._bootstrap>", line 219, in _call_with_frames_removed
  File "<frozen importlib._bootstrap>", line 983, in _find_and_load
  File "<frozen importlib._bootstrap>", line 967, in _find_and_load_unlocked
  File "<frozen importlib._bootstrap>", line 677, in _load_unlocked
  File "<frozen importlib._bootstrap_external>", line 728, in exec_module
  File "<frozen importlib._bootstrap>", line 219, in _call_with_frames_removed
  File "/home/mgolmoha/TVB/env/lib/python3.7/site-packages/tvb/simulator/monitors.py", line 60, in <module>
    from tvb.datatypes.time_series import (TimeSeries, TimeSeriesRegion, TimeSeriesEEG, TimeSeriesMEG, TimeSeriesSEEG,
  File "<frozen importlib._bootstrap>", line 983, in _find_and_load
  File "<frozen importlib._bootstrap>", line 967, in _find_and_load_unlocked
  File "<frozen importlib._bootstrap>", line 677, in _load_unlocked
  File "<frozen importlib._bootstrap_external>", line 728, in exec_module
  File "<frozen importlib._bootstrap>", line 219, in _call_with_frames_removed
  File "/home/mgolmoha/TVB/env/lib/python3.7/site-packages/tvb/datatypes/time_series.py", line 44, in <module>
    class TimeSeries(HasTraits):
  File "/home/mgolmoha/TVB/env/lib/python3.7/site-packages/tvb/basic/neotraits/_declarative_base.py", line 232, in __new__
    v._post_bind_validate()
  File "/home/mgolmoha/TVB/env/lib/python3.7/site-packages/tvb/basic/neotraits/_attr.py", line 121, in _post_bind_validate
    'Consider using a lambda as a value factory \n   attribute {}'.format(self))
Message: "Field seems mutable and has a default value. Consider using a lambda as a value factory \n   attribute tvb.datatypes.time_series.TimeSeries.labels_dimensions = Attr(field_type=<class 'dict'>, default={}, required=True)"
Arguments: ()
tavg_to_bold step
BOLD shape (T, N): 22 118
/home/mgolmoha/TVB/virtual_ageing/showcase1_ageing/simulation.py:283: VisibleDeprecationWarning: Creating an ndarray from ragged nested sequences (which is a list-or-tuple of lists-or-tuples-or ndarrays with different lengths or shapes) is deprecated. If you meant to do this, you must specify 'dtype=object' when creating the ndarray.
  return numpy.array([k1, k2, k3])
Completed: subject=sub-0002 noise=0.04 G=2.163346584 dt=0.005, Result=[0.0006845861971169411, 0.0484101269772556, 1.0414420341514798, 41.839760303497314]
[1;2;31mflexiblas BLAS backend  "AOCL" not found. Loading default (IMKL) instead.
[0m/home/mgolmoha/TVB/env/lib/python3.7/site-packages/tvb/datatypes/surfaces.py:63: UserWarning: Geodesic distance module is unavailable; some functionality for surfaces will be unavailable.
  warnings.warn(msg)
tavg_to_bold step
BOLD shape (T, N): 22 118
/home/mgolmoha/TVB/virtual_ageing/showcase1_ageing/simulation.py:283: VisibleDeprecationWarning: Creating an ndarray from ragged nested sequences (which is a list-or-tuple of lists-or-tuples-or ndarrays with different lengths or shapes) is deprecated. If you meant to do this, you must specify 'dtype=object' when creating the ndarray.
  return numpy.array([k1, k2, k3])
Completed: subject=sub-0002 noise=0.04 G=2.1635092903 dt=0.005, Result=[0.0014052763463533278, 0.018338768702752178, 3.332915030614071, 41.79945659637451]
[1;2;31mflexiblas BLAS backend  "AOCL" not found. Loading default (IMKL) instead.
[0m/home/mgolmoha/TVB/env/lib/python3.7/site-packages/tvb/datatypes/surfaces.py:63: UserWarning: Geodesic distance module is unavailable; some functionality for surfaces will be unavailable.
  warnings.warn(msg)
tavg_to_bold step
BOLD shape (T, N): 22 118
/home/mgolmoha/TVB/virtual_ageing/showcase1_ageing/simulation.py:283: VisibleDeprecationWarning: Creating an ndarray from ragged nested sequences (which is a list-or-tuple of lists-or-tuples-or ndarrays with different lengths or shapes) is deprecated. If you meant to do this, you must specify 'dtype=object' when creating the ndarray.
  return numpy.array([k1, k2, k3])
Completed: subject=sub-0002 noise=0.04 G=2.1636719966 dt=0.005, Result=[0.001875559819305994, 0.0850548354521394, 1.9578101558780574, 41.62776255607605]
[1;2;31mflexiblas BLAS backend  "AOCL" not found. Loading default (IMKL) instead.
[0m/home/mgolmoha/TVB/env/lib/python3.7/site-packages/tvb/datatypes/surfaces.py:63: UserWarning: Geodesic distance module is unavailable; some functionality for surfaces will be unavailable.
  warnings.warn(msg)
tavg_to_bold step
BOLD shape (T, N): 22 118
/home/mgolmoha/TVB/virtual_ageing/showcase1_ageing/simulation.py:283: VisibleDeprecationWarning: Creating an ndarray from ragged nested sequences (which is a list-or-tuple of lists-or-tuples-or ndarrays with different lengths or shapes) is deprecated. If you meant to do this, you must specify 'dtype=object' when creating the ndarray.
  return numpy.array([k1, k2, k3])
Completed: subject=sub-0002 noise=0.04 G=2.1638347029 dt=0.005, Result=[0.001992919904012235, 0.05055785611228563, 3.318015231854641, 41.37596035003662]
[1;2;31mflexiblas BLAS backend  "AOCL" not found. Loading default (IMKL) instead.
[0m/home/mgolmoha/TVB/env/lib/python3.7/site-packages/tvb/datatypes/surfaces.py:63: UserWarning: Geodesic distance module is unavailable; some functionality for surfaces will be unavailable.
  warnings.warn(msg)
WARNING  NaNs detected...
WARNING  NaNs detected...
WARNING  NaNs detected...
WARNING  NaNs detected...
WARNING  NaNs detected...
WARNING  NaNs detected...
WARNING  NaNs detected...
WARNING  NaNs detected...
WARNING  NaNs detected...
WARNING  NaNs detected...
WARNING  NaNs detected...
WARNING  NaNs detected...
WARNING  NaNs detected...
WARNING  NaNs detected...
WARNING  NaNs detected...
WARNING  NaNs detected...
WARNING  NaNs detected...
WARNING  NaNs detected...
WARNING  NaNs detected...
WARNING  NaNs detected...
WARNING  NaNs detected...
WARNING  NaNs detected...
WARNING  NaNs detected...
WARNING  NaNs detected...
WARNING  NaNs detected...
WARNING  NaNs detected...
WARNING  NaNs detected...
WARNING  NaNs detected...
WARNING  NaNs detected...
WARNING  NaNs detected...
WARNING  NaNs detected...
WARNING  NaNs detected...
WARNING  NaNs detected...
WARNING  NaNs detected...
WARNING  NaNs detected...
WARNING  NaNs detected...
WARNING  NaNs detected...
WARNING  NaNs detected...
WARNING  NaNs detected...
WARNING  NaNs detected...
WARNING  NaNs detected...
WARNING  NaNs detected...
WARNING  NaNs detected...
WARNING  NaNs detected...
WARNING  NaNs detected...
WARNING  NaNs detected...
WARNING  NaNs detected...
WARNING  NaNs detected...
WARNING  NaNs detected...
WARNING  NaNs detected...
WARNING  NaNs detected...
WARNING  NaNs detected...
WARNING  NaNs detected...
WARNING  NaNs detected...
WARNING  NaNs detected...
WARNING  NaNs detected...
WARNING  NaNs detected...
WARNING  NaNs detected...
WARNING  NaNs detected...
WARNING  NaNs detected...
WARNING  NaNs detected...
WARNING  NaNs detected...
WARNING  NaNs detected...
WARNING  NaNs detected...
WARNING  NaNs detected...
WARNING  NaNs detected...
WARNING  NaNs detected...
WARNING  NaNs detected...
WARNING  NaNs detected...
WARNING  NaNs detected...
WARNING  NaNs detected...
WARNING  NaNs detected...
WARNING  NaNs detected...
WARNING  NaNs detected...
WARNING  NaNs detected...
WARNING  NaNs detected...
WARNING  NaNs detected...
WARNING  NaNs detected...
WARNING  NaNs detected...
WARNING  NaNs detected...
WARNING  NaNs detected...
WARNING  NaNs detected...
WARNING  NaNs detected...
WARNING  NaNs detected...
WARNING  NaNs detected...
WARNING  NaNs detected...
WARNING  NaNs detected...
WARNING  NaNs detected...
WARNING  NaNs detected...
WARNING  NaNs detected...
WARNING  NaNs detected...
WARNING  NaNs detected...
WARNING  NaNs detected...
WARNING  NaNs detected...
WARNING  NaNs detected...
WARNING  NaNs detected...
WARNING  NaNs detected...
WARNING  NaNs detected...
WARNING  NaNs detected...
WARNING  NaNs detected...
WARNING  NaNs detected...
WARNING  NaNs detected...
WARNING  NaNs detected...
WARNING  NaNs detected...
WARNING  NaNs detected...
WARNING  NaNs detected...
WARNING  NaNs detected...
WARNING  NaNs detected...
WARNING  NaNs detected...
WARNING  NaNs detected...
WARNING  NaNs detected...
WARNING  NaNs detected...
WARNING  NaNs detected...
WARNING  NaNs detected...
WARNING  NaNs detected...
WARNING  NaNs detected...
WARNING  NaNs detected...
WARNING  NaNs detected...
WARNING  NaNs detected...
WARNING  NaNs detected...
WARNING  NaNs detected...
WARNING  NaNs detected...
WARNING  NaNs detected...
WARNING  NaNs detected...
WARNING  NaNs detected...
WARNING  NaNs detected...
WARNING  NaNs detected...
WARNING  NaNs detected...
WARNING  NaNs detected...
WARNING  NaNs detected...
WARNING  NaNs detected...
WARNING  NaNs detected...
WARNING  NaNs detected...
WARNING  NaNs detected...
WARNING  NaNs detected...
WARNING  NaNs detected...
WARNING  NaNs detected...
WARNING  NaNs detected...
WARNING  NaNs detected...
WARNING  NaNs detected...
WARNING  NaNs detected...
WARNING  NaNs detected...
WARNING  NaNs detected...
WARNING  NaNs detected...
WARNING  NaNs detected...
WARNING  NaNs detected...
WARNING  NaNs detected...
WARNING  NaNs detected...
WARNING  NaNs detected...
WARNING  NaNs detected...
WARNING  NaNs detected...
WARNING  NaNs detected...
WARNING  NaNs detected...
WARNING  NaNs detected...
WARNING  NaNs detected...
WARNING  NaNs detected...
WARNING  NaNs detected...
WARNING  NaNs detected...
WARNING  NaNs detected...
WARNING  NaNs detected...
WARNING  NaNs detected...
WARNING  NaNs detected...
WARNING  NaNs detected...
WARNING  NaNs detected...
WARNING  NaNs detected...
WARNING  NaNs detected...
WARNING  NaNs detected...
WARNING  NaNs detected...
WARNING  NaNs detected...
WARNING  NaNs detected...
WARNING  NaNs detected...
WARNING  NaNs detected...
WARNING  NaNs detected...
WARNING  NaNs detected...
WARNING  NaNs detected...
WARNING  NaNs detected...
WARNING  NaNs detected...
WARNING  NaNs detected...
WARNING  NaNs detected...
WARNING  NaNs detected...
WARNING  NaNs detected...
WARNING  NaNs detected...
WARNING  NaNs detected...
WARNING  NaNs detected...
WARNING  NaNs detected...
WARNING  NaNs detected...
WARNING  NaNs detected...
WARNING  NaNs detected...
WARNING  NaNs detected...
WARNING  NaNs detected...
WARNING  NaNs detected...
WARNING  NaNs detected...
WARNING  NaNs detected...
WARNING  NaNs detected...
WARNING  NaNs detected...
WARNING  NaNs detected...
WARNING  NaNs detected...
WARNING  NaNs detected...
WARNING  NaNs detected...
WARNING  NaNs detected...
WARNING  NaNs detected...
WARNING  NaNs detected...
WARNING  NaNs detected...
WARNING  NaNs detected...
WARNING  NaNs detected...
WARNING  NaNs detected...
WARNING  NaNs detected...
WARNING  NaNs detected...
WARNING  NaNs detected...
WARNING  NaNs detected...
WARNING  NaNs detected...
WARNING  NaNs detected...
WARNING  NaNs detected...
WARNING  NaNs detected...
WARNING  NaNs detected...
WARNING  NaNs detected...
WARNING  NaNs detected...
WARNING  NaNs detected...
WARNING  NaNs detected...
WARNING  NaNs detected...
WARNING  NaNs detected...
WARNING  NaNs detected...
WARNING  NaNs detected...
WARNING  NaNs detected...
WARNING  NaNs detected...
WARNING  NaNs detected...
WARNING  NaNs detected...
WARNING  NaNs detected...
WARNING  NaNs detected...
WARNING  NaNs detected...
WARNING  NaNs detected...
WARNING  NaNs detected...
WARNING  NaNs detected...
WARNING  NaNs detected...
WARNING  NaNs detected...
WARNING  NaNs detected...
WARNING  NaNs detected...
WARNING  NaNs detected...
WARNING  NaNs detected...
WARNING  NaNs detected...
WARNING  NaNs detected...
WARNING  NaNs detected...
WARNING  NaNs detected...
WARNING  NaNs detected...
WARNING  NaNs detected...
WARNING  NaNs detected...
WARNING  NaNs detected...
WARNING  NaNs detected...
WARNING  NaNs detected...
WARNING  NaNs detected...
WARNING  NaNs detected...
WARNING  NaNs detected...
WARNING  NaNs detected...
WARNING  NaNs detected...
WARNING  NaNs detected...
WARNING  NaNs detected...
WARNING  NaNs detected...
WARNING  NaNs detected...
WARNING  NaNs detected...
WARNING  NaNs detected...
WARNING  NaNs detected...
WARNING  NaNs detected...
WARNING  NaNs detected...
WARNING  NaNs detected...
WARNING  NaNs detected...
WARNING  NaNs detected...
WARNING  NaNs detected...
WARNING  NaNs detected...
WARNING  NaNs detected...
WARNING  NaNs detected...
WARNING  NaNs detected...
WARNING  NaNs detected...
WARNING  NaNs detected...
WARNING  NaNs detected...
WARNING  NaNs detected...
WARNING  NaNs detected...
WARNING  NaNs detected...
WARNING  NaNs detected...
WARNING  NaNs detected...
WARNING  NaNs detected...
WARNING  NaNs detected...
WARNING  NaNs detected...
WARNING  NaNs detected...
WARNING  NaNs detected...
WARNING  NaNs detected...
WARNING  NaNs detected...
WARNING  NaNs detected...
WARNING  NaNs detected...
WARNING  NaNs detected...
WARNING  NaNs detected...
WARNING  NaNs detected...
WARNING  NaNs detected...
WARNING  NaNs detected...
WARNING  NaNs detected...
WARNING  NaNs detected...
WARNING  NaNs detected...
WARNING  NaNs detected...
WARNING  NaNs detected...
WARNING  NaNs detected...
WARNING  NaNs detected...
WARNING  NaNs detected...
WARNING  NaNs detected...
WARNING  NaNs detected...
WARNING  NaNs detected...
WARNING  NaNs detected...
WARNING  NaNs detected...
WARNING  NaNs detected...
WARNING  NaNs detected...
WARNING  NaNs detected...
WARNING  NaNs detected...
WARNING  NaNs detected...
WARNING  NaNs detected...
WARNING  NaNs detected...
WARNING  NaNs detected...
WARNING  NaNs detected...
WARNING  NaNs detected...
WARNING  NaNs detected...
WARNING  NaNs detected...
WARNING  NaNs detected...
WARNING  NaNs detected...
WARNING  NaNs detected...
WARNING  NaNs detected...
WARNING  NaNs detected...
WARNING  NaNs detected...
WARNING  NaNs detected...
WARNING  NaNs detected...
WARNING  NaNs detected...
WARNING  NaNs detected...
WARNING  NaNs detected...
WARNING  NaNs detected...
WARNING  NaNs detected...
WARNING  NaNs detected...
WARNING  NaNs detected...
WARNING  NaNs detected...
WARNING  NaNs detected...
WARNING  NaNs detected...
WARNING  NaNs detected...
WARNING  NaNs detected...
WARNING  NaNs detected...
WARNING  NaNs detected...
WARNING  NaNs detected...
WARNING  NaNs detected...
WARNING  NaNs detected...
WARNING  NaNs detected...
WARNING  NaNs detected...
WARNING  NaNs detected...
WARNING  NaNs detected...
WARNING  NaNs detected...
WARNING  NaNs detected...
WARNING  NaNs detected...
WARNING  NaNs detected...
WARNING  NaNs detected...
WARNING  NaNs detected...
WARNING  NaNs detected...
WARNING  NaNs detected...
WARNING  NaNs detected...
WARNING  NaNs detected...
WARNING  NaNs detected...
WARNING  NaNs detected...
WARNING  NaNs detected...
WARNING  NaNs detected...
WARNING  NaNs detected...
WARNING  NaNs detected...
WARNING  NaNs detected...
WARNING  NaNs detected...
WARNING  NaNs detected...
WARNING  NaNs detected...
WARNING  NaNs detected...
WARNING  NaNs detected...
WARNING  NaNs detected...
WARNING  NaNs detected...
WARNING  NaNs detected...
WARNING  NaNs detected...
WARNING  NaNs detected...
WARNING  NaNs detected...
WARNING  NaNs detected...
WARNING  NaNs detected...
WARNING  NaNs detected...
WARNING  NaNs detected...
WARNING  NaNs detected...
WARNING  NaNs detected...
WARNING  NaNs detected...
WARNING  NaNs detected...
WARNING  NaNs detected...
WARNING  NaNs detected...
WARNING  NaNs detected...
WARNING  NaNs detected...
WARNING  NaNs detected...
WARNING  NaNs detected...
WARNING  NaNs detected...
WARNING  NaNs detected...
WARNING  NaNs detected...
WARNING  NaNs detected...
WARNING  NaNs detected...
WARNING  NaNs detected...
WARNING  NaNs detected...
WARNING  NaNs detected...
WARNING  NaNs detected...
WARNING  NaNs detected...
WARNING  NaNs detected...
WARNING  NaNs detected...
WARNING  NaNs detected...
WARNING  NaNs detected...
WARNING  NaNs detected...
WARNING  NaNs detected...
WARNING  NaNs detected...
WARNING  NaNs detected...
WARNING  NaNs detected...
WARNING  NaNs detected...
WARNING  NaNs detected...
WARNING  NaNs detected...
WARNING  NaNs detected...
WARNING  NaNs detected...
WARNING  NaNs detected...
WARNING  NaNs detected...
WARNING  NaNs detected...
WARNING  NaNs detected...
WARNING  NaNs detected...
WARNING  NaNs detected...
WARNING  NaNs detected...
WARNING  NaNs detected...
WARNING  NaNs detected...
WARNING  NaNs detected...
WARNING  NaNs detected...
WARNING  NaNs detected...
WARNING  NaNs detected...
WARNING  NaNs detected...
WARNING  NaNs detected...
WARNING  NaNs detected...
WARNING  NaNs detected...
WARNING  NaNs detected...
WARNING  NaNs detected...
WARNING  NaNs detected...
WARNING  NaNs detected...
WARNING  NaNs detected...
WARNING  NaNs detected...
WARNING  NaNs detected...
WARNING  NaNs detected...
WARNING  NaNs detected...
WARNING  NaNs detected...
WARNING  NaNs detected...
WARNING  NaNs detected...
WARNING  NaNs detected...
WARNING  NaNs detected...
WARNING  NaNs detected...
WARNING  NaNs detected...
WARNING  NaNs detected...
WARNING  NaNs detected...
WARNING  NaNs detected...
WARNING  NaNs detected...
WARNING  NaNs detected...
WARNING  NaNs detected...
WARNING  NaNs detected...
WARNING  NaNs detected...
WARNING  NaNs detected...
WARNING  NaNs detected...
WARNING  NaNs detected...
WARNING  NaNs detected...
WARNING  NaNs detected...
WARNING  NaNs detected...
WARNING  NaNs detected...
WARNING  NaNs detected...
WARNING  NaNs detected...
WARNING  NaNs detected...
WARNING  NaNs detected...
WARNING  NaNs detected...
WARNING  NaNs detected...
WARNING  NaNs detected...
WARNING  NaNs detected...
WARNING  NaNs detected...
WARNING  NaNs detected...
WARNING  NaNs detected...
WARNING  NaNs detected...
WARNING  NaNs detected...
WARNING  NaNs detected...
WARNING  NaNs detected...
WARNING  NaNs detected...
WARNING  NaNs detected...
WARNING  NaNs detected...
WARNING  NaNs detected...
WARNING  NaNs detected...
WARNING  NaNs detected...
WARNING  NaNs detected...
WARNING  NaNs detected...
WARNING  NaNs detected...
WARNING  NaNs detected...
WARNING  NaNs detected...
WARNING  NaNs detected...
WARNING  NaNs detected...
WARNING  NaNs detected...
WARNING  NaNs detected...
WARNING  NaNs detected...
WARNING  NaNs detected...
WARNING  NaNs detected...
WARNING  NaNs detected...
WARNING  NaNs detected...
WARNING  NaNs detected...
WARNING  NaNs detected...
WARNING  NaNs detected...
WARNING  NaNs detected...
WARNING  NaNs detected...
WARNING  NaNs detected...
WARNING  NaNs detected...
WARNING  NaNs detected...
WARNING  NaNs detected...
WARNING  NaNs detected...
WARNING  NaNs detected...
WARNING  NaNs detected...
WARNING  NaNs detected...
WARNING  NaNs detected...
WARNING  NaNs detected...
WARNING  NaNs detected...
WARNING  NaNs detected...
WARNING  NaNs detected...
WARNING  NaNs detected...
WARNING  NaNs detected...
WARNING  NaNs detected...
WARNING  NaNs detected...
WARNING  NaNs detected...
WARNING  NaNs detected...
WARNING  NaNs detected...
WARNING  NaNs detected...
WARNING  NaNs detected...
WARNING  NaNs detected...
WARNING  NaNs detected...
WARNING  NaNs detected...
WARNING  NaNs detected...
WARNING  NaNs detected...
WARNING  NaNs detected...
WARNING  NaNs detected...
WARNING  NaNs detected...
WARNING  NaNs detected...
WARNING  NaNs detected...
WARNING  NaNs detected...
WARNING  NaNs detected...
WARNING  NaNs detected...
WARNING  NaNs detected...
WARNING  NaNs detected...
WARNING  NaNs detected...
WARNING  NaNs detected...
WARNING  NaNs detected...
WARNING  NaNs detected...
WARNING  NaNs detected...
WARNING  NaNs detected...
WARNING  NaNs detected...
WARNING  NaNs detected...
WARNING  NaNs detected...
WARNING  NaNs detected...
WARNING  NaNs detected...
WARNING  NaNs detected...
WARNING  NaNs detected...
WARNING  NaNs detected...
WARNING  NaNs detected...
WARNING  NaNs detected...
WARNING  NaNs detected...
WARNING  NaNs detected...
WARNING  NaNs detected...
WARNING  NaNs detected...
WARNING  NaNs detected...
WARNING  NaNs detected...
WARNING  NaNs detected...
WARNING  NaNs detected...
WARNING  NaNs detected...
WARNING  NaNs detected...
WARNING  NaNs detected...
WARNING  NaNs detected...
WARNING  NaNs detected...
WARNING  NaNs detected...
WARNING  NaNs detected...
WARNING  NaNs detected...
WARNING  NaNs detected...
WARNING  NaNs detected...
WARNING  NaNs detected...
WARNING  NaNs detected...
WARNING  NaNs detected...
WARNING  NaNs detected...
WARNING  NaNs detected...
WARNING  NaNs detected...
WARNING  NaNs detected...
WARNING  NaNs detected...
WARNING  NaNs detected...
WARNING  NaNs detected...
WARNING  NaNs detected...
WARNING  NaNs detected...
WARNING  NaNs detected...
WARNING  NaNs detected...
WARNING  NaNs detected...
WARNING  NaNs detected...
WARNING  NaNs detected...
WARNING  NaNs detected...
WARNING  NaNs detected...
WARNING  NaNs detected...
WARNING  NaNs detected...
WARNING  NaNs detected...
WARNING  NaNs detected...
WARNING  NaNs detected...
WARNING  NaNs detected...
WARNING  NaNs detected...
WARNING  NaNs detected...
WARNING  NaNs detected...
WARNING  NaNs detected...
WARNING  NaNs detected...
WARNING  NaNs detected...
WARNING  NaNs detected...
WARNING  NaNs detected...
WARNING  NaNs detected...
WARNING  NaNs detected...
WARNING  NaNs detected...
WARNING  NaNs detected...
WARNING  NaNs detected...
WARNING  NaNs detected...
WARNING  NaNs detected...
WARNING  NaNs detected...
WARNING  NaNs detected...
WARNING  NaNs detected...
WARNING  NaNs detected...
WARNING  NaNs detected...
WARNING  NaNs detected...
WARNING  NaNs detected...
WARNING  NaNs detected...
WARNING  NaNs detected...
WARNING  NaNs detected...
WARNING  NaNs detected...
WARNING  NaNs detected...
WARNING  NaNs detected...
WARNING  NaNs detected...
WARNING  NaNs detected...
WARNING  NaNs detected...
WARNING  NaNs detected...
WARNING  NaNs detected...
WARNING  NaNs detected...
WARNING  NaNs detected...
WARNING  NaNs detected...
WARNING  NaNs detected...
WARNING  NaNs detected...
WARNING  NaNs detected...
WARNING  NaNs detected...
WARNING  NaNs detected...
WARNING  NaNs detected...
WARNING  NaNs detected...
WARNING  NaNs detected...
WARNING  NaNs detected...
WARNING  NaNs detected...
WARNING  NaNs detected...
WARNING  NaNs detected...
WARNING  NaNs detected...
WARNING  NaNs detected...
WARNING  NaNs detected...
WARNING  NaNs detected...
WARNING  NaNs detected...
WARNING  NaNs detected...
WARNING  NaNs detected...
WARNING  NaNs detected...
WARNING  NaNs detected...
WARNING  NaNs detected...
WARNING  NaNs detected...
WARNING  NaNs detected...
WARNING  NaNs detected...
WARNING  NaNs detected...
WARNING  NaNs detected...
WARNING  NaNs detected...
WARNING  NaNs detected...
WARNING  NaNs detected...
WARNING  NaNs detected...
WARNING  NaNs detected...
WARNING  NaNs detected...
WARNING  NaNs detected...
WARNING  NaNs detected...
WARNING  NaNs detected...
WARNING  NaNs detected...
WARNING  NaNs detected...
WARNING  NaNs detected...
WARNING  NaNs detected...
WARNING  NaNs detected...
WARNING  NaNs detected...
WARNING  NaNs detected...
WARNING  NaNs detected...
WARNING  NaNs detected...
WARNING  NaNs detected...
WARNING  NaNs detected...
WARNING  NaNs detected...
WARNING  NaNs detected...
WARNING  NaNs detected...
WARNING  NaNs detected...
WARNING  NaNs detected...
WARNING  NaNs detected...
WARNING  NaNs detected...
WARNING  NaNs detected...
WARNING  NaNs detected...
WARNING  NaNs detected...
WARNING  NaNs detected...
WARNING  NaNs detected...
WARNING  NaNs detected...
WARNING  NaNs detected...
WARNING  NaNs detected...
WARNING  NaNs detected...
WARNING  NaNs detected...
WARNING  NaNs detected...
WARNING  NaNs detected...
WARNING  NaNs detected...
WARNING  NaNs detected...
WARNING  NaNs detected...
WARNING  NaNs detected...
WARNING  NaNs detected...
WARNING  NaNs detected...
WARNING  NaNs detected...
WARNING  NaNs detected...
WARNING  NaNs detected...
WARNING  NaNs detected...
WARNING  NaNs detected...
WARNING  NaNs detected...
WARNING  NaNs detected...
WARNING  NaNs detected...
WARNING  NaNs detected...
WARNING  NaNs detected...
WARNING  NaNs detected...
WARNING  NaNs detected...
WARNING  NaNs detected...
WARNING  NaNs detected...
WARNING  NaNs detected...
WARNING  NaNs detected...
WARNING  NaNs detected...
WARNING  NaNs detected...
WARNING  NaNs detected...
WARNING  NaNs detected...
WARNING  NaNs detected...
WARNING  NaNs detected...
WARNING  NaNs detected...
WARNING  NaNs detected...
WARNING  NaNs detected...
WARNING  NaNs detected...
WARNING  NaNs detected...
WARNING  NaNs detected...
WARNING  NaNs detected...
WARNING  NaNs detected...
WARNING  NaNs detected...
WARNING  NaNs detected...
WARNING  NaNs detected...
WARNING  NaNs detected...
WARNING  NaNs detected...
WARNING  NaNs detected...
WARNING  NaNs detected...
WARNING  NaNs detected...
WARNING  NaNs detected...
WARNING  NaNs detected...
WARNING  NaNs detected...
WARNING  NaNs detected...
WARNING  NaNs detected...
WARNING  NaNs detected...
WARNING  NaNs detected...
WARNING  NaNs detected...
WARNING  NaNs detected...
WARNING  NaNs detected...
WARNING  NaNs detected...
WARNING  NaNs detected...
WARNING  NaNs detected...
WARNING  NaNs detected...
WARNING  NaNs detected...
WARNING  NaNs detected...
WARNING  NaNs detected...
WARNING  NaNs detected...
WARNING  NaNs detected...
WARNING  NaNs detected...
WARNING  NaNs detected...
WARNING  NaNs detected...
WARNING  NaNs detected...
WARNING  NaNs detected...
WARNING  NaNs detected...
WARNING  NaNs detected...
WARNING  NaNs detected...
WARNING  NaNs detected...
WARNING  NaNs detected...
WARNING  NaNs detected...
WARNING  NaNs detected...
WARNING  NaNs detected...
WARNING  NaNs detected...
WARNING  NaNs detected...
WARNING  NaNs detected...
WARNING  NaNs detected...
WARNING  NaNs detected...
WARNING  NaNs detected...
WARNING  NaNs detected...
WARNING  NaNs detected...
WARNING  NaNs detected...
WARNING  NaNs detected...
WARNING  NaNs detected...
WARNING  NaNs detected...
WARNING  NaNs detected...
WARNING  NaNs detected...
WARNING  NaNs detected...
WARNING  NaNs detected...
WARNING  NaNs detected...
WARNING  NaNs detected...
WARNING  NaNs detected...
WARNING  NaNs detected...
WARNING  NaNs detected...
WARNING  NaNs detected...
WARNING  NaNs detected...
WARNING  NaNs detected...
WARNING  NaNs detected...
WARNING  NaNs detected...
WARNING  NaNs detected...
WARNING  NaNs detected...
WARNING  NaNs detected...
WARNING  NaNs detected...
WARNING  NaNs detected...
WARNING  NaNs detected...
WARNING  NaNs detected...
WARNING  NaNs detected...
WARNING  NaNs detected...
WARNING  NaNs detected...
WARNING  NaNs detected...
WARNING  NaNs detected...
WARNING  NaNs detected...
WARNING  NaNs detected...
WARNING  NaNs detected...
WARNING  NaNs detected...
WARNING  NaNs detected...
WARNING  NaNs detected...
WARNING  NaNs detected...
WARNING  NaNs detected...
WARNING  NaNs detected...
WARNING  NaNs detected...
WARNING  NaNs detected...
WARNING  NaNs detected...
WARNING  NaNs detected...
WARNING  NaNs detected...
WARNING  NaNs detected...
WARNING  NaNs detected...
WARNING  NaNs detected...
WARNING  NaNs detected...
WARNING  NaNs detected...
WARNING  NaNs detected...
WARNING  NaNs detected...
WARNING  NaNs detected...
WARNING  NaNs detected...
WARNING  NaNs detected...
WARNING  NaNs detected...
WARNING  NaNs detected...
WARNING  NaNs detected...
WARNING  NaNs detected...
WARNING  NaNs detected...
WARNING  NaNs detected...
WARNING  NaNs detected...
WARNING  NaNs detected...
WARNING  NaNs detected...
WARNING  NaNs detected...
WARNING  NaNs detected...
WARNING  NaNs detected...
WARNING  NaNs detected...
WARNING  NaNs detected...
WARNING  NaNs detected...
WARNING  NaNs detected...
WARNING  NaNs detected...
WARNING  NaNs detected...
WARNING  NaNs detected...
WARNING  NaNs detected...
WARNING  NaNs detected...
WARNING  NaNs detected...
WARNING  NaNs detected...
WARNING  NaNs detected...
WARNING  NaNs detected...
WARNING  NaNs detected...
WARNING  NaNs detected...
WARNING  NaNs detected...
WARNING  NaNs detected...
WARNING  NaNs detected...
WARNING  NaNs detected...
WARNING  NaNs detected...
WARNING  NaNs detected...
WARNING  NaNs detected...
WARNING  NaNs detected...
WARNING  NaNs detected...
WARNING  NaNs detected...
WARNING  NaNs detected...
WARNING  NaNs detected...
WARNING  NaNs detected...
WARNING  NaNs detected...
WARNING  NaNs detected...
WARNING  NaNs detected...
WARNING  NaNs detected...
WARNING  NaNs detected...
WARNING  NaNs detected...
WARNING  NaNs detected...
WARNING  NaNs detected...
WARNING  NaNs detected...
WARNING  NaNs detected...
WARNING  NaNs detected...
WARNING  NaNs detected...
WARNING  NaNs detected...
WARNING  NaNs detected...
WARNING  NaNs detected...
WARNING  NaNs detected...
WARNING  NaNs detected...
WARNING  NaNs detected...
WARNING  NaNs detected...
WARNING  NaNs detected...
WARNING  NaNs detected...
WARNING  NaNs detected...
WARNING  NaNs detected...
WARNING  NaNs detected...
WARNING  NaNs detected...
WARNING  NaNs detected...
WARNING  NaNs detected...
WARNING  NaNs detected...
WARNING  NaNs detected...
WARNING  NaNs detected...
WARNING  NaNs detected...
WARNING  NaNs detected...
WARNING  NaNs detected...
WARNING  NaNs detected...
WARNING  NaNs detected...
WARNING  NaNs detected...
WARNING  NaNs detected...
WARNING  NaNs detected...
WARNING  NaNs detected...
WARNING  NaNs detected...
WARNING  NaNs detected...
WARNING  NaNs detected...
WARNING  NaNs detected...
WARNING  NaNs detected...
WARNING  NaNs detected...
WARNING  NaNs detected...
WARNING  NaNs detected...
WARNING  NaNs detected...
WARNING  NaNs detected...
WARNING  NaNs detected...
WARNING  NaNs detected...
WARNING  NaNs detected...
WARNING  NaNs detected...
WARNING  NaNs detected...
WARNING  NaNs detected...
WARNING  NaNs detected...
WARNING  NaNs detected...
WARNING  NaNs detected...
WARNING  NaNs detected...
WARNING  NaNs detected...
WARNING  NaNs detected...
WARNING  NaNs detected...
WARNING  NaNs detected...
WARNING  NaNs detected...
WARNING  NaNs detected...
WARNING  NaNs detected...
WARNING  NaNs detected...
WARNING  NaNs detected...
WARNING  NaNs detected...
WARNING  NaNs detected...
WARNING  NaNs detected...
WARNING  NaNs detected...
WARNING  NaNs detected...
WARNING  NaNs detected...
WARNING  NaNs detected...
WARNING  NaNs detected...
WARNING  NaNs detected...
WARNING  NaNs detected...
WARNING  NaNs detected...
WARNING  NaNs detected...
WARNING  NaNs detected...
WARNING  NaNs detected...
WARNING  NaNs detected...
WARNING  NaNs detected...
WARNING  NaNs detected...
WARNING  NaNs detected...
WARNING  NaNs detected...
WARNING  NaNs detected...
WARNING  NaNs detected...
WARNING  NaNs detected...
WARNING  NaNs detected...
WARNING  NaNs detected...
WARNING  NaNs detected...
WARNING  NaNs detected...
WARNING  NaNs detected...
WARNING  NaNs detected...
WARNING  NaNs detected...
WARNING  NaNs detected...
WARNING  NaNs detected...
WARNING  NaNs detected...
WARNING  NaNs detected...
WARNING  NaNs detected...
WARNING  NaNs detected...
WARNING  NaNs detected...
WARNING  NaNs detected...
WARNING  NaNs detected...
WARNING  NaNs detected...
WARNING  NaNs detected...
WARNING  NaNs detected...
WARNING  NaNs detected...
WARNING  NaNs detected...
WARNING  NaNs detected...
WARNING  NaNs detected...
WARNING  NaNs detected...
WARNING  NaNs detected...
WARNING  NaNs detected...
WARNING  NaNs detected...
WARNING  NaNs detected...
WARNING  NaNs detected...
WARNING  NaNs detected...
WARNING  NaNs detected...
WARNING  NaNs detected...
WARNING  NaNs detected...
WARNING  NaNs detected...
WARNING  NaNs detected...
WARNING  NaNs detected...
WARNING  NaNs detected...
WARNING  NaNs detected...
WARNING  NaNs detected...
WARNING  NaNs detected...
WARNING  NaNs detected...
WARNING  NaNs detected...
WARNING  NaNs detected...
WARNING  NaNs detected...
WARNING  NaNs detected...
WARNING  NaNs detected...
WARNING  NaNs detected...
WARNING  NaNs detected...
WARNING  NaNs detected...
WARNING  NaNs detected...
WARNING  NaNs detected...
WARNING  NaNs detected...
WARNING  NaNs detected...
WARNING  NaNs detected...
WARNING  NaNs detected...
WARNING  NaNs detected...
WARNING  NaNs detected...
WARNING  NaNs detected...
WARNING  NaNs detected...
WARNING  NaNs detected...
WARNING  NaNs detected...
WARNING  NaNs detected...
WARNING  NaNs detected...
WARNING  NaNs detected...
WARNING  NaNs detected...
WARNING  NaNs detected...
WARNING  NaNs detected...
WARNING  NaNs detected...
WARNING  NaNs detected...
WARNING  NaNs detected...
WARNING  NaNs detected...
WARNING  NaNs detected...
WARNING  NaNs detected...
WARNING  NaNs detected...
WARNING  NaNs detected...
WARNING  NaNs detected...
WARNING  NaNs detected...
WARNING  NaNs detected...
WARNING  NaNs detected...
WARNING  NaNs detected...
WARNING  NaNs detected...
WARNING  NaNs detected...
WARNING  NaNs detected...
WARNING  NaNs detected...
WARNING  NaNs detected...
WARNING  NaNs detected...
WARNING  NaNs detected...
WARNING  NaNs detected...
WARNING  NaNs detected...
WARNING  NaNs detected...
WARNING  NaNs detected...
WARNING  NaNs detected...
WARNING  NaNs detected...
WARNING  NaNs detected...
WARNING  NaNs detected...
WARNING  NaNs detected...
WARNING  NaNs detected...
WARNING  NaNs detected...
WARNING  NaNs detected...
WARNING  NaNs detected...
WARNING  NaNs detected...
WARNING  NaNs detected...
WARNING  NaNs detected...
WARNING  NaNs detected...
WARNING  NaNs detected...
WARNING  NaNs detected...
WARNING  NaNs detected...
WARNING  NaNs detected...
WARNING  NaNs detected...
WARNING  NaNs detected...
WARNING  NaNs detected...
WARNING  NaNs detected...
WARNING  NaNs detected...
WARNING  NaNs detected...
WARNING  NaNs detected...
WARNING  NaNs detected...
WARNING  NaNs detected...
WARNING  NaNs detected...
WARNING  NaNs detected...
WARNING  NaNs detected...
WARNING  NaNs detected...
WARNING  NaNs detected...
WARNING  NaNs detected...
WARNING  NaNs detected...
WARNING  NaNs detected...
WARNING  NaNs detected...
WARNING  NaNs detected...
WARNING  NaNs detected...
WARNING  NaNs detected...
WARNING  NaNs detected...
WARNING  NaNs detected...
WARNING  NaNs detected...
WARNING  NaNs detected...
WARNING  NaNs detected...
WARNING  NaNs detected...
WARNING  NaNs detected...
WARNING  NaNs detected...
WARNING  NaNs detected...
WARNING  NaNs detected...
WARNING  NaNs detected...
WARNING  NaNs detected...
WARNING  NaNs detected...
WARNING  NaNs detected...
WARNING  NaNs detected...
WARNING  NaNs detected...
WARNING  NaNs detected...
WARNING  NaNs detected...
WARNING  NaNs detected...
WARNING  NaNs detected...
WARNING  NaNs detected...
WARNING  NaNs detected...
WARNING  NaNs detected...
WARNING  NaNs detected...
WARNING  NaNs detected...
WARNING  NaNs detected...
WARNING  NaNs detected...
WARNING  NaNs detected...
WARNING  NaNs detected...
WARNING  NaNs detected...
WARNING  NaNs detected...
WARNING  NaNs detected...
WARNING  NaNs detected...
WARNING  NaNs detected...
WARNING  NaNs detected...
WARNING  NaNs detected...
WARNING  NaNs detected...
WARNING  NaNs detected...
WARNING  NaNs detected...
WARNING  NaNs detected...
WARNING  NaNs detected...
WARNING  NaNs detected...
WARNING  NaNs detected...
WARNING  NaNs detected...
WARNING  NaNs detected...
WARNING  NaNs detected...
WARNING  NaNs detected...
WARNING  NaNs detected...
WARNING  NaNs detected...
WARNING  NaNs detected...
WARNING  NaNs detected...
WARNING  NaNs detected...
WARNING  NaNs detected...
WARNING  NaNs detected...
WARNING  NaNs detected...
WARNING  NaNs detected...
WARNING  NaNs detected...
WARNING  NaNs detected...
WARNING  NaNs detected...
WARNING  NaNs detected...
WARNING  NaNs detected...
WARNING  NaNs detected...
WARNING  NaNs detected...
WARNING  NaNs detected...
WARNING  NaNs detected...
WARNING  NaNs detected...
WARNING  NaNs detected...
WARNING  NaNs detected...
WARNING  NaNs detected...
WARNING  NaNs detected...
WARNING  NaNs detected...
WARNING  NaNs detected...
WARNING  NaNs detected...
WARNING  NaNs detected...
WARNING  NaNs detected...
WARNING  NaNs detected...
WARNING  NaNs detected...
WARNING  NaNs detected...
WARNING  NaNs detected...
WARNING  NaNs detected...
WARNING  NaNs detected...
WARNING  NaNs detected...
WARNING  NaNs detected...
WARNING  NaNs detected...
WARNING  NaNs detected...
WARNING  NaNs detected...
WARNING  NaNs detected...
WARNING  NaNs detected...
WARNING  NaNs detected...
WARNING  NaNs detected...
WARNING  NaNs detected...
WARNING  NaNs detected...
WARNING  NaNs detected...
WARNING  NaNs detected...
WARNING  NaNs detected...
WARNING  NaNs detected...
WARNING  NaNs detected...
WARNING  NaNs detected...
WARNING  NaNs detected...
WARNING  NaNs detected...
WARNING  NaNs detected...
WARNING  NaNs detected...
WARNING  NaNs detected...
WARNING  NaNs detected...
WARNING  NaNs detected...
WARNING  NaNs detected...
WARNING  NaNs detected...
WARNING  NaNs detected...
WARNING  NaNs detected...
WARNING  NaNs detected...
WARNING  NaNs detected...
WARNING  NaNs detected...
WARNING  NaNs detected...
WARNING  NaNs detected...
WARNING  NaNs detected...
WARNING  NaNs detected...
WARNING  NaNs detected...
WARNING  NaNs detected...
WARNING  NaNs detected...
WARNING  NaNs detected...
WARNING  NaNs detected...
WARNING  NaNs detected...
WARNING  NaNs detected...
WARNING  NaNs detected...
WARNING  NaNs detected...
WARNING  NaNs detected...
WARNING  NaNs detected...
WARNING  NaNs detected...
WARNING  NaNs detected...
WARNING  NaNs detected...
WARNING  NaNs detected...
WARNING  NaNs detected...
WARNING  NaNs detected...
WARNING  NaNs detected...
WARNING  NaNs detected...
WARNING  NaNs detected...
WARNING  NaNs detected...
WARNING  NaNs detected...
WARNING  NaNs detected...
WARNING  NaNs detected...
WARNING  NaNs detected...
WARNING  NaNs detected...
WARNING  NaNs detected...
WARNING  NaNs detected...
WARNING  NaNs detected...
WARNING  NaNs detected...
WARNING  NaNs detected...
WARNING  NaNs detected...
WARNING  NaNs detected...
WARNING  NaNs detected...
WARNING  NaNs detected...
WARNING  NaNs detected...
WARNING  NaNs detected...
WARNING  NaNs detected...
WARNING  NaNs detected...
WARNING  NaNs detected...
WARNING  NaNs detected...
WARNING  NaNs detected...
WARNING  NaNs detected...
WARNING  NaNs detected...
WARNING  NaNs detected...
WARNING  NaNs detected...
WARNING  NaNs detected...
WARNING  NaNs detected...
WARNING  NaNs detected...
WARNING  NaNs detected...
WARNING  NaNs detected...
WARNING  NaNs detected...
WARNING  NaNs detected...
WARNING  NaNs detected...
WARNING  NaNs detected...
WARNING  NaNs detected...
WARNING  NaNs detected...
WARNING  NaNs detected...
WARNING  NaNs detected...
WARNING  NaNs detected...
WARNING  NaNs detected...
WARNING  NaNs detected...
WARNING  NaNs detected...
WARNING  NaNs detected...
WARNING  NaNs detected...
WARNING  NaNs detected...
WARNING  NaNs detected...
WARNING  NaNs detected...
WARNING  NaNs detected...
WARNING  NaNs detected...
WARNING  NaNs detected...
WARNING  NaNs detected...
WARNING  NaNs detected...
WARNING  NaNs detected...
WARNING  NaNs detected...
WARNING  NaNs detected...
WARNING  NaNs detected...
WARNING  NaNs detected...
WARNING  NaNs detected...
WARNING  NaNs detected...
WARNING  NaNs detected...
WARNING  NaNs detected...
WARNING  NaNs detected...
WARNING  NaNs detected...
WARNING  NaNs detected...
WARNING  NaNs detected...
WARNING  NaNs detected...
WARNING  NaNs detected...
WARNING  NaNs detected...
WARNING  NaNs detected...
WARNING  NaNs detected...
WARNING  NaNs detected...
WARNING  NaNs detected...
WARNING  NaNs detected...
WARNING  NaNs detected...
WARNING  NaNs detected...
WARNING  NaNs detected...
WARNING  NaNs detected...
WARNING  NaNs detected...
WARNING  NaNs detected...
WARNING  NaNs detected...
WARNING  NaNs detected...
WARNING  NaNs detected...
WARNING  NaNs detected...
WARNING  NaNs detected...
WARNING  NaNs detected...
WARNING  NaNs detected...
WARNING  NaNs detected...
WARNING  NaNs detected...
WARNING  NaNs detected...
WARNING  NaNs detected...
WARNING  NaNs detected...
WARNING  NaNs detected...
WARNING  NaNs detected...
WARNING  NaNs detected...
WARNING  NaNs detected...
WARNING  NaNs detected...
WARNING  NaNs detected...
WARNING  NaNs detected...
WARNING  NaNs detected...
WARNING  NaNs detected...
WARNING  NaNs detected...
WARNING  NaNs detected...
WARNING  NaNs detected...
WARNING  NaNs detected...
WARNING  NaNs detected...
WARNING  NaNs detected...
WARNING  NaNs detected...
WARNING  NaNs detected...
WARNING  NaNs detected...
WARNING  NaNs detected...
WARNING  NaNs detected...
WARNING  NaNs detected...
WARNING  NaNs detected...
WARNING  NaNs detected...
WARNING  NaNs detected...
WARNING  NaNs detected...
WARNING  NaNs detected...
WARNING  NaNs detected...
WARNING  NaNs detected...
WARNING  NaNs detected...
WARNING  NaNs detected...
WARNING  NaNs detected...
WARNING  NaNs detected...
WARNING  NaNs detected...
WARNING  NaNs detected...
WARNING  NaNs detected...
WARNING  NaNs detected...
WARNING  NaNs detected...
WARNING  NaNs detected...
WARNING  NaNs detected...
WARNING  NaNs detected...
WARNING  NaNs detected...
WARNING  NaNs detected...
WARNING  NaNs detected...
WARNING  NaNs detected...
WARNING  NaNs detected...
WARNING  NaNs detected...
WARNING  NaNs detected...
WARNING  NaNs detected...
WARNING  NaNs detected...
WARNING  NaNs detected...
WARNING  NaNs detected...
WARNING  NaNs detected...
WARNING  NaNs detected...
WARNING  NaNs detected...
WARNING  NaNs detected...
WARNING  NaNs detected...
WARNING  NaNs detected...
WARNING  NaNs detected...
WARNING  NaNs detected...
WARNING  NaNs detected...
WARNING  NaNs detected...
WARNING  NaNs detected...
WARNING  NaNs detected...
WARNING  NaNs detected...
WARNING  NaNs detected...
WARNING  NaNs detected...
WARNING  NaNs detected...
WARNING  NaNs detected...
WARNING  NaNs detected...
WARNING  NaNs detected...
WARNING  NaNs detected...
WARNING  NaNs detected...
WARNING  NaNs detected...
WARNING  NaNs detected...
WARNING  NaNs detected...
WARNING  NaNs detected...
WARNING  NaNs detected...
WARNING  NaNs detected...
WARNING  NaNs detected...
WARNING  NaNs detected...
WARNING  NaNs detected...
WARNING  NaNs detected...
WARNING  NaNs detected...
WARNING  NaNs detected...
WARNING  NaNs detected...
WARNING  NaNs detected...
WARNING  NaNs detected...
WARNING  NaNs detected...
WARNING  NaNs detected...
WARNING  NaNs detected...
WARNING  NaNs detected...
WARNING  NaNs detected...
WARNING  NaNs detected...
WARNING  NaNs detected...
WARNING  NaNs detected...
WARNING  NaNs detected...
WARNING  NaNs detected...
WARNING  NaNs detected...
WARNING  NaNs detected...
WARNING  NaNs detected...
WARNING  NaNs detected...
WARNING  NaNs detected...
WARNING  NaNs detected...
WARNING  NaNs detected...
WARNING  NaNs detected...
WARNING  NaNs detected...
WARNING  NaNs detected...
WARNING  NaNs detected...
WARNING  NaNs detected...
WARNING  NaNs detected...
WARNING  NaNs detected...
WARNING  NaNs detected...
WARNING  NaNs detected...
WARNING  NaNs detected...
WARNING  NaNs detected...
WARNING  NaNs detected...
WARNING  NaNs detected...
WARNING  NaNs detected...
WARNING  NaNs detected...
WARNING  NaNs detected...
WARNING  NaNs detected...
WARNING  NaNs detected...
WARNING  NaNs detected...
WARNING  NaNs detected...
WARNING  NaNs detected...
WARNING  NaNs detected...
WARNING  NaNs detected...
WARNING  NaNs detected...
WARNING  NaNs detected...
WARNING  NaNs detected...
WARNING  NaNs detected...
WARNING  NaNs detected...
WARNING  NaNs detected...
WARNING  NaNs detected...
WARNING  NaNs detected...
WARNING  NaNs detected...
WARNING  NaNs detected...
WARNING  NaNs detected...
WARNING  NaNs detected...
WARNING  NaNs detected...
WARNING  NaNs detected...
WARNING  NaNs detected...
WARNING  NaNs detected...
WARNING  NaNs detected...
WARNING  NaNs detected...
WARNING  NaNs detected...
WARNING  NaNs detected...
WARNING  NaNs detected...
WARNING  NaNs detected...
WARNING  NaNs detected...
WARNING  NaNs detected...
WARNING  NaNs detected...
WARNING  NaNs detected...
WARNING  NaNs detected...
WARNING  NaNs detected...
WARNING  NaNs detected...
WARNING  NaNs detected...
WARNING  NaNs detected...
WARNING  NaNs detected...
WARNING  NaNs detected...
WARNING  NaNs detected...
WARNING  NaNs detected...
WARNING  NaNs detected...
WARNING  NaNs detected...
WARNING  NaNs detected...
WARNING  NaNs detected...
WARNING  NaNs detected...
WARNING  NaNs detected...
WARNING  NaNs detected...
WARNING  NaNs detected...
WARNING  NaNs detected...
WARNING  NaNs detected...
WARNING  NaNs detected...
WARNING  NaNs detected...
WARNING  NaNs detected...
WARNING  NaNs detected...
WARNING  NaNs detected...
WARNING  NaNs detected...
WARNING  NaNs detected...
WARNING  NaNs detected...
WARNING  NaNs detected...
WARNING  NaNs detected...
WARNING  NaNs detected...
WARNING  NaNs detected...
WARNING  NaNs detected...
WARNING  NaNs detected...
WARNING  NaNs detected...
WARNING  NaNs detected...
WARNING  NaNs detected...
WARNING  NaNs detected...
WARNING  NaNs detected...
WARNING  NaNs detected...
WARNING  NaNs detected...
WARNING  NaNs detected...
WARNING  NaNs detected...
WARNING  NaNs detected...
WARNING  NaNs detected...
WARNING  NaNs detected...
WARNING  NaNs detected...
WARNING  NaNs detected...
WARNING  NaNs detected...
WARNING  NaNs detected...
WARNING  NaNs detected...
WARNING  NaNs detected...
WARNING  NaNs detected...
WARNING  NaNs detected...
WARNING  NaNs detected...
WARNING  NaNs detected...
WARNING  NaNs detected...
WARNING  NaNs detected...
WARNING  NaNs detected...
WARNING  NaNs detected...
WARNING  NaNs detected...
WARNING  NaNs detected...
WARNING  NaNs detected...
WARNING  NaNs detected...
WARNING  NaNs detected...
WARNING  NaNs detected...
WARNING  NaNs detected...
WARNING  NaNs detected...
WARNING  NaNs detected...
WARNING  NaNs detected...
WARNING  NaNs detected...
WARNING  NaNs detected...
WARNING  NaNs detected...
WARNING  NaNs detected...
WARNING  NaNs detected...
WARNING  NaNs detected...
WARNING  NaNs detected...
WARNING  NaNs detected...
WARNING  NaNs detected...
WARNING  NaNs detected...
WARNING  NaNs detected...
WARNING  NaNs detected...
WARNING  NaNs detected...
WARNING  NaNs detected...
WARNING  NaNs detected...
WARNING  NaNs detected...
WARNING  NaNs detected...
WARNING  NaNs detected...
WARNING  NaNs detected...
WARNING  NaNs detected...
WARNING  NaNs detected...
WARNING  NaNs detected...
WARNING  NaNs detected...
WARNING  NaNs detected...
WARNING  NaNs detected...
WARNING  NaNs detected...
WARNING  NaNs detected...
WARNING  NaNs detected...
WARNING  NaNs detected...
WARNING  NaNs detected...
WARNING  NaNs detected...
WARNING  NaNs detected...
WARNING  NaNs detected...
WARNING  NaNs detected...
WARNING  NaNs detected...
WARNING  NaNs detected...
WARNING  NaNs detected...
WARNING  NaNs detected...
WARNING  NaNs detected...
WARNING  NaNs detected...
WARNING  NaNs detected...
WARNING  NaNs detected...
WARNING  NaNs detected...
WARNING  NaNs detected...
WARNING  NaNs detected...
WARNING  NaNs detected...
WARNING  NaNs detected...
WARNING  NaNs detected...
WARNING  NaNs detected...
WARNING  NaNs detected...
WARNING  NaNs detected...
WARNING  NaNs detected...
WARNING  NaNs detected...
WARNING  NaNs detected...
WARNING  NaNs detected...
WARNING  NaNs detected...
WARNING  NaNs detected...
WARNING  NaNs detected...
WARNING  NaNs detected...
WARNING  NaNs detected...
WARNING  NaNs detected...
WARNING  NaNs detected...
WARNING  NaNs detected...
WARNING  NaNs detected...
WARNING  NaNs detected...
WARNING  NaNs detected...
WARNING  NaNs detected...
WARNING  NaNs detected...
WARNING  NaNs detected...
WARNING  NaNs detected...
WARNING  NaNs detected...
WARNING  NaNs detected...
WARNING  NaNs detected...
WARNING  NaNs detected...
WARNING  NaNs detected...
WARNING  NaNs detected...
WARNING  NaNs detected...
WARNING  NaNs detected...
WARNING  NaNs detected...
WARNING  NaNs detected...
WARNING  NaNs detected...
WARNING  NaNs detected...
WARNING  NaNs detected...
WARNING  NaNs detected...
WARNING  NaNs detected...
WARNING  NaNs detected...
WARNING  NaNs detected...
WARNING  NaNs detected...
WARNING  NaNs detected...
WARNING  NaNs detected...
WARNING  NaNs detected...
WARNING  NaNs detected...
WARNING  NaNs detected...
WARNING  NaNs detected...
WARNING  NaNs detected...
WARNING  NaNs detected...
WARNING  NaNs detected...
WARNING  NaNs detected...
WARNING  NaNs detected...
WARNING  NaNs detected...
WARNING  NaNs detected...
WARNING  NaNs detected...
WARNING  NaNs detected...
WARNING  NaNs detected...
WARNING  NaNs detected...
WARNING  NaNs detected...
WARNING  NaNs detected...
WARNING  NaNs detected...
WARNING  NaNs detected...
WARNING  NaNs detected...
WARNING  NaNs detected...
WARNING  NaNs detected...
WARNING  NaNs detected...
WARNING  NaNs detected...
WARNING  NaNs detected...
WARNING  NaNs detected...
WARNING  NaNs detected...
WARNING  NaNs detected...
WARNING  NaNs detected...
WARNING  NaNs detected...
WARNING  NaNs detected...
WARNING  NaNs detected...
WARNING  NaNs detected...
WARNING  NaNs detected...
WARNING  NaNs detected...
WARNING  NaNs detected...
WARNING  NaNs detected...
WARNING  NaNs detected...
WARNING  NaNs detected...
WARNING  NaNs detected...
WARNING  NaNs detected...
WARNING  NaNs detected...
WARNING  NaNs detected...
WARNING  NaNs detected...
WARNING  NaNs detected...
WARNING  NaNs detected...
WARNING  NaNs detected...
WARNING  NaNs detected...
WARNING  NaNs detected...
WARNING  NaNs detected...
WARNING  NaNs detected...
WARNING  NaNs detected...
WARNING  NaNs detected...
WARNING  NaNs detected...
WARNING  NaNs detected...
WARNING  NaNs detected...
WARNING  NaNs detected...
WARNING  NaNs detected...
WARNING  NaNs detected...
WARNING  NaNs detected...
WARNING  NaNs detected...
WARNING  NaNs detected...
WARNING  NaNs detected...
WARNING  NaNs detected...
WARNING  NaNs detected...
WARNING  NaNs detected...
WARNING  NaNs detected...
WARNING  NaNs detected...
WARNING  NaNs detected...
WARNING  NaNs detected...
WARNING  NaNs detected...
WARNING  NaNs detected...
WARNING  NaNs detected...
WARNING  NaNs detected...
WARNING  NaNs detected...
WARNING  NaNs detected...
WARNING  NaNs detected...
WARNING  NaNs detected...
WARNING  NaNs detected...
WARNING  NaNs detected...
WARNING  NaNs detected...
WARNING  NaNs detected...
WARNING  NaNs detected...
WARNING  NaNs detected...
WARNING  NaNs detected...
WARNING  NaNs detected...
WARNING  NaNs detected...
WARNING  NaNs detected...
WARNING  NaNs detected...
WARNING  NaNs detected...
WARNING  NaNs detected...
WARNING  NaNs detected...
WARNING  NaNs detected...
WARNING  NaNs detected...
WARNING  NaNs detected...
WARNING  NaNs detected...
WARNING  NaNs detected...
WARNING  NaNs detected...
WARNING  NaNs detected...
WARNING  NaNs detected...
WARNING  NaNs detected...
WARNING  NaNs detected...
WARNING  NaNs detected...
WARNING  NaNs detected...
WARNING  NaNs detected...
WARNING  NaNs detected...
WARNING  NaNs detected...
WARNING  NaNs detected...
WARNING  NaNs detected...
WARNING  NaNs detected...
WARNING  NaNs detected...
WARNING  NaNs detected...
WARNING  NaNs detected...
WARNING  NaNs detected...
WARNING  NaNs detected...
WARNING  NaNs detected...
WARNING  NaNs detected...
WARNING  NaNs detected...
WARNING  NaNs detected...
WARNING  NaNs detected...
WARNING  NaNs detected...
WARNING  NaNs detected...
WARNING  NaNs detected...
WARNING  NaNs detected...
WARNING  NaNs detected...
WARNING  NaNs detected...
WARNING  NaNs detected...
WARNING  NaNs detected...
WARNING  NaNs detected...
WARNING  NaNs detected...
WARNING  NaNs detected...
WARNING  NaNs detected...
WARNING  NaNs detected...
WARNING  NaNs detected...
WARNING  NaNs detected...
WARNING  NaNs detected...
WARNING  NaNs detected...
WARNING  NaNs detected...
WARNING  NaNs detected...
WARNING  NaNs detected...
WARNING  NaNs detected...
WARNING  NaNs detected...
WARNING  NaNs detected...
WARNING  NaNs detected...
WARNING  NaNs detected...
WARNING  NaNs detected...
WARNING  NaNs detected...
WARNING  NaNs detected...
WARNING  NaNs detected...
WARNING  NaNs detected...
WARNING  NaNs detected...
WARNING  NaNs detected...
WARNING  NaNs detected...
WARNING  NaNs detected...
WARNING  NaNs detected...
WARNING  NaNs detected...
WARNING  NaNs detected...
WARNING  NaNs detected...
WARNING  NaNs detected...
WARNING  NaNs detected...
WARNING  NaNs detected...
WARNING  NaNs detected...
WARNING  NaNs detected...
WARNING  NaNs detected...
WARNING  NaNs detected...
WARNING  NaNs detected...
WARNING  NaNs detected...
WARNING  NaNs detected...
WARNING  NaNs detected...
WARNING  NaNs detected...
WARNING  NaNs detected...
WARNING  NaNs detected...
WARNING  NaNs detected...
WARNING  NaNs detected...
WARNING  NaNs detected...
WARNING  NaNs detected...
WARNING  NaNs detected...
WARNING  NaNs detected...
WARNING  NaNs detected...
WARNING  NaNs detected...
WARNING  NaNs detected...
WARNING  NaNs detected...
WARNING  NaNs detected...
WARNING  NaNs detected...
WARNING  NaNs detected...
WARNING  NaNs detected...
WARNING  NaNs detected...
WARNING  NaNs detected...
WARNING  NaNs detected...
WARNING  NaNs detected...
WARNING  NaNs detected...
WARNING  NaNs detected...
tavg_to_bold step
BOLD shape (T, N): 22 118
/home/mgolmoha/TVB/virtual_ageing/showcase1_ageing/simulation.py:283: VisibleDeprecationWarning: Creating an ndarray from ragged nested sequences (which is a list-or-tuple of lists-or-tuples-or ndarrays with different lengths or shapes) is deprecated. If you meant to do this, you must specify 'dtype=object' when creating the ndarray.
  return numpy.array([k1, k2, k3])
/home/mgolmoha/TVB/virtual_ageing/showcase1_ageing/simulation.py:334: RuntimeWarning: overflow encountered in power
  dv = (1. / self.tau_o) * (f - v ** (1. / self.alpha))
/home/mgolmoha/TVB/virtual_ageing/showcase1_ageing/simulation.py:336: RuntimeWarning: overflow encountered in power
  (v ** (1. / self.alpha)) * (q / v))
/home/mgolmoha/TVB/virtual_ageing/showcase1_ageing/simulation.py:334: RuntimeWarning: invalid value encountered in power
  dv = (1. / self.tau_o) * (f - v ** (1. / self.alpha))
/home/mgolmoha/TVB/virtual_ageing/showcase1_ageing/simulation.py:336: RuntimeWarning: invalid value encountered in power
  (v ** (1. / self.alpha)) * (q / v))
/home/mgolmoha/TVB/virtual_ageing/showcase1_ageing/simulation.py:336: RuntimeWarning: invalid value encountered in true_divide
  (v ** (1. / self.alpha)) * (q / v))
/home/mgolmoha/TVB/virtual_ageing/showcase1_ageing/simulation.py:238: RuntimeWarning: invalid value encountered in true_divide
  y_bold = numpy.array(self.V0 * (k1 * (1. - q) + k2 * (1. - q / v) + k3 * (1. - v)))
Completed: subject=sub-0002 noise=0.04 G=2.1639974092 dt=0.005, Result=[0.0008164395772086765, 0.19694912465264472, 0.5504941396546279, 41.263551235198975]
[1;2;31mflexiblas BLAS backend  "AOCL" not found. Loading default (IMKL) instead.
[0m/home/mgolmoha/TVB/env/lib/python3.7/site-packages/tvb/datatypes/surfaces.py:63: UserWarning: Geodesic distance module is unavailable; some functionality for surfaces will be unavailable.
  warnings.warn(msg)
tavg_to_bold step
BOLD shape (T, N): 22 118
/home/mgolmoha/TVB/virtual_ageing/showcase1_ageing/simulation.py:283: VisibleDeprecationWarning: Creating an ndarray from ragged nested sequences (which is a list-or-tuple of lists-or-tuples-or ndarrays with different lengths or shapes) is deprecated. If you meant to do this, you must specify 'dtype=object' when creating the ndarray.
  return numpy.array([k1, k2, k3])
Completed: subject=sub-0002 noise=0.04 G=2.1641601155 dt=0.005, Result=[0.0020241372194995445, 0.07202498086693543, 2.068696704482342, 40.512768030166626]
[1;2;31mflexiblas BLAS backend  "AOCL" not found. Loading default (IMKL) instead.
[0m/home/mgolmoha/TVB/env/lib/python3.7/site-packages/tvb/datatypes/surfaces.py:63: UserWarning: Geodesic distance module is unavailable; some functionality for surfaces will be unavailable.
  warnings.warn(msg)
tavg_to_bold step
BOLD shape (T, N): 22 118
/home/mgolmoha/TVB/virtual_ageing/showcase1_ageing/simulation.py:283: VisibleDeprecationWarning: Creating an ndarray from ragged nested sequences (which is a list-or-tuple of lists-or-tuples-or ndarrays with different lengths or shapes) is deprecated. If you meant to do this, you must specify 'dtype=object' when creating the ndarray.
  return numpy.array([k1, k2, k3])
Completed: subject=sub-0002 noise=0.04 G=2.1643228218 dt=0.005, Result=[0.0022223333037216554, 0.1421725099538294, 5.914182024595295, 40.15602946281433]
[1;2;31mflexiblas BLAS backend  "AOCL" not found. Loading default (IMKL) instead.
[0m/home/mgolmoha/TVB/env/lib/python3.7/site-packages/tvb/datatypes/surfaces.py:63: UserWarning: Geodesic distance module is unavailable; some functionality for surfaces will be unavailable.
  warnings.warn(msg)
tavg_to_bold step
BOLD shape (T, N): 22 118
/home/mgolmoha/TVB/virtual_ageing/showcase1_ageing/simulation.py:283: VisibleDeprecationWarning: Creating an ndarray from ragged nested sequences (which is a list-or-tuple of lists-or-tuples-or ndarrays with different lengths or shapes) is deprecated. If you meant to do this, you must specify 'dtype=object' when creating the ndarray.
  return numpy.array([k1, k2, k3])
Completed: subject=sub-0002 noise=0.04 G=2.1644855281 dt=0.005, Result=[0.0013548656919088187, 0.08852813547596217, 2.8738399945101953, 41.12860608100891]
[1;2;31mflexiblas BLAS backend  "AOCL" not found. Loading default (IMKL) instead.
[0m/home/mgolmoha/TVB/env/lib/python3.7/site-packages/tvb/datatypes/surfaces.py:63: UserWarning: Geodesic distance module is unavailable; some functionality for surfaces will be unavailable.
  warnings.warn(msg)
tavg_to_bold step
BOLD shape (T, N): 22 118
/home/mgolmoha/TVB/virtual_ageing/showcase1_ageing/simulation.py:283: VisibleDeprecationWarning: Creating an ndarray from ragged nested sequences (which is a list-or-tuple of lists-or-tuples-or ndarrays with different lengths or shapes) is deprecated. If you meant to do this, you must specify 'dtype=object' when creating the ndarray.
  return numpy.array([k1, k2, k3])
Completed: subject=sub-0002 noise=0.04 G=2.1646482344 dt=0.005, Result=[0.0009313238076784058, 0.14070879324278032, 4.9933441923618, 40.74197506904602]
[1;2;31mflexiblas BLAS backend  "AOCL" not found. Loading default (IMKL) instead.
[0m/home/mgolmoha/TVB/env/lib/python3.7/site-packages/tvb/datatypes/surfaces.py:63: UserWarning: Geodesic distance module is unavailable; some functionality for surfaces will be unavailable.
  warnings.warn(msg)
tavg_to_bold step
BOLD shape (T, N): 22 118
/home/mgolmoha/TVB/virtual_ageing/showcase1_ageing/simulation.py:283: VisibleDeprecationWarning: Creating an ndarray from ragged nested sequences (which is a list-or-tuple of lists-or-tuples-or ndarrays with different lengths or shapes) is deprecated. If you meant to do this, you must specify 'dtype=object' when creating the ndarray.
  return numpy.array([k1, k2, k3])
Completed: subject=sub-0002 noise=0.04 G=2.1648109407 dt=0.005, Result=[0.0015526550514659793, -0.08022972237884261, -0.28287684918333333, 40.1614305973053]
[1;2;31mflexiblas BLAS backend  "AOCL" not found. Loading default (IMKL) instead.
[0m/home/mgolmoha/TVB/env/lib/python3.7/site-packages/tvb/datatypes/surfaces.py:63: UserWarning: Geodesic distance module is unavailable; some functionality for surfaces will be unavailable.
  warnings.warn(msg)
tavg_to_bold step
BOLD shape (T, N): 22 118
/home/mgolmoha/TVB/virtual_ageing/showcase1_ageing/simulation.py:283: VisibleDeprecationWarning: Creating an ndarray from ragged nested sequences (which is a list-or-tuple of lists-or-tuples-or ndarrays with different lengths or shapes) is deprecated. If you meant to do this, you must specify 'dtype=object' when creating the ndarray.
  return numpy.array([k1, k2, k3])
Completed: subject=sub-0002 noise=0.04 G=2.164973647 dt=0.005, Result=[0.0021453298517215736, 0.03633556916353705, 4.514425278036914, 39.711506843566895]
[1;2;31mflexiblas BLAS backend  "AOCL" not found. Loading default (IMKL) instead.
[0m/home/mgolmoha/TVB/env/lib/python3.7/site-packages/tvb/datatypes/surfaces.py:63: UserWarning: Geodesic distance module is unavailable; some functionality for surfaces will be unavailable.
  warnings.warn(msg)
tavg_to_bold step
BOLD shape (T, N): 22 118
/home/mgolmoha/TVB/virtual_ageing/showcase1_ageing/simulation.py:283: VisibleDeprecationWarning: Creating an ndarray from ragged nested sequences (which is a list-or-tuple of lists-or-tuples-or ndarrays with different lengths or shapes) is deprecated. If you meant to do this, you must specify 'dtype=object' when creating the ndarray.
  return numpy.array([k1, k2, k3])
Completed: subject=sub-0002 noise=0.04 G=2.1651363533 dt=0.005, Result=[0.005463202473060969, 0.02922322528486114, 5.305216256240421, 38.68052697181702]
[1;2;31mflexiblas BLAS backend  "AOCL" not found. Loading default (IMKL) instead.
[0m/home/mgolmoha/TVB/env/lib/python3.7/site-packages/tvb/datatypes/surfaces.py:63: UserWarning: Geodesic distance module is unavailable; some functionality for surfaces will be unavailable.
  warnings.warn(msg)
tavg_to_bold step
BOLD shape (T, N): 22 118
/home/mgolmoha/TVB/virtual_ageing/showcase1_ageing/simulation.py:283: VisibleDeprecationWarning: Creating an ndarray from ragged nested sequences (which is a list-or-tuple of lists-or-tuples-or ndarrays with different lengths or shapes) is deprecated. If you meant to do this, you must specify 'dtype=object' when creating the ndarray.
  return numpy.array([k1, k2, k3])
Completed: subject=sub-0002 noise=0.04 G=2.1652990596 dt=0.005, Result=[0.0028456472436566506, 0.029512098733823194, 0.5894943459055639, 38.05110049247742]
[1;2;31mflexiblas BLAS backend  "AOCL" not found. Loading default (IMKL) instead.
[0m/home/mgolmoha/TVB/env/lib/python3.7/site-packages/tvb/datatypes/surfaces.py:63: UserWarning: Geodesic distance module is unavailable; some functionality for surfaces will be unavailable.
  warnings.warn(msg)
tavg_to_bold step
BOLD shape (T, N): 22 118
/home/mgolmoha/TVB/virtual_ageing/showcase1_ageing/simulation.py:283: VisibleDeprecationWarning: Creating an ndarray from ragged nested sequences (which is a list-or-tuple of lists-or-tuples-or ndarrays with different lengths or shapes) is deprecated. If you meant to do this, you must specify 'dtype=object' when creating the ndarray.
  return numpy.array([k1, k2, k3])
Completed: subject=sub-0002 noise=0.04 G=2.1654617659 dt=0.005, Result=[0.0022763040235285518, -0.02001173752109695, 1.8066650820569308, 37.93318772315979]
[1;2;31mflexiblas BLAS backend  "AOCL" not found. Loading default (IMKL) instead.
[0m/home/mgolmoha/TVB/env/lib/python3.7/site-packages/tvb/datatypes/surfaces.py:63: UserWarning: Geodesic distance module is unavailable; some functionality for surfaces will be unavailable.
  warnings.warn(msg)
tavg_to_bold step
BOLD shape (T, N): 22 118
/home/mgolmoha/TVB/virtual_ageing/showcase1_ageing/simulation.py:283: VisibleDeprecationWarning: Creating an ndarray from ragged nested sequences (which is a list-or-tuple of lists-or-tuples-or ndarrays with different lengths or shapes) is deprecated. If you meant to do this, you must specify 'dtype=object' when creating the ndarray.
  return numpy.array([k1, k2, k3])
Completed: subject=sub-0002 noise=0.04 G=2.1656244722 dt=0.005, Result=[0.0025911958201196303, 0.01839538092799095, 1.3588894926015627, 37.60328531265259]
[1;2;31mflexiblas BLAS backend  "AOCL" not found. Loading default (IMKL) instead.
[0m/home/mgolmoha/TVB/env/lib/python3.7/site-packages/tvb/datatypes/surfaces.py:63: UserWarning: Geodesic distance module is unavailable; some functionality for surfaces will be unavailable.
  warnings.warn(msg)
tavg_to_bold step
BOLD shape (T, N): 22 118
/home/mgolmoha/TVB/virtual_ageing/showcase1_ageing/simulation.py:283: VisibleDeprecationWarning: Creating an ndarray from ragged nested sequences (which is a list-or-tuple of lists-or-tuples-or ndarrays with different lengths or shapes) is deprecated. If you meant to do this, you must specify 'dtype=object' when creating the ndarray.
  return numpy.array([k1, k2, k3])
Completed: subject=sub-0002 noise=0.04 G=2.1657871785 dt=0.005, Result=[0.0018519629769793893, 0.015240660581720317, 2.6691040088324964, 36.83214712142944]
[1;2;31mflexiblas BLAS backend  "AOCL" not found. Loading default (IMKL) instead.
[0m/home/mgolmoha/TVB/env/lib/python3.7/site-packages/tvb/datatypes/surfaces.py:63: UserWarning: Geodesic distance module is unavailable; some functionality for surfaces will be unavailable.
  warnings.warn(msg)
tavg_to_bold step
BOLD shape (T, N): 22 118
/home/mgolmoha/TVB/virtual_ageing/showcase1_ageing/simulation.py:283: VisibleDeprecationWarning: Creating an ndarray from ragged nested sequences (which is a list-or-tuple of lists-or-tuples-or ndarrays with different lengths or shapes) is deprecated. If you meant to do this, you must specify 'dtype=object' when creating the ndarray.
  return numpy.array([k1, k2, k3])
Completed: subject=sub-0002 noise=0.04 G=2.1659498848 dt=0.005, Result=[0.001263688883594802, 0.06604342788837789, 4.80529315617196, 36.53706192970276]
[1;2;31mflexiblas BLAS backend  "AOCL" not found. Loading default (IMKL) instead.
[0m/home/mgolmoha/TVB/env/lib/python3.7/site-packages/tvb/datatypes/surfaces.py:63: UserWarning: Geodesic distance module is unavailable; some functionality for surfaces will be unavailable.
  warnings.warn(msg)
tavg_to_bold step
BOLD shape (T, N): 22 118
/home/mgolmoha/TVB/virtual_ageing/showcase1_ageing/simulation.py:283: VisibleDeprecationWarning: Creating an ndarray from ragged nested sequences (which is a list-or-tuple of lists-or-tuples-or ndarrays with different lengths or shapes) is deprecated. If you meant to do this, you must specify 'dtype=object' when creating the ndarray.
  return numpy.array([k1, k2, k3])
Completed: subject=sub-0002 noise=0.04 G=2.1661125911 dt=0.005, Result=[0.005882577093328624, -0.040079208464272195, -0.4331566401880771, 36.728084087371826]
[1;2;31mflexiblas BLAS backend  "AOCL" not found. Loading default (IMKL) instead.
[0m/home/mgolmoha/TVB/env/lib/python3.7/site-packages/tvb/datatypes/surfaces.py:63: UserWarning: Geodesic distance module is unavailable; some functionality for surfaces will be unavailable.
  warnings.warn(msg)
tavg_to_bold step
BOLD shape (T, N): 22 118
/home/mgolmoha/TVB/virtual_ageing/showcase1_ageing/simulation.py:283: VisibleDeprecationWarning: Creating an ndarray from ragged nested sequences (which is a list-or-tuple of lists-or-tuples-or ndarrays with different lengths or shapes) is deprecated. If you meant to do this, you must specify 'dtype=object' when creating the ndarray.
  return numpy.array([k1, k2, k3])
Completed: subject=sub-0002 noise=0.04 G=2.1662752974 dt=0.005, Result=[0.000937237113120654, 0.11369615278742616, 5.517185371538721, 36.270620584487915]
[1;2;31mflexiblas BLAS backend  "AOCL" not found. Loading default (IMKL) instead.
[0m/home/mgolmoha/TVB/env/lib/python3.7/site-packages/tvb/datatypes/surfaces.py:63: UserWarning: Geodesic distance module is unavailable; some functionality for surfaces will be unavailable.
  warnings.warn(msg)
tavg_to_bold step
BOLD shape (T, N): 22 118
/home/mgolmoha/TVB/virtual_ageing/showcase1_ageing/simulation.py:283: VisibleDeprecationWarning: Creating an ndarray from ragged nested sequences (which is a list-or-tuple of lists-or-tuples-or ndarrays with different lengths or shapes) is deprecated. If you meant to do this, you must specify 'dtype=object' when creating the ndarray.
  return numpy.array([k1, k2, k3])
Completed: subject=sub-0002 noise=0.04 G=2.1664380037 dt=0.005, Result=[0.0016404682720619092, -0.028394178381802745, 2.3257161839263745, 36.489272594451904]
