[1;2;31mflexiblas BLAS backend  "AOCL" not found. Loading default (IMKL) instead.
[0m/home/mgolmoha/TVB/env/lib/python3.7/site-packages/tvb/datatypes/surfaces.py:63: UserWarning: Geodesic distance module is unavailable; some functionality for surfaces will be unavailable.
  warnings.warn(msg)
--- Logging error ---
Traceback (most recent call last):
  File "/home/mgolmoha/TVB/env/lib/python3.7/site-packages/tvb/basic/neotraits/_attr.py", line 118, in _post_bind_validate
    hash(self.default)
TypeError: unhashable type: 'dict'

During handling of the above exception, another exception occurred:

Traceback (most recent call last):
  File "/cvmfs/soft.computecanada.ca/gentoo/2020/usr/lib/python3.7/logging/handlers.py", line 70, in emit
    self.doRollover()
  File "/cvmfs/soft.computecanada.ca/gentoo/2020/usr/lib/python3.7/logging/handlers.py", line 394, in doRollover
    self.rotate(self.baseFilename, dfn)
  File "/cvmfs/soft.computecanada.ca/gentoo/2020/usr/lib/python3.7/logging/handlers.py", line 111, in rotate
    os.rename(source, dest)
FileNotFoundError: [Errno 2] No such file or directory: '/home/mgolmoha/.tvb-temp/logs/library.log' -> '/home/mgolmoha/.tvb-temp/logs/library.log.2025-12-07'
Call stack:
  File "/scratch/mgolmoha/TVB_Brown_Bag/tvb_study_group/Session_7-SBI/SBI-TVB/single_sim_handler.py", line 5, in <module>
    import montbrio_simulation
  File "<frozen importlib._bootstrap>", line 983, in _find_and_load
  File "<frozen importlib._bootstrap>", line 967, in _find_and_load_unlocked
  File "<frozen importlib._bootstrap>", line 677, in _load_unlocked
  File "<frozen importlib._bootstrap_external>", line 728, in exec_module
  File "<frozen importlib._bootstrap>", line 219, in _call_with_frames_removed
  File "/scratch/mgolmoha/TVB_Brown_Bag/tvb_study_group/Session_7-SBI/SBI-TVB/montbrio_simulation.py", line 3, in <module>
    import showcase1_ageing as utils
  File "<frozen importlib._bootstrap>", line 983, in _find_and_load
  File "<frozen importlib._bootstrap>", line 967, in _find_and_load_unlocked
  File "<frozen importlib._bootstrap>", line 677, in _load_unlocked
  File "<frozen importlib._bootstrap_external>", line 728, in exec_module
  File "<frozen importlib._bootstrap>", line 219, in _call_with_frames_removed
  File "/home/mgolmoha/TVB/virtual_ageing/showcase1_ageing/__init__.py", line 2, in <module>
    from .phase_plane import phase_plane_interactive
  File "<frozen importlib._bootstrap>", line 983, in _find_and_load
  File "<frozen importlib._bootstrap>", line 967, in _find_and_load_unlocked
  File "<frozen importlib._bootstrap>", line 677, in _load_unlocked
  File "<frozen importlib._bootstrap_external>", line 728, in exec_module
  File "<frozen importlib._bootstrap>", line 219, in _call_with_frames_removed
  File "/home/mgolmoha/TVB/virtual_ageing/showcase1_ageing/phase_plane.py", line 6, in <module>
    from tvb.simulator.lab import integrators
  File "<frozen importlib._bootstrap>", line 983, in _find_and_load
  File "<frozen importlib._bootstrap>", line 967, in _find_and_load_unlocked
  File "<frozen importlib._bootstrap>", line 677, in _load_unlocked
  File "<frozen importlib._bootstrap_external>", line 728, in exec_module
  File "<frozen importlib._bootstrap>", line 219, in _call_with_frames_removed
  File "/home/mgolmoha/TVB/env/lib/python3.7/site-packages/tvb/simulator/lab.py", line 57, in <module>
    from tvb.simulator import (simulator, models, coupling, integrators, monitors, noise)
  File "<frozen importlib._bootstrap>", line 1035, in _handle_fromlist
  File "<frozen importlib._bootstrap>", line 219, in _call_with_frames_removed
  File "<frozen importlib._bootstrap>", line 983, in _find_and_load
  File "<frozen importlib._bootstrap>", line 967, in _find_and_load_unlocked
  File "<frozen importlib._bootstrap>", line 677, in _load_unlocked
  File "<frozen importlib._bootstrap_external>", line 728, in exec_module
  File "<frozen importlib._bootstrap>", line 219, in _call_with_frames_removed
  File "/home/mgolmoha/TVB/env/lib/python3.7/site-packages/tvb/simulator/simulator.py", line 49, in <module>
    from tvb.simulator import models, integrators, monitors, coupling
  File "<frozen importlib._bootstrap>", line 1035, in _handle_fromlist
  File "<frozen importlib._bootstrap>", line 219, in _call_with_frames_removed
  File "<frozen importlib._bootstrap>", line 983, in _find_and_load
  File "<frozen importlib._bootstrap>", line 967, in _find_and_load_unlocked
  File "<frozen importlib._bootstrap>", line 677, in _load_unlocked
  File "<frozen importlib._bootstrap_external>", line 728, in exec_module
  File "<frozen importlib._bootstrap>", line 219, in _call_with_frames_removed
  File "/home/mgolmoha/TVB/env/lib/python3.7/site-packages/tvb/simulator/monitors.py", line 60, in <module>
    from tvb.datatypes.time_series import (TimeSeries, TimeSeriesRegion, TimeSeriesEEG, TimeSeriesMEG, TimeSeriesSEEG,
  File "<frozen importlib._bootstrap>", line 983, in _find_and_load
  File "<frozen importlib._bootstrap>", line 967, in _find_and_load_unlocked
  File "<frozen importlib._bootstrap>", line 677, in _load_unlocked
  File "<frozen importlib._bootstrap_external>", line 728, in exec_module
  File "<frozen importlib._bootstrap>", line 219, in _call_with_frames_removed
  File "/home/mgolmoha/TVB/env/lib/python3.7/site-packages/tvb/datatypes/time_series.py", line 44, in <module>
    class TimeSeries(HasTraits):
  File "/home/mgolmoha/TVB/env/lib/python3.7/site-packages/tvb/basic/neotraits/_declarative_base.py", line 232, in __new__
    v._post_bind_validate()
  File "/home/mgolmoha/TVB/env/lib/python3.7/site-packages/tvb/basic/neotraits/_attr.py", line 121, in _post_bind_validate
    'Consider using a lambda as a value factory \n   attribute {}'.format(self))
Message: "Field seems mutable and has a default value. Consider using a lambda as a value factory \n   attribute tvb.datatypes.time_series.TimeSeries.labels_dimensions = Attr(field_type=<class 'dict'>, default={}, required=True)"
Arguments: ()
--- Logging error ---
Traceback (most recent call last):
  File "/home/mgolmoha/TVB/env/lib/python3.7/site-packages/tvb/basic/neotraits/_attr.py", line 118, in _post_bind_validate
    hash(self.default)
TypeError: unhashable type: 'dict'

During handling of the above exception, another exception occurred:

Traceback (most recent call last):
  File "/cvmfs/soft.computecanada.ca/gentoo/2020/usr/lib/python3.7/logging/handlers.py", line 70, in emit
    self.doRollover()
  File "/cvmfs/soft.computecanada.ca/gentoo/2020/usr/lib/python3.7/logging/handlers.py", line 393, in doRollover
    os.remove(dfn)
FileNotFoundError: [Errno 2] No such file or directory: '/home/mgolmoha/.tvb-temp/logs/library.log.2025-12-07'
Call stack:
  File "/scratch/mgolmoha/TVB_Brown_Bag/tvb_study_group/Session_7-SBI/SBI-TVB/single_sim_handler.py", line 5, in <module>
    import montbrio_simulation
  File "<frozen importlib._bootstrap>", line 983, in _find_and_load
  File "<frozen importlib._bootstrap>", line 967, in _find_and_load_unlocked
  File "<frozen importlib._bootstrap>", line 677, in _load_unlocked
  File "<frozen importlib._bootstrap_external>", line 728, in exec_module
  File "<frozen importlib._bootstrap>", line 219, in _call_with_frames_removed
  File "/scratch/mgolmoha/TVB_Brown_Bag/tvb_study_group/Session_7-SBI/SBI-TVB/montbrio_simulation.py", line 3, in <module>
    import showcase1_ageing as utils
  File "<frozen importlib._bootstrap>", line 983, in _find_and_load
  File "<frozen importlib._bootstrap>", line 967, in _find_and_load_unlocked
  File "<frozen importlib._bootstrap>", line 677, in _load_unlocked
  File "<frozen importlib._bootstrap_external>", line 728, in exec_module
  File "<frozen importlib._bootstrap>", line 219, in _call_with_frames_removed
  File "/home/mgolmoha/TVB/virtual_ageing/showcase1_ageing/__init__.py", line 2, in <module>
    from .phase_plane import phase_plane_interactive
  File "<frozen importlib._bootstrap>", line 983, in _find_and_load
  File "<frozen importlib._bootstrap>", line 967, in _find_and_load_unlocked
  File "<frozen importlib._bootstrap>", line 677, in _load_unlocked
  File "<frozen importlib._bootstrap_external>", line 728, in exec_module
  File "<frozen importlib._bootstrap>", line 219, in _call_with_frames_removed
  File "/home/mgolmoha/TVB/virtual_ageing/showcase1_ageing/phase_plane.py", line 6, in <module>
    from tvb.simulator.lab import integrators
  File "<frozen importlib._bootstrap>", line 983, in _find_and_load
  File "<frozen importlib._bootstrap>", line 967, in _find_and_load_unlocked
  File "<frozen importlib._bootstrap>", line 677, in _load_unlocked
  File "<frozen importlib._bootstrap_external>", line 728, in exec_module
  File "<frozen importlib._bootstrap>", line 219, in _call_with_frames_removed
  File "/home/mgolmoha/TVB/env/lib/python3.7/site-packages/tvb/simulator/lab.py", line 57, in <module>
    from tvb.simulator import (simulator, models, coupling, integrators, monitors, noise)
  File "<frozen importlib._bootstrap>", line 1035, in _handle_fromlist
  File "<frozen importlib._bootstrap>", line 219, in _call_with_frames_removed
  File "<frozen importlib._bootstrap>", line 983, in _find_and_load
  File "<frozen importlib._bootstrap>", line 967, in _find_and_load_unlocked
  File "<frozen importlib._bootstrap>", line 677, in _load_unlocked
  File "<frozen importlib._bootstrap_external>", line 728, in exec_module
  File "<frozen importlib._bootstrap>", line 219, in _call_with_frames_removed
  File "/home/mgolmoha/TVB/env/lib/python3.7/site-packages/tvb/simulator/simulator.py", line 49, in <module>
    from tvb.simulator import models, integrators, monitors, coupling
  File "<frozen importlib._bootstrap>", line 1035, in _handle_fromlist
  File "<frozen importlib._bootstrap>", line 219, in _call_with_frames_removed
  File "<frozen importlib._bootstrap>", line 983, in _find_and_load
  File "<frozen importlib._bootstrap>", line 967, in _find_and_load_unlocked
  File "<frozen importlib._bootstrap>", line 677, in _load_unlocked
  File "<frozen importlib._bootstrap_external>", line 728, in exec_module
  File "<frozen importlib._bootstrap>", line 219, in _call_with_frames_removed
  File "/home/mgolmoha/TVB/env/lib/python3.7/site-packages/tvb/simulator/monitors.py", line 64, in <module>
    import tvb.datatypes.projections as projections_module
  File "<frozen importlib._bootstrap>", line 983, in _find_and_load
  File "<frozen importlib._bootstrap>", line 967, in _find_and_load_unlocked
  File "<frozen importlib._bootstrap>", line 677, in _load_unlocked
  File "<frozen importlib._bootstrap_external>", line 728, in exec_module
  File "<frozen importlib._bootstrap>", line 219, in _call_with_frames_removed
  File "/home/mgolmoha/TVB/env/lib/python3.7/site-packages/tvb/datatypes/projections.py", line 47, in <module>
    class ProjectionMatrix(HasTraits):
  File "/home/mgolmoha/TVB/env/lib/python3.7/site-packages/tvb/basic/neotraits/_declarative_base.py", line 232, in __new__
    v._post_bind_validate()
  File "/home/mgolmoha/TVB/env/lib/python3.7/site-packages/tvb/basic/neotraits/_attr.py", line 121, in _post_bind_validate
    'Consider using a lambda as a value factory \n   attribute {}'.format(self))
Message: "Field seems mutable and has a default value. Consider using a lambda as a value factory \n   attribute tvb.datatypes.projections.ProjectionMatrix.conductances = Attr(field_type=<class 'dict'>, default={'air': 0.0, 'skin': 1.0, 'skull': 0.01, 'brain': 1.0}, required=False)"
Arguments: ()
--- Logging error ---
Traceback (most recent call last):
  File "/cvmfs/soft.computecanada.ca/gentoo/2020/usr/lib/python3.7/logging/handlers.py", line 70, in emit
    self.doRollover()
  File "/cvmfs/soft.computecanada.ca/gentoo/2020/usr/lib/python3.7/logging/handlers.py", line 394, in doRollover
    self.rotate(self.baseFilename, dfn)
  File "/cvmfs/soft.computecanada.ca/gentoo/2020/usr/lib/python3.7/logging/handlers.py", line 111, in rotate
    os.rename(source, dest)
FileNotFoundError: [Errno 2] No such file or directory: '/home/mgolmoha/.tvb-temp/logs/library.log' -> '/home/mgolmoha/.tvb-temp/logs/library.log.2025-12-07'
Call stack:
  File "/scratch/mgolmoha/TVB_Brown_Bag/tvb_study_group/Session_7-SBI/SBI-TVB/single_sim_handler.py", line 5, in <module>
    import montbrio_simulation
  File "<frozen importlib._bootstrap>", line 983, in _find_and_load
  File "<frozen importlib._bootstrap>", line 967, in _find_and_load_unlocked
  File "<frozen importlib._bootstrap>", line 677, in _load_unlocked
  File "<frozen importlib._bootstrap_external>", line 728, in exec_module
  File "<frozen importlib._bootstrap>", line 219, in _call_with_frames_removed
  File "/scratch/mgolmoha/TVB_Brown_Bag/tvb_study_group/Session_7-SBI/SBI-TVB/montbrio_simulation.py", line 3, in <module>
    import showcase1_ageing as utils
  File "<frozen importlib._bootstrap>", line 983, in _find_and_load
  File "<frozen importlib._bootstrap>", line 967, in _find_and_load_unlocked
  File "<frozen importlib._bootstrap>", line 677, in _load_unlocked
  File "<frozen importlib._bootstrap_external>", line 728, in exec_module
  File "<frozen importlib._bootstrap>", line 219, in _call_with_frames_removed
  File "/home/mgolmoha/TVB/virtual_ageing/showcase1_ageing/__init__.py", line 2, in <module>
    from .phase_plane import phase_plane_interactive
  File "<frozen importlib._bootstrap>", line 983, in _find_and_load
  File "<frozen importlib._bootstrap>", line 967, in _find_and_load_unlocked
  File "<frozen importlib._bootstrap>", line 677, in _load_unlocked
  File "<frozen importlib._bootstrap_external>", line 728, in exec_module
  File "<frozen importlib._bootstrap>", line 219, in _call_with_frames_removed
  File "/home/mgolmoha/TVB/virtual_ageing/showcase1_ageing/phase_plane.py", line 6, in <module>
    from tvb.simulator.lab import integrators
  File "<frozen importlib._bootstrap>", line 983, in _find_and_load
  File "<frozen importlib._bootstrap>", line 967, in _find_and_load_unlocked
  File "<frozen importlib._bootstrap>", line 677, in _load_unlocked
  File "<frozen importlib._bootstrap_external>", line 728, in exec_module
  File "<frozen importlib._bootstrap>", line 219, in _call_with_frames_removed
  File "/home/mgolmoha/TVB/env/lib/python3.7/site-packages/tvb/simulator/lab.py", line 57, in <module>
    from tvb.simulator import (simulator, models, coupling, integrators, monitors, noise)
  File "<frozen importlib._bootstrap>", line 1035, in _handle_fromlist
  File "<frozen importlib._bootstrap>", line 219, in _call_with_frames_removed
  File "<frozen importlib._bootstrap>", line 983, in _find_and_load
  File "<frozen importlib._bootstrap>", line 967, in _find_and_load_unlocked
  File "<frozen importlib._bootstrap>", line 677, in _load_unlocked
  File "<frozen importlib._bootstrap_external>", line 728, in exec_module
  File "<frozen importlib._bootstrap>", line 219, in _call_with_frames_removed
  File "/home/mgolmoha/TVB/env/lib/python3.7/site-packages/tvb/simulator/simulator.py", line 49, in <module>
    from tvb.simulator import models, integrators, monitors, coupling
  File "<frozen importlib._bootstrap>", line 1035, in _handle_fromlist
  File "<frozen importlib._bootstrap>", line 219, in _call_with_frames_removed
  File "<frozen importlib._bootstrap>", line 983, in _find_and_load
  File "<frozen importlib._bootstrap>", line 967, in _find_and_load_unlocked
  File "<frozen importlib._bootstrap>", line 677, in _load_unlocked
  File "<frozen importlib._bootstrap_external>", line 728, in exec_module
  File "<frozen importlib._bootstrap>", line 219, in _call_with_frames_removed
  File "/home/mgolmoha/TVB/env/lib/python3.7/site-packages/tvb/simulator/coupling.py", line 231, in <module>
    class HyperbolicTangent(SparseCoupling):
  File "/home/mgolmoha/TVB/env/lib/python3.7/site-packages/tvb/basic/neotraits/_declarative_base.py", line 232, in __new__
    v._post_bind_validate()
  File "/home/mgolmoha/TVB/env/lib/python3.7/site-packages/tvb/basic/neotraits/_attr.py", line 487, in _post_bind_validate
    log.warning('{} \n   attribute  {}'.format(msg, self))
Message: "default contains values out of the declared domain. Ex 1.0 \n   attribute  tvb.simulator.coupling.HyperbolicTangent.b = NArray(label=':math:`b`', dtype=float64, default=array([1.]), dim_names=(), ndim=None, required=True)"
Arguments: ()
--- Logging error ---
Traceback (most recent call last):
  File "/cvmfs/soft.computecanada.ca/gentoo/2020/usr/lib/python3.7/logging/handlers.py", line 70, in emit
    self.doRollover()
  File "/cvmfs/soft.computecanada.ca/gentoo/2020/usr/lib/python3.7/logging/handlers.py", line 394, in doRollover
    self.rotate(self.baseFilename, dfn)
  File "/cvmfs/soft.computecanada.ca/gentoo/2020/usr/lib/python3.7/logging/handlers.py", line 111, in rotate
    os.rename(source, dest)
FileNotFoundError: [Errno 2] No such file or directory: '/home/mgolmoha/.tvb-temp/logs/library.log' -> '/home/mgolmoha/.tvb-temp/logs/library.log.2025-12-07'
Call stack:
  File "/scratch/mgolmoha/TVB_Brown_Bag/tvb_study_group/Session_7-SBI/SBI-TVB/single_sim_handler.py", line 5, in <module>
    import montbrio_simulation
  File "<frozen importlib._bootstrap>", line 983, in _find_and_load
  File "<frozen importlib._bootstrap>", line 967, in _find_and_load_unlocked
  File "<frozen importlib._bootstrap>", line 677, in _load_unlocked
  File "<frozen importlib._bootstrap_external>", line 728, in exec_module
  File "<frozen importlib._bootstrap>", line 219, in _call_with_frames_removed
  File "/scratch/mgolmoha/TVB_Brown_Bag/tvb_study_group/Session_7-SBI/SBI-TVB/montbrio_simulation.py", line 3, in <module>
    import showcase1_ageing as utils
  File "<frozen importlib._bootstrap>", line 983, in _find_and_load
  File "<frozen importlib._bootstrap>", line 967, in _find_and_load_unlocked
  File "<frozen importlib._bootstrap>", line 677, in _load_unlocked
  File "<frozen importlib._bootstrap_external>", line 728, in exec_module
  File "<frozen importlib._bootstrap>", line 219, in _call_with_frames_removed
  File "/home/mgolmoha/TVB/virtual_ageing/showcase1_ageing/__init__.py", line 2, in <module>
    from .phase_plane import phase_plane_interactive
  File "<frozen importlib._bootstrap>", line 983, in _find_and_load
  File "<frozen importlib._bootstrap>", line 967, in _find_and_load_unlocked
  File "<frozen importlib._bootstrap>", line 677, in _load_unlocked
  File "<frozen importlib._bootstrap_external>", line 728, in exec_module
  File "<frozen importlib._bootstrap>", line 219, in _call_with_frames_removed
  File "/home/mgolmoha/TVB/virtual_ageing/showcase1_ageing/phase_plane.py", line 6, in <module>
    from tvb.simulator.lab import integrators
  File "<frozen importlib._bootstrap>", line 983, in _find_and_load
  File "<frozen importlib._bootstrap>", line 967, in _find_and_load_unlocked
  File "<frozen importlib._bootstrap>", line 677, in _load_unlocked
  File "<frozen importlib._bootstrap_external>", line 728, in exec_module
  File "<frozen importlib._bootstrap>", line 219, in _call_with_frames_removed
  File "/home/mgolmoha/TVB/env/lib/python3.7/site-packages/tvb/simulator/lab.py", line 57, in <module>
    from tvb.simulator import (simulator, models, coupling, integrators, monitors, noise)
  File "<frozen importlib._bootstrap>", line 1035, in _handle_fromlist
  File "<frozen importlib._bootstrap>", line 219, in _call_with_frames_removed
  File "<frozen importlib._bootstrap>", line 983, in _find_and_load
  File "<frozen importlib._bootstrap>", line 967, in _find_and_load_unlocked
  File "<frozen importlib._bootstrap>", line 677, in _load_unlocked
  File "<frozen importlib._bootstrap_external>", line 728, in exec_module
  File "<frozen importlib._bootstrap>", line 219, in _call_with_frames_removed
  File "/home/mgolmoha/TVB/env/lib/python3.7/site-packages/tvb/simulator/simulator.py", line 49, in <module>
    from tvb.simulator import models, integrators, monitors, coupling
  File "<frozen importlib._bootstrap>", line 1035, in _handle_fromlist
  File "<frozen importlib._bootstrap>", line 219, in _call_with_frames_removed
  File "<frozen importlib._bootstrap>", line 983, in _find_and_load
  File "<frozen importlib._bootstrap>", line 967, in _find_and_load_unlocked
  File "<frozen importlib._bootstrap>", line 677, in _load_unlocked
  File "<frozen importlib._bootstrap_external>", line 728, in exec_module
  File "<frozen importlib._bootstrap>", line 219, in _call_with_frames_removed
  File "/home/mgolmoha/TVB/env/lib/python3.7/site-packages/tvb/simulator/coupling.py", line 492, in <module>
    class Kuramoto(SparseCoupling):
  File "/home/mgolmoha/TVB/env/lib/python3.7/site-packages/tvb/basic/neotraits/_declarative_base.py", line 232, in __new__
    v._post_bind_validate()
  File "/home/mgolmoha/TVB/env/lib/python3.7/site-packages/tvb/basic/neotraits/_attr.py", line 487, in _post_bind_validate
    log.warning('{} \n   attribute  {}'.format(msg, self))
Message: "default contains values out of the declared domain. Ex 1.0 \n   attribute  tvb.simulator.coupling.Kuramoto.a = NArray(label=':math:`a`', dtype=float64, default=array([1.]), dim_names=(), ndim=None, required=True)"
Arguments: ()
--- Logging error ---
Traceback (most recent call last):
  File "/cvmfs/soft.computecanada.ca/gentoo/2020/usr/lib/python3.7/logging/handlers.py", line 70, in emit
    self.doRollover()
  File "/cvmfs/soft.computecanada.ca/gentoo/2020/usr/lib/python3.7/logging/handlers.py", line 394, in doRollover
    self.rotate(self.baseFilename, dfn)
  File "/cvmfs/soft.computecanada.ca/gentoo/2020/usr/lib/python3.7/logging/handlers.py", line 111, in rotate
    os.rename(source, dest)
FileNotFoundError: [Errno 2] No such file or directory: '/home/mgolmoha/.tvb-temp/logs/library.log' -> '/home/mgolmoha/.tvb-temp/logs/library.log.2025-12-07'
Call stack:
  File "/scratch/mgolmoha/TVB_Brown_Bag/tvb_study_group/Session_7-SBI/SBI-TVB/single_sim_handler.py", line 5, in <module>
    import montbrio_simulation
  File "<frozen importlib._bootstrap>", line 983, in _find_and_load
  File "<frozen importlib._bootstrap>", line 967, in _find_and_load_unlocked
  File "<frozen importlib._bootstrap>", line 677, in _load_unlocked
  File "<frozen importlib._bootstrap_external>", line 728, in exec_module
  File "<frozen importlib._bootstrap>", line 219, in _call_with_frames_removed
  File "/scratch/mgolmoha/TVB_Brown_Bag/tvb_study_group/Session_7-SBI/SBI-TVB/montbrio_simulation.py", line 3, in <module>
    import showcase1_ageing as utils
  File "<frozen importlib._bootstrap>", line 983, in _find_and_load
  File "<frozen importlib._bootstrap>", line 967, in _find_and_load_unlocked
  File "<frozen importlib._bootstrap>", line 677, in _load_unlocked
  File "<frozen importlib._bootstrap_external>", line 728, in exec_module
  File "<frozen importlib._bootstrap>", line 219, in _call_with_frames_removed
  File "/home/mgolmoha/TVB/virtual_ageing/showcase1_ageing/__init__.py", line 2, in <module>
    from .phase_plane import phase_plane_interactive
  File "<frozen importlib._bootstrap>", line 983, in _find_and_load
  File "<frozen importlib._bootstrap>", line 967, in _find_and_load_unlocked
  File "<frozen importlib._bootstrap>", line 677, in _load_unlocked
  File "<frozen importlib._bootstrap_external>", line 728, in exec_module
  File "<frozen importlib._bootstrap>", line 219, in _call_with_frames_removed
  File "/home/mgolmoha/TVB/virtual_ageing/showcase1_ageing/phase_plane.py", line 6, in <module>
    from tvb.simulator.lab import integrators
  File "<frozen importlib._bootstrap>", line 983, in _find_and_load
  File "<frozen importlib._bootstrap>", line 967, in _find_and_load_unlocked
  File "<frozen importlib._bootstrap>", line 677, in _load_unlocked
  File "<frozen importlib._bootstrap_external>", line 728, in exec_module
  File "<frozen importlib._bootstrap>", line 219, in _call_with_frames_removed
  File "/home/mgolmoha/TVB/env/lib/python3.7/site-packages/tvb/simulator/lab.py", line 57, in <module>
    from tvb.simulator import (simulator, models, coupling, integrators, monitors, noise)
  File "<frozen importlib._bootstrap>", line 1035, in _handle_fromlist
  File "<frozen importlib._bootstrap>", line 219, in _call_with_frames_removed
  File "<frozen importlib._bootstrap>", line 983, in _find_and_load
  File "<frozen importlib._bootstrap>", line 967, in _find_and_load_unlocked
  File "<frozen importlib._bootstrap>", line 677, in _load_unlocked
  File "<frozen importlib._bootstrap_external>", line 728, in exec_module
  File "<frozen importlib._bootstrap>", line 219, in _call_with_frames_removed
  File "/home/mgolmoha/TVB/env/lib/python3.7/site-packages/tvb/simulator/simulator.py", line 59, in <module>
    class Simulator(HasTraits):
  File "/home/mgolmoha/TVB/env/lib/python3.7/site-packages/tvb/simulator/simulator.py", line 118, in Simulator
    default=models.Generic2dOscillator(),
  File "/home/mgolmoha/TVB/env/lib/python3.7/site-packages/tvb/simulator/models/__init__.py", line 142, in do_import
    model_module = importlib.import_module(module_name)
  File "/cvmfs/soft.computecanada.ca/gentoo/2020/usr/lib/python3.7/importlib/__init__.py", line 127, in import_module
    return _bootstrap._gcd_import(name[level:], package, level)
  File "<frozen importlib._bootstrap>", line 1006, in _gcd_import
  File "<frozen importlib._bootstrap>", line 983, in _find_and_load
  File "<frozen importlib._bootstrap>", line 967, in _find_and_load_unlocked
  File "<frozen importlib._bootstrap>", line 677, in _load_unlocked
  File "<frozen importlib._bootstrap_external>", line 728, in exec_module
  File "<frozen importlib._bootstrap>", line 219, in _call_with_frames_removed
  File "/home/mgolmoha/TVB/env/lib/python3.7/site-packages/tvb/simulator/models/oscillator.py", line 41, in <module>
    class Generic2dOscillator(ModelNumbaDfun):
  File "/home/mgolmoha/TVB/env/lib/python3.7/site-packages/tvb/basic/neotraits/_declarative_base.py", line 232, in __new__
    v._post_bind_validate()
  File "/home/mgolmoha/TVB/env/lib/python3.7/site-packages/tvb/basic/neotraits/_attr.py", line 487, in _post_bind_validate
    log.warning('{} \n   attribute  {}'.format(msg, self))
Message: "default contains values out of the declared domain. Ex 1.0 \n   attribute  tvb.simulator.models.oscillator.Generic2dOscillator.gamma = NArray(label=':math:`\\\\gamma`', dtype=float64, default=array([1.]), dim_names=(), ndim=None, required=True)"
Arguments: ()
--- Logging error ---
Traceback (most recent call last):
  File "/home/mgolmoha/TVB/env/lib/python3.7/site-packages/tvb/basic/neotraits/_attr.py", line 118, in _post_bind_validate
    hash(self.default)
TypeError: unhashable type: 'dict'

During handling of the above exception, another exception occurred:

Traceback (most recent call last):
  File "/cvmfs/soft.computecanada.ca/gentoo/2020/usr/lib/python3.7/logging/handlers.py", line 70, in emit
    self.doRollover()
  File "/cvmfs/soft.computecanada.ca/gentoo/2020/usr/lib/python3.7/logging/handlers.py", line 394, in doRollover
    self.rotate(self.baseFilename, dfn)
  File "/cvmfs/soft.computecanada.ca/gentoo/2020/usr/lib/python3.7/logging/handlers.py", line 111, in rotate
    os.rename(source, dest)
FileNotFoundError: [Errno 2] No such file or directory: '/home/mgolmoha/.tvb-temp/logs/library.log' -> '/home/mgolmoha/.tvb-temp/logs/library.log.2025-12-07'
Call stack:
  File "/scratch/mgolmoha/TVB_Brown_Bag/tvb_study_group/Session_7-SBI/SBI-TVB/single_sim_handler.py", line 5, in <module>
    import montbrio_simulation
  File "<frozen importlib._bootstrap>", line 983, in _find_and_load
  File "<frozen importlib._bootstrap>", line 967, in _find_and_load_unlocked
  File "<frozen importlib._bootstrap>", line 677, in _load_unlocked
  File "<frozen importlib._bootstrap_external>", line 728, in exec_module
  File "<frozen importlib._bootstrap>", line 219, in _call_with_frames_removed
  File "/scratch/mgolmoha/TVB_Brown_Bag/tvb_study_group/Session_7-SBI/SBI-TVB/montbrio_simulation.py", line 3, in <module>
    import showcase1_ageing as utils
  File "<frozen importlib._bootstrap>", line 983, in _find_and_load
  File "<frozen importlib._bootstrap>", line 967, in _find_and_load_unlocked
  File "<frozen importlib._bootstrap>", line 677, in _load_unlocked
  File "<frozen importlib._bootstrap_external>", line 728, in exec_module
  File "<frozen importlib._bootstrap>", line 219, in _call_with_frames_removed
  File "/home/mgolmoha/TVB/virtual_ageing/showcase1_ageing/__init__.py", line 2, in <module>
    from .phase_plane import phase_plane_interactive
  File "<frozen importlib._bootstrap>", line 983, in _find_and_load
  File "<frozen importlib._bootstrap>", line 967, in _find_and_load_unlocked
  File "<frozen importlib._bootstrap>", line 677, in _load_unlocked
  File "<frozen importlib._bootstrap_external>", line 728, in exec_module
  File "<frozen importlib._bootstrap>", line 219, in _call_with_frames_removed
  File "/home/mgolmoha/TVB/virtual_ageing/showcase1_ageing/phase_plane.py", line 6, in <module>
    from tvb.simulator.lab import integrators
  File "<frozen importlib._bootstrap>", line 983, in _find_and_load
  File "<frozen importlib._bootstrap>", line 967, in _find_and_load_unlocked
  File "<frozen importlib._bootstrap>", line 677, in _load_unlocked
  File "<frozen importlib._bootstrap_external>", line 728, in exec_module
  File "<frozen importlib._bootstrap>", line 219, in _call_with_frames_removed
  File "/home/mgolmoha/TVB/env/lib/python3.7/site-packages/tvb/simulator/lab.py", line 57, in <module>
    from tvb.simulator import (simulator, models, coupling, integrators, monitors, noise)
  File "<frozen importlib._bootstrap>", line 1035, in _handle_fromlist
  File "<frozen importlib._bootstrap>", line 219, in _call_with_frames_removed
  File "<frozen importlib._bootstrap>", line 983, in _find_and_load
  File "<frozen importlib._bootstrap>", line 967, in _find_and_load_unlocked
  File "<frozen importlib._bootstrap>", line 677, in _load_unlocked
  File "<frozen importlib._bootstrap_external>", line 728, in exec_module
  File "<frozen importlib._bootstrap>", line 219, in _call_with_frames_removed
  File "/home/mgolmoha/TVB/env/lib/python3.7/site-packages/tvb/simulator/simulator.py", line 59, in <module>
    class Simulator(HasTraits):
  File "/home/mgolmoha/TVB/env/lib/python3.7/site-packages/tvb/simulator/simulator.py", line 118, in Simulator
    default=models.Generic2dOscillator(),
  File "/home/mgolmoha/TVB/env/lib/python3.7/site-packages/tvb/simulator/models/__init__.py", line 142, in do_import
    model_module = importlib.import_module(module_name)
  File "/cvmfs/soft.computecanada.ca/gentoo/2020/usr/lib/python3.7/importlib/__init__.py", line 127, in import_module
    return _bootstrap._gcd_import(name[level:], package, level)
  File "<frozen importlib._bootstrap>", line 1006, in _gcd_import
  File "<frozen importlib._bootstrap>", line 983, in _find_and_load
  File "<frozen importlib._bootstrap>", line 967, in _find_and_load_unlocked
  File "<frozen importlib._bootstrap>", line 677, in _load_unlocked
  File "<frozen importlib._bootstrap_external>", line 728, in exec_module
  File "<frozen importlib._bootstrap>", line 219, in _call_with_frames_removed
  File "/home/mgolmoha/TVB/env/lib/python3.7/site-packages/tvb/simulator/models/oscillator.py", line 41, in <module>
    class Generic2dOscillator(ModelNumbaDfun):
  File "/home/mgolmoha/TVB/env/lib/python3.7/site-packages/tvb/basic/neotraits/_declarative_base.py", line 232, in __new__
    v._post_bind_validate()
  File "/home/mgolmoha/TVB/env/lib/python3.7/site-packages/tvb/basic/neotraits/_attr.py", line 121, in _post_bind_validate
    'Consider using a lambda as a value factory \n   attribute {}'.format(self))
Message: "Field seems mutable and has a default value. Consider using a lambda as a value factory \n   attribute tvb.simulator.models.oscillator.Generic2dOscillator.state_variable_range = Final(field_type=<class 'dict'>, default={'V': array([-2.,  4.]), 'W': array([-6.,  6.])}, required=True)"
Arguments: ()
--- Logging error ---
Traceback (most recent call last):
  File "/home/mgolmoha/TVB/env/lib/python3.7/site-packages/tvb/basic/neotraits/_attr.py", line 118, in _post_bind_validate
    hash(self.default)
TypeError: unhashable type: 'dict'

During handling of the above exception, another exception occurred:

Traceback (most recent call last):
  File "/cvmfs/soft.computecanada.ca/gentoo/2020/usr/lib/python3.7/logging/handlers.py", line 70, in emit
    self.doRollover()
  File "/cvmfs/soft.computecanada.ca/gentoo/2020/usr/lib/python3.7/logging/handlers.py", line 393, in doRollover
    os.remove(dfn)
FileNotFoundError: [Errno 2] No such file or directory: '/home/mgolmoha/.tvb-temp/logs/library.log.2025-12-07'
Call stack:
  File "/scratch/mgolmoha/TVB_Brown_Bag/tvb_study_group/Session_7-SBI/SBI-TVB/single_sim_handler.py", line 5, in <module>
    import montbrio_simulation
  File "<frozen importlib._bootstrap>", line 983, in _find_and_load
  File "<frozen importlib._bootstrap>", line 967, in _find_and_load_unlocked
  File "<frozen importlib._bootstrap>", line 677, in _load_unlocked
  File "<frozen importlib._bootstrap_external>", line 728, in exec_module
  File "<frozen importlib._bootstrap>", line 219, in _call_with_frames_removed
  File "/scratch/mgolmoha/TVB_Brown_Bag/tvb_study_group/Session_7-SBI/SBI-TVB/montbrio_simulation.py", line 3, in <module>
    import showcase1_ageing as utils
  File "<frozen importlib._bootstrap>", line 983, in _find_and_load
  File "<frozen importlib._bootstrap>", line 967, in _find_and_load_unlocked
  File "<frozen importlib._bootstrap>", line 677, in _load_unlocked
  File "<frozen importlib._bootstrap_external>", line 728, in exec_module
  File "<frozen importlib._bootstrap>", line 219, in _call_with_frames_removed
  File "/home/mgolmoha/TVB/virtual_ageing/showcase1_ageing/__init__.py", line 2, in <module>
    from .phase_plane import phase_plane_interactive
  File "<frozen importlib._bootstrap>", line 983, in _find_and_load
  File "<frozen importlib._bootstrap>", line 967, in _find_and_load_unlocked
  File "<frozen importlib._bootstrap>", line 677, in _load_unlocked
  File "<frozen importlib._bootstrap_external>", line 728, in exec_module
  File "<frozen importlib._bootstrap>", line 219, in _call_with_frames_removed
  File "/home/mgolmoha/TVB/virtual_ageing/showcase1_ageing/phase_plane.py", line 6, in <module>
    from tvb.simulator.lab import integrators
  File "<frozen importlib._bootstrap>", line 983, in _find_and_load
  File "<frozen importlib._bootstrap>", line 967, in _find_and_load_unlocked
  File "<frozen importlib._bootstrap>", line 677, in _load_unlocked
  File "<frozen importlib._bootstrap_external>", line 728, in exec_module
  File "<frozen importlib._bootstrap>", line 219, in _call_with_frames_removed
  File "/home/mgolmoha/TVB/env/lib/python3.7/site-packages/tvb/simulator/lab.py", line 57, in <module>
    from tvb.simulator import (simulator, models, coupling, integrators, monitors, noise)
  File "<frozen importlib._bootstrap>", line 1035, in _handle_fromlist
  File "<frozen importlib._bootstrap>", line 219, in _call_with_frames_removed
  File "<frozen importlib._bootstrap>", line 983, in _find_and_load
  File "<frozen importlib._bootstrap>", line 967, in _find_and_load_unlocked
  File "<frozen importlib._bootstrap>", line 677, in _load_unlocked
  File "<frozen importlib._bootstrap_external>", line 728, in exec_module
  File "<frozen importlib._bootstrap>", line 219, in _call_with_frames_removed
  File "/home/mgolmoha/TVB/env/lib/python3.7/site-packages/tvb/simulator/simulator.py", line 59, in <module>
    class Simulator(HasTraits):
  File "/home/mgolmoha/TVB/env/lib/python3.7/site-packages/tvb/simulator/simulator.py", line 118, in Simulator
    default=models.Generic2dOscillator(),
  File "/home/mgolmoha/TVB/env/lib/python3.7/site-packages/tvb/simulator/models/__init__.py", line 142, in do_import
    model_module = importlib.import_module(module_name)
  File "/cvmfs/soft.computecanada.ca/gentoo/2020/usr/lib/python3.7/importlib/__init__.py", line 127, in import_module
    return _bootstrap._gcd_import(name[level:], package, level)
  File "<frozen importlib._bootstrap>", line 1006, in _gcd_import
  File "<frozen importlib._bootstrap>", line 983, in _find_and_load
  File "<frozen importlib._bootstrap>", line 967, in _find_and_load_unlocked
  File "<frozen importlib._bootstrap>", line 677, in _load_unlocked
  File "<frozen importlib._bootstrap_external>", line 728, in exec_module
  File "<frozen importlib._bootstrap>", line 219, in _call_with_frames_removed
  File "/home/mgolmoha/TVB/env/lib/python3.7/site-packages/tvb/simulator/models/oscillator.py", line 400, in <module>
    class Kuramoto(Model):
  File "/home/mgolmoha/TVB/env/lib/python3.7/site-packages/tvb/basic/neotraits/_declarative_base.py", line 232, in __new__
    v._post_bind_validate()
  File "/home/mgolmoha/TVB/env/lib/python3.7/site-packages/tvb/basic/neotraits/_attr.py", line 121, in _post_bind_validate
    'Consider using a lambda as a value factory \n   attribute {}'.format(self))
Message: "Field seems mutable and has a default value. Consider using a lambda as a value factory \n   attribute tvb.simulator.models.oscillator.Kuramoto.state_variable_range = Final(field_type=<class 'dict'>, default={'theta': array([0.        , 6.28318531])}, required=True)"
Arguments: ()
--- Logging error ---
Traceback (most recent call last):
  File "/home/mgolmoha/TVB/env/lib/python3.7/site-packages/tvb/basic/neotraits/_attr.py", line 118, in _post_bind_validate
    hash(self.default)
TypeError: unhashable type: 'dict'

During handling of the above exception, another exception occurred:

Traceback (most recent call last):
  File "/cvmfs/soft.computecanada.ca/gentoo/2020/usr/lib/python3.7/logging/handlers.py", line 70, in emit
    self.doRollover()
  File "/cvmfs/soft.computecanada.ca/gentoo/2020/usr/lib/python3.7/logging/handlers.py", line 394, in doRollover
    self.rotate(self.baseFilename, dfn)
  File "/cvmfs/soft.computecanada.ca/gentoo/2020/usr/lib/python3.7/logging/handlers.py", line 111, in rotate
    os.rename(source, dest)
FileNotFoundError: [Errno 2] No such file or directory: '/home/mgolmoha/.tvb-temp/logs/library.log' -> '/home/mgolmoha/.tvb-temp/logs/library.log.2025-12-07'
Call stack:
  File "/scratch/mgolmoha/TVB_Brown_Bag/tvb_study_group/Session_7-SBI/SBI-TVB/single_sim_handler.py", line 5, in <module>
    import montbrio_simulation
  File "<frozen importlib._bootstrap>", line 983, in _find_and_load
  File "<frozen importlib._bootstrap>", line 967, in _find_and_load_unlocked
  File "<frozen importlib._bootstrap>", line 677, in _load_unlocked
  File "<frozen importlib._bootstrap_external>", line 728, in exec_module
  File "<frozen importlib._bootstrap>", line 219, in _call_with_frames_removed
  File "/scratch/mgolmoha/TVB_Brown_Bag/tvb_study_group/Session_7-SBI/SBI-TVB/montbrio_simulation.py", line 3, in <module>
    import showcase1_ageing as utils
  File "<frozen importlib._bootstrap>", line 983, in _find_and_load
  File "<frozen importlib._bootstrap>", line 967, in _find_and_load_unlocked
  File "<frozen importlib._bootstrap>", line 677, in _load_unlocked
  File "<frozen importlib._bootstrap_external>", line 728, in exec_module
  File "<frozen importlib._bootstrap>", line 219, in _call_with_frames_removed
  File "/home/mgolmoha/TVB/virtual_ageing/showcase1_ageing/__init__.py", line 2, in <module>
    from .phase_plane import phase_plane_interactive
  File "<frozen importlib._bootstrap>", line 983, in _find_and_load
  File "<frozen importlib._bootstrap>", line 967, in _find_and_load_unlocked
  File "<frozen importlib._bootstrap>", line 677, in _load_unlocked
  File "<frozen importlib._bootstrap_external>", line 728, in exec_module
  File "<frozen importlib._bootstrap>", line 219, in _call_with_frames_removed
  File "/home/mgolmoha/TVB/virtual_ageing/showcase1_ageing/phase_plane.py", line 6, in <module>
    from tvb.simulator.lab import integrators
  File "<frozen importlib._bootstrap>", line 983, in _find_and_load
  File "<frozen importlib._bootstrap>", line 967, in _find_and_load_unlocked
  File "<frozen importlib._bootstrap>", line 677, in _load_unlocked
  File "<frozen importlib._bootstrap_external>", line 728, in exec_module
  File "<frozen importlib._bootstrap>", line 219, in _call_with_frames_removed
  File "/home/mgolmoha/TVB/env/lib/python3.7/site-packages/tvb/simulator/lab.py", line 57, in <module>
    from tvb.simulator import (simulator, models, coupling, integrators, monitors, noise)
  File "<frozen importlib._bootstrap>", line 1035, in _handle_fromlist
  File "<frozen importlib._bootstrap>", line 219, in _call_with_frames_removed
  File "<frozen importlib._bootstrap>", line 983, in _find_and_load
  File "<frozen importlib._bootstrap>", line 967, in _find_and_load_unlocked
  File "<frozen importlib._bootstrap>", line 677, in _load_unlocked
  File "<frozen importlib._bootstrap_external>", line 728, in exec_module
  File "<frozen importlib._bootstrap>", line 219, in _call_with_frames_removed
  File "/home/mgolmoha/TVB/env/lib/python3.7/site-packages/tvb/simulator/simulator.py", line 59, in <module>
    class Simulator(HasTraits):
  File "/home/mgolmoha/TVB/env/lib/python3.7/site-packages/tvb/simulator/simulator.py", line 118, in Simulator
    default=models.Generic2dOscillator(),
  File "/home/mgolmoha/TVB/env/lib/python3.7/site-packages/tvb/simulator/models/__init__.py", line 142, in do_import
    model_module = importlib.import_module(module_name)
  File "/cvmfs/soft.computecanada.ca/gentoo/2020/usr/lib/python3.7/importlib/__init__.py", line 127, in import_module
    return _bootstrap._gcd_import(name[level:], package, level)
  File "<frozen importlib._bootstrap>", line 1006, in _gcd_import
  File "<frozen importlib._bootstrap>", line 983, in _find_and_load
  File "<frozen importlib._bootstrap>", line 967, in _find_and_load_unlocked
  File "<frozen importlib._bootstrap>", line 677, in _load_unlocked
  File "<frozen importlib._bootstrap_external>", line 728, in exec_module
  File "<frozen importlib._bootstrap>", line 219, in _call_with_frames_removed
  File "/home/mgolmoha/TVB/env/lib/python3.7/site-packages/tvb/simulator/models/oscillator.py", line 495, in <module>
    class SupHopf(ModelNumbaDfun):
  File "/home/mgolmoha/TVB/env/lib/python3.7/site-packages/tvb/basic/neotraits/_declarative_base.py", line 232, in __new__
    v._post_bind_validate()
  File "/home/mgolmoha/TVB/env/lib/python3.7/site-packages/tvb/basic/neotraits/_attr.py", line 121, in _post_bind_validate
    'Consider using a lambda as a value factory \n   attribute {}'.format(self))
Message: "Field seems mutable and has a default value. Consider using a lambda as a value factory \n   attribute tvb.simulator.models.oscillator.SupHopf.state_variable_range = Final(field_type=<class 'dict'>, default={'x': array([-5.,  5.]), 'y': array([-5.,  5.])}, required=True)"
Arguments: ()
tavg_to_bold step
BOLD shape (T, N): 22 118
--- Logging error ---
Traceback (most recent call last):
  File "/cvmfs/soft.computecanada.ca/gentoo/2020/usr/lib/python3.7/logging/handlers.py", line 70, in emit
    self.doRollover()
  File "/cvmfs/soft.computecanada.ca/gentoo/2020/usr/lib/python3.7/logging/handlers.py", line 394, in doRollover
    self.rotate(self.baseFilename, dfn)
  File "/cvmfs/soft.computecanada.ca/gentoo/2020/usr/lib/python3.7/logging/handlers.py", line 111, in rotate
    os.rename(source, dest)
FileNotFoundError: [Errno 2] No such file or directory: '/home/mgolmoha/.tvb-temp/logs/library.log' -> '/home/mgolmoha/.tvb-temp/logs/library.log.2025-12-07'
Call stack:
  File "/scratch/mgolmoha/TVB_Brown_Bag/tvb_study_group/Session_7-SBI/SBI-TVB/single_sim_handler.py", line 72, in <module>
    process_simulation(subject, noise, G, dt, sim_len, time_per_sim, job_ID, job_array_num, weights_file_pattern, results_file_pattern, FCD_file_pattern)
  File "/scratch/mgolmoha/TVB_Brown_Bag/tvb_study_group/Session_7-SBI/SBI-TVB/single_sim_handler.py", line 18, in process_simulation
    p.start()
  File "/cvmfs/soft.computecanada.ca/gentoo/2020/usr/lib/python3.7/multiprocessing/process.py", line 112, in start
    self._popen = self._Popen(self)
  File "/cvmfs/soft.computecanada.ca/gentoo/2020/usr/lib/python3.7/multiprocessing/context.py", line 223, in _Popen
    return _default_context.get_context().Process._Popen(process_obj)
  File "/cvmfs/soft.computecanada.ca/gentoo/2020/usr/lib/python3.7/multiprocessing/context.py", line 277, in _Popen
    return Popen(process_obj)
  File "/cvmfs/soft.computecanada.ca/gentoo/2020/usr/lib/python3.7/multiprocessing/popen_fork.py", line 20, in __init__
    self._launch(process_obj)
  File "/cvmfs/soft.computecanada.ca/gentoo/2020/usr/lib/python3.7/multiprocessing/popen_fork.py", line 74, in _launch
    code = process_obj._bootstrap()
  File "/cvmfs/soft.computecanada.ca/gentoo/2020/usr/lib/python3.7/multiprocessing/process.py", line 297, in _bootstrap
    self.run()
  File "/cvmfs/soft.computecanada.ca/gentoo/2020/usr/lib/python3.7/multiprocessing/process.py", line 99, in run
    self._target(*self._args, **self._kwargs)
  File "/scratch/mgolmoha/TVB_Brown_Bag/tvb_study_group/Session_7-SBI/SBI-TVB/single_sim_handler.py", line 11, in func
    output = montbrio_simulation.process_sub(subject, noise, G, dt, sim_len, weights_file_pattern, FCD_file_pattern)
  File "/scratch/mgolmoha/TVB_Brown_Bag/tvb_study_group/Session_7-SBI/SBI-TVB/montbrio_simulation.py", line 42, in process_sub
    model = models.MontbrioPazoRoxin(
  File "/home/mgolmoha/TVB/env/lib/python3.7/site-packages/tvb/simulator/models/__init__.py", line 142, in do_import
    model_module = importlib.import_module(module_name)
  File "/cvmfs/soft.computecanada.ca/gentoo/2020/usr/lib/python3.7/importlib/__init__.py", line 127, in import_module
    return _bootstrap._gcd_import(name[level:], package, level)
  File "<frozen importlib._bootstrap>", line 1006, in _gcd_import
  File "<frozen importlib._bootstrap>", line 983, in _find_and_load
  File "<frozen importlib._bootstrap>", line 967, in _find_and_load_unlocked
  File "<frozen importlib._bootstrap>", line 677, in _load_unlocked
  File "<frozen importlib._bootstrap_external>", line 728, in exec_module
  File "<frozen importlib._bootstrap>", line 219, in _call_with_frames_removed
  File "/home/mgolmoha/TVB/env/lib/python3.7/site-packages/tvb/simulator/models/infinite_theta.py", line 42, in <module>
    class MontbrioPazoRoxin(Model):
  File "/home/mgolmoha/TVB/env/lib/python3.7/site-packages/tvb/basic/neotraits/_declarative_base.py", line 232, in __new__
    v._post_bind_validate()
  File "/home/mgolmoha/TVB/env/lib/python3.7/site-packages/tvb/basic/neotraits/_attr.py", line 487, in _post_bind_validate
    log.warning('{} \n   attribute  {}'.format(msg, self))
Message: "default contains values out of the declared domain. Ex 1.0 \n   attribute  tvb.simulator.models.infinite_theta.MontbrioPazoRoxin.cr = NArray(label=':math:`cr`', dtype=float64, default=array([1.]), dim_names=(), ndim=None, required=True)"
Arguments: ()
/home/mgolmoha/TVB/virtual_ageing/showcase1_ageing/simulation.py:283: VisibleDeprecationWarning: Creating an ndarray from ragged nested sequences (which is a list-or-tuple of lists-or-tuples-or ndarrays with different lengths or shapes) is deprecated. If you meant to do this, you must specify 'dtype=object' when creating the ndarray.
  return numpy.array([k1, k2, k3])
Completed: subject=sub-0002 noise=0.04 G=2.137313576 dt=0.005, Result=[0.003117532705946475, 0.12192575933866288, 2.8852728070473432, 38.98575711250305]
[1;2;31mflexiblas BLAS backend  "AOCL" not found. Loading default (IMKL) instead.
[0m/home/mgolmoha/TVB/env/lib/python3.7/site-packages/tvb/datatypes/surfaces.py:63: UserWarning: Geodesic distance module is unavailable; some functionality for surfaces will be unavailable.
  warnings.warn(msg)
tavg_to_bold step
BOLD shape (T, N): 22 118
/home/mgolmoha/TVB/virtual_ageing/showcase1_ageing/simulation.py:283: VisibleDeprecationWarning: Creating an ndarray from ragged nested sequences (which is a list-or-tuple of lists-or-tuples-or ndarrays with different lengths or shapes) is deprecated. If you meant to do this, you must specify 'dtype=object' when creating the ndarray.
  return numpy.array([k1, k2, k3])
Completed: subject=sub-0002 noise=0.04 G=2.1374762823 dt=0.005, Result=[0.0030181544372017734, 0.08711024927056, 3.047883331731409, 38.356574058532715]
[1;2;31mflexiblas BLAS backend  "AOCL" not found. Loading default (IMKL) instead.
[0m/home/mgolmoha/TVB/env/lib/python3.7/site-packages/tvb/datatypes/surfaces.py:63: UserWarning: Geodesic distance module is unavailable; some functionality for surfaces will be unavailable.
  warnings.warn(msg)
tavg_to_bold step
BOLD shape (T, N): 22 118
/home/mgolmoha/TVB/virtual_ageing/showcase1_ageing/simulation.py:283: VisibleDeprecationWarning: Creating an ndarray from ragged nested sequences (which is a list-or-tuple of lists-or-tuples-or ndarrays with different lengths or shapes) is deprecated. If you meant to do this, you must specify 'dtype=object' when creating the ndarray.
  return numpy.array([k1, k2, k3])
Completed: subject=sub-0002 noise=0.04 G=2.1376389886 dt=0.005, Result=[0.001832713731241783, 0.04735769120723327, 4.264648852441731, 37.073795557022095]
[1;2;31mflexiblas BLAS backend  "AOCL" not found. Loading default (IMKL) instead.
[0m/home/mgolmoha/TVB/env/lib/python3.7/site-packages/tvb/datatypes/surfaces.py:63: UserWarning: Geodesic distance module is unavailable; some functionality for surfaces will be unavailable.
  warnings.warn(msg)
tavg_to_bold step
BOLD shape (T, N): 22 118
/home/mgolmoha/TVB/virtual_ageing/showcase1_ageing/simulation.py:283: VisibleDeprecationWarning: Creating an ndarray from ragged nested sequences (which is a list-or-tuple of lists-or-tuples-or ndarrays with different lengths or shapes) is deprecated. If you meant to do this, you must specify 'dtype=object' when creating the ndarray.
  return numpy.array([k1, k2, k3])
Completed: subject=sub-0002 noise=0.04 G=2.1378016949 dt=0.005, Result=[0.0012994898513055387, 0.09892889017571824, 4.224727875799193, 37.05184292793274]
[1;2;31mflexiblas BLAS backend  "AOCL" not found. Loading default (IMKL) instead.
[0m/home/mgolmoha/TVB/env/lib/python3.7/site-packages/tvb/datatypes/surfaces.py:63: UserWarning: Geodesic distance module is unavailable; some functionality for surfaces will be unavailable.
  warnings.warn(msg)
tavg_to_bold step
BOLD shape (T, N): 22 118
/home/mgolmoha/TVB/virtual_ageing/showcase1_ageing/simulation.py:283: VisibleDeprecationWarning: Creating an ndarray from ragged nested sequences (which is a list-or-tuple of lists-or-tuples-or ndarrays with different lengths or shapes) is deprecated. If you meant to do this, you must specify 'dtype=object' when creating the ndarray.
  return numpy.array([k1, k2, k3])
Completed: subject=sub-0002 noise=0.04 G=2.1379644012 dt=0.005, Result=[0.002117811943943302, 0.09106666426400276, 0.5355552714239185, 36.53799319267273]
[1;2;31mflexiblas BLAS backend  "AOCL" not found. Loading default (IMKL) instead.
[0m/home/mgolmoha/TVB/env/lib/python3.7/site-packages/tvb/datatypes/surfaces.py:63: UserWarning: Geodesic distance module is unavailable; some functionality for surfaces will be unavailable.
  warnings.warn(msg)
tavg_to_bold step
BOLD shape (T, N): 22 118
/home/mgolmoha/TVB/virtual_ageing/showcase1_ageing/simulation.py:283: VisibleDeprecationWarning: Creating an ndarray from ragged nested sequences (which is a list-or-tuple of lists-or-tuples-or ndarrays with different lengths or shapes) is deprecated. If you meant to do this, you must specify 'dtype=object' when creating the ndarray.
  return numpy.array([k1, k2, k3])
Completed: subject=sub-0002 noise=0.04 G=2.1381271075 dt=0.005, Result=[0.0012562741818080197, 0.1486659315212988, 3.2503204074176075, 36.56842303276062]
[1;2;31mflexiblas BLAS backend  "AOCL" not found. Loading default (IMKL) instead.
[0m/home/mgolmoha/TVB/env/lib/python3.7/site-packages/tvb/datatypes/surfaces.py:63: UserWarning: Geodesic distance module is unavailable; some functionality for surfaces will be unavailable.
  warnings.warn(msg)
tavg_to_bold step
BOLD shape (T, N): 22 118
/home/mgolmoha/TVB/virtual_ageing/showcase1_ageing/simulation.py:283: VisibleDeprecationWarning: Creating an ndarray from ragged nested sequences (which is a list-or-tuple of lists-or-tuples-or ndarrays with different lengths or shapes) is deprecated. If you meant to do this, you must specify 'dtype=object' when creating the ndarray.
  return numpy.array([k1, k2, k3])
Completed: subject=sub-0002 noise=0.04 G=2.1382898138 dt=0.005, Result=[0.005940201378953516, 0.2529630333955344, 0.6422626895851664, 35.94679355621338]
[1;2;31mflexiblas BLAS backend  "AOCL" not found. Loading default (IMKL) instead.
[0m/home/mgolmoha/TVB/env/lib/python3.7/site-packages/tvb/datatypes/surfaces.py:63: UserWarning: Geodesic distance module is unavailable; some functionality for surfaces will be unavailable.
  warnings.warn(msg)
tavg_to_bold step
BOLD shape (T, N): 22 118
/home/mgolmoha/TVB/virtual_ageing/showcase1_ageing/simulation.py:283: VisibleDeprecationWarning: Creating an ndarray from ragged nested sequences (which is a list-or-tuple of lists-or-tuples-or ndarrays with different lengths or shapes) is deprecated. If you meant to do this, you must specify 'dtype=object' when creating the ndarray.
  return numpy.array([k1, k2, k3])
Completed: subject=sub-0002 noise=0.04 G=2.1384525201 dt=0.005, Result=[0.003312611080191957, 0.07766095249018773, 8.696289721197473, 36.27946162223816]
[1;2;31mflexiblas BLAS backend  "AOCL" not found. Loading default (IMKL) instead.
[0m/home/mgolmoha/TVB/env/lib/python3.7/site-packages/tvb/datatypes/surfaces.py:63: UserWarning: Geodesic distance module is unavailable; some functionality for surfaces will be unavailable.
  warnings.warn(msg)
tavg_to_bold step
BOLD shape (T, N): 22 118
/home/mgolmoha/TVB/virtual_ageing/showcase1_ageing/simulation.py:283: VisibleDeprecationWarning: Creating an ndarray from ragged nested sequences (which is a list-or-tuple of lists-or-tuples-or ndarrays with different lengths or shapes) is deprecated. If you meant to do this, you must specify 'dtype=object' when creating the ndarray.
  return numpy.array([k1, k2, k3])
Completed: subject=sub-0002 noise=0.04 G=2.1386152264 dt=0.005, Result=[0.0023734759800671783, 0.11394625391857273, 1.5379039239714167, 36.521955251693726]
[1;2;31mflexiblas BLAS backend  "AOCL" not found. Loading default (IMKL) instead.
[0m/home/mgolmoha/TVB/env/lib/python3.7/site-packages/tvb/datatypes/surfaces.py:63: UserWarning: Geodesic distance module is unavailable; some functionality for surfaces will be unavailable.
  warnings.warn(msg)
tavg_to_bold step
BOLD shape (T, N): 22 118
/home/mgolmoha/TVB/virtual_ageing/showcase1_ageing/simulation.py:283: VisibleDeprecationWarning: Creating an ndarray from ragged nested sequences (which is a list-or-tuple of lists-or-tuples-or ndarrays with different lengths or shapes) is deprecated. If you meant to do this, you must specify 'dtype=object' when creating the ndarray.
  return numpy.array([k1, k2, k3])
Completed: subject=sub-0002 noise=0.04 G=2.1387779327 dt=0.005, Result=[0.001450572386182151, 0.10264139524576407, 2.6883922584058695, 36.394925117492676]
[1;2;31mflexiblas BLAS backend  "AOCL" not found. Loading default (IMKL) instead.
[0m/home/mgolmoha/TVB/env/lib/python3.7/site-packages/tvb/datatypes/surfaces.py:63: UserWarning: Geodesic distance module is unavailable; some functionality for surfaces will be unavailable.
  warnings.warn(msg)
tavg_to_bold step
BOLD shape (T, N): 22 118
/home/mgolmoha/TVB/virtual_ageing/showcase1_ageing/simulation.py:283: VisibleDeprecationWarning: Creating an ndarray from ragged nested sequences (which is a list-or-tuple of lists-or-tuples-or ndarrays with different lengths or shapes) is deprecated. If you meant to do this, you must specify 'dtype=object' when creating the ndarray.
  return numpy.array([k1, k2, k3])
Completed: subject=sub-0002 noise=0.04 G=2.138940639 dt=0.005, Result=[0.002078458806346683, 0.05437521121074963, 0.2787910362690198, 36.24654150009155]
[1;2;31mflexiblas BLAS backend  "AOCL" not found. Loading default (IMKL) instead.
[0m/home/mgolmoha/TVB/env/lib/python3.7/site-packages/tvb/datatypes/surfaces.py:63: UserWarning: Geodesic distance module is unavailable; some functionality for surfaces will be unavailable.
  warnings.warn(msg)
tavg_to_bold step
BOLD shape (T, N): 22 118
/home/mgolmoha/TVB/virtual_ageing/showcase1_ageing/simulation.py:283: VisibleDeprecationWarning: Creating an ndarray from ragged nested sequences (which is a list-or-tuple of lists-or-tuples-or ndarrays with different lengths or shapes) is deprecated. If you meant to do this, you must specify 'dtype=object' when creating the ndarray.
  return numpy.array([k1, k2, k3])
Completed: subject=sub-0002 noise=0.04 G=2.1391033453 dt=0.005, Result=[0.0021016439103265653, -0.042627405757011426, -0.9155184950028641, 36.01948881149292]
[1;2;31mflexiblas BLAS backend  "AOCL" not found. Loading default (IMKL) instead.
[0m/home/mgolmoha/TVB/env/lib/python3.7/site-packages/tvb/datatypes/surfaces.py:63: UserWarning: Geodesic distance module is unavailable; some functionality for surfaces will be unavailable.
  warnings.warn(msg)
tavg_to_bold step
BOLD shape (T, N): 22 118
/home/mgolmoha/TVB/virtual_ageing/showcase1_ageing/simulation.py:283: VisibleDeprecationWarning: Creating an ndarray from ragged nested sequences (which is a list-or-tuple of lists-or-tuples-or ndarrays with different lengths or shapes) is deprecated. If you meant to do this, you must specify 'dtype=object' when creating the ndarray.
  return numpy.array([k1, k2, k3])
Completed: subject=sub-0002 noise=0.04 G=2.1392660516 dt=0.005, Result=[0.0026318914041365657, 0.10610502280071962, 4.549670809277027, 35.44734787940979]
[1;2;31mflexiblas BLAS backend  "AOCL" not found. Loading default (IMKL) instead.
[0m/home/mgolmoha/TVB/env/lib/python3.7/site-packages/tvb/datatypes/surfaces.py:63: UserWarning: Geodesic distance module is unavailable; some functionality for surfaces will be unavailable.
  warnings.warn(msg)
tavg_to_bold step
BOLD shape (T, N): 22 118
/home/mgolmoha/TVB/virtual_ageing/showcase1_ageing/simulation.py:283: VisibleDeprecationWarning: Creating an ndarray from ragged nested sequences (which is a list-or-tuple of lists-or-tuples-or ndarrays with different lengths or shapes) is deprecated. If you meant to do this, you must specify 'dtype=object' when creating the ndarray.
  return numpy.array([k1, k2, k3])
Completed: subject=sub-0002 noise=0.04 G=2.1394287579 dt=0.005, Result=[0.0031040915981607473, 0.11617115823884523, -0.15428120796810774, 36.00191688537598]
[1;2;31mflexiblas BLAS backend  "AOCL" not found. Loading default (IMKL) instead.
[0m/home/mgolmoha/TVB/env/lib/python3.7/site-packages/tvb/datatypes/surfaces.py:63: UserWarning: Geodesic distance module is unavailable; some functionality for surfaces will be unavailable.
  warnings.warn(msg)
tavg_to_bold step
BOLD shape (T, N): 22 118
/home/mgolmoha/TVB/virtual_ageing/showcase1_ageing/simulation.py:283: VisibleDeprecationWarning: Creating an ndarray from ragged nested sequences (which is a list-or-tuple of lists-or-tuples-or ndarrays with different lengths or shapes) is deprecated. If you meant to do this, you must specify 'dtype=object' when creating the ndarray.
  return numpy.array([k1, k2, k3])
Completed: subject=sub-0002 noise=0.04 G=2.1395914642 dt=0.005, Result=[0.002460689235135518, 0.07679333307516334, 4.692058284813594, 36.66934847831726]
[1;2;31mflexiblas BLAS backend  "AOCL" not found. Loading default (IMKL) instead.
[0m/home/mgolmoha/TVB/env/lib/python3.7/site-packages/tvb/datatypes/surfaces.py:63: UserWarning: Geodesic distance module is unavailable; some functionality for surfaces will be unavailable.
  warnings.warn(msg)
tavg_to_bold step
BOLD shape (T, N): 22 118
/home/mgolmoha/TVB/virtual_ageing/showcase1_ageing/simulation.py:283: VisibleDeprecationWarning: Creating an ndarray from ragged nested sequences (which is a list-or-tuple of lists-or-tuples-or ndarrays with different lengths or shapes) is deprecated. If you meant to do this, you must specify 'dtype=object' when creating the ndarray.
  return numpy.array([k1, k2, k3])
Completed: subject=sub-0002 noise=0.04 G=2.1397541705 dt=0.005, Result=[0.003179191183339886, 0.06588769839712377, 3.575161277135205, 36.18866038322449]
[1;2;31mflexiblas BLAS backend  "AOCL" not found. Loading default (IMKL) instead.
[0m/home/mgolmoha/TVB/env/lib/python3.7/site-packages/tvb/datatypes/surfaces.py:63: UserWarning: Geodesic distance module is unavailable; some functionality for surfaces will be unavailable.
  warnings.warn(msg)
tavg_to_bold step
BOLD shape (T, N): 22 118
/home/mgolmoha/TVB/virtual_ageing/showcase1_ageing/simulation.py:283: VisibleDeprecationWarning: Creating an ndarray from ragged nested sequences (which is a list-or-tuple of lists-or-tuples-or ndarrays with different lengths or shapes) is deprecated. If you meant to do this, you must specify 'dtype=object' when creating the ndarray.
  return numpy.array([k1, k2, k3])
Completed: subject=sub-0002 noise=0.04 G=2.1399168768 dt=0.005, Result=[0.005091235995656432, 0.0059652125196834015, 3.7717947565112446, 35.85989809036255]
[1;2;31mflexiblas BLAS backend  "AOCL" not found. Loading default (IMKL) instead.
[0m/home/mgolmoha/TVB/env/lib/python3.7/site-packages/tvb/datatypes/surfaces.py:63: UserWarning: Geodesic distance module is unavailable; some functionality for surfaces will be unavailable.
  warnings.warn(msg)
tavg_to_bold step
BOLD shape (T, N): 22 118
/home/mgolmoha/TVB/virtual_ageing/showcase1_ageing/simulation.py:283: VisibleDeprecationWarning: Creating an ndarray from ragged nested sequences (which is a list-or-tuple of lists-or-tuples-or ndarrays with different lengths or shapes) is deprecated. If you meant to do this, you must specify 'dtype=object' when creating the ndarray.
  return numpy.array([k1, k2, k3])
Completed: subject=sub-0002 noise=0.04 G=2.1400795831 dt=0.005, Result=[0.0020386169688872005, 0.05841336922549301, -0.5683013838368751, 35.872599363327026]
[1;2;31mflexiblas BLAS backend  "AOCL" not found. Loading default (IMKL) instead.
[0m/home/mgolmoha/TVB/env/lib/python3.7/site-packages/tvb/datatypes/surfaces.py:63: UserWarning: Geodesic distance module is unavailable; some functionality for surfaces will be unavailable.
  warnings.warn(msg)
tavg_to_bold step
BOLD shape (T, N): 22 118
/home/mgolmoha/TVB/virtual_ageing/showcase1_ageing/simulation.py:283: VisibleDeprecationWarning: Creating an ndarray from ragged nested sequences (which is a list-or-tuple of lists-or-tuples-or ndarrays with different lengths or shapes) is deprecated. If you meant to do this, you must specify 'dtype=object' when creating the ndarray.
  return numpy.array([k1, k2, k3])
Completed: subject=sub-0002 noise=0.04 G=2.1402422894 dt=0.005, Result=[0.0010895151198930695, 0.17923532111722693, 2.7519307603957657, 35.823705196380615]
[1;2;31mflexiblas BLAS backend  "AOCL" not found. Loading default (IMKL) instead.
[0m/home/mgolmoha/TVB/env/lib/python3.7/site-packages/tvb/datatypes/surfaces.py:63: UserWarning: Geodesic distance module is unavailable; some functionality for surfaces will be unavailable.
  warnings.warn(msg)
tavg_to_bold step
BOLD shape (T, N): 22 118
/home/mgolmoha/TVB/virtual_ageing/showcase1_ageing/simulation.py:283: VisibleDeprecationWarning: Creating an ndarray from ragged nested sequences (which is a list-or-tuple of lists-or-tuples-or ndarrays with different lengths or shapes) is deprecated. If you meant to do this, you must specify 'dtype=object' when creating the ndarray.
  return numpy.array([k1, k2, k3])
Completed: subject=sub-0002 noise=0.04 G=2.1404049957 dt=0.005, Result=[0.004022297761999905, -0.006217860654677897, -0.19310842120645333, 36.57974576950073]
