[1;2;31mflexiblas BLAS backend  "AOCL" not found. Loading default (IMKL) instead.
[0m/home/mgolmoha/TVB/env/lib/python3.7/site-packages/tvb/datatypes/surfaces.py:63: UserWarning: Geodesic distance module is unavailable; some functionality for surfaces will be unavailable.
  warnings.warn(msg)
--- Logging error ---
Traceback (most recent call last):
  File "/home/mgolmoha/TVB/env/lib/python3.7/site-packages/tvb/basic/neotraits/_attr.py", line 118, in _post_bind_validate
    hash(self.default)
TypeError: unhashable type: 'dict'

During handling of the above exception, another exception occurred:

Traceback (most recent call last):
  File "/cvmfs/soft.computecanada.ca/gentoo/2020/usr/lib/python3.7/logging/handlers.py", line 70, in emit
    self.doRollover()
  File "/cvmfs/soft.computecanada.ca/gentoo/2020/usr/lib/python3.7/logging/handlers.py", line 393, in doRollover
    os.remove(dfn)
FileNotFoundError: [Errno 2] No such file or directory: '/home/mgolmoha/.tvb-temp/logs/library.log.2025-12-07'
Call stack:
  File "/scratch/mgolmoha/TVB_Brown_Bag/tvb_study_group/Session_7-SBI/SBI-TVB/single_sim_handler.py", line 5, in <module>
    import montbrio_simulation
  File "<frozen importlib._bootstrap>", line 983, in _find_and_load
  File "<frozen importlib._bootstrap>", line 967, in _find_and_load_unlocked
  File "<frozen importlib._bootstrap>", line 677, in _load_unlocked
  File "<frozen importlib._bootstrap_external>", line 728, in exec_module
  File "<frozen importlib._bootstrap>", line 219, in _call_with_frames_removed
  File "/scratch/mgolmoha/TVB_Brown_Bag/tvb_study_group/Session_7-SBI/SBI-TVB/montbrio_simulation.py", line 3, in <module>
    import showcase1_ageing as utils
  File "<frozen importlib._bootstrap>", line 983, in _find_and_load
  File "<frozen importlib._bootstrap>", line 967, in _find_and_load_unlocked
  File "<frozen importlib._bootstrap>", line 677, in _load_unlocked
  File "<frozen importlib._bootstrap_external>", line 728, in exec_module
  File "<frozen importlib._bootstrap>", line 219, in _call_with_frames_removed
  File "/home/mgolmoha/TVB/virtual_ageing/showcase1_ageing/__init__.py", line 2, in <module>
    from .phase_plane import phase_plane_interactive
  File "<frozen importlib._bootstrap>", line 983, in _find_and_load
  File "<frozen importlib._bootstrap>", line 967, in _find_and_load_unlocked
  File "<frozen importlib._bootstrap>", line 677, in _load_unlocked
  File "<frozen importlib._bootstrap_external>", line 728, in exec_module
  File "<frozen importlib._bootstrap>", line 219, in _call_with_frames_removed
  File "/home/mgolmoha/TVB/virtual_ageing/showcase1_ageing/phase_plane.py", line 6, in <module>
    from tvb.simulator.lab import integrators
  File "<frozen importlib._bootstrap>", line 983, in _find_and_load
  File "<frozen importlib._bootstrap>", line 967, in _find_and_load_unlocked
  File "<frozen importlib._bootstrap>", line 677, in _load_unlocked
  File "<frozen importlib._bootstrap_external>", line 728, in exec_module
  File "<frozen importlib._bootstrap>", line 219, in _call_with_frames_removed
  File "/home/mgolmoha/TVB/env/lib/python3.7/site-packages/tvb/simulator/lab.py", line 57, in <module>
    from tvb.simulator import (simulator, models, coupling, integrators, monitors, noise)
  File "<frozen importlib._bootstrap>", line 1035, in _handle_fromlist
  File "<frozen importlib._bootstrap>", line 219, in _call_with_frames_removed
  File "<frozen importlib._bootstrap>", line 983, in _find_and_load
  File "<frozen importlib._bootstrap>", line 967, in _find_and_load_unlocked
  File "<frozen importlib._bootstrap>", line 677, in _load_unlocked
  File "<frozen importlib._bootstrap_external>", line 728, in exec_module
  File "<frozen importlib._bootstrap>", line 219, in _call_with_frames_removed
  File "/home/mgolmoha/TVB/env/lib/python3.7/site-packages/tvb/simulator/simulator.py", line 49, in <module>
    from tvb.simulator import models, integrators, monitors, coupling
  File "<frozen importlib._bootstrap>", line 1035, in _handle_fromlist
  File "<frozen importlib._bootstrap>", line 219, in _call_with_frames_removed
  File "<frozen importlib._bootstrap>", line 983, in _find_and_load
  File "<frozen importlib._bootstrap>", line 967, in _find_and_load_unlocked
  File "<frozen importlib._bootstrap>", line 677, in _load_unlocked
  File "<frozen importlib._bootstrap_external>", line 728, in exec_module
  File "<frozen importlib._bootstrap>", line 219, in _call_with_frames_removed
  File "/home/mgolmoha/TVB/env/lib/python3.7/site-packages/tvb/simulator/monitors.py", line 60, in <module>
    from tvb.datatypes.time_series import (TimeSeries, TimeSeriesRegion, TimeSeriesEEG, TimeSeriesMEG, TimeSeriesSEEG,
  File "<frozen importlib._bootstrap>", line 983, in _find_and_load
  File "<frozen importlib._bootstrap>", line 967, in _find_and_load_unlocked
  File "<frozen importlib._bootstrap>", line 677, in _load_unlocked
  File "<frozen importlib._bootstrap_external>", line 728, in exec_module
  File "<frozen importlib._bootstrap>", line 219, in _call_with_frames_removed
  File "/home/mgolmoha/TVB/env/lib/python3.7/site-packages/tvb/datatypes/time_series.py", line 44, in <module>
    class TimeSeries(HasTraits):
  File "/home/mgolmoha/TVB/env/lib/python3.7/site-packages/tvb/basic/neotraits/_declarative_base.py", line 232, in __new__
    v._post_bind_validate()
  File "/home/mgolmoha/TVB/env/lib/python3.7/site-packages/tvb/basic/neotraits/_attr.py", line 121, in _post_bind_validate
    'Consider using a lambda as a value factory \n   attribute {}'.format(self))
Message: "Field seems mutable and has a default value. Consider using a lambda as a value factory \n   attribute tvb.datatypes.time_series.TimeSeries.labels_dimensions = Attr(field_type=<class 'dict'>, default={}, required=True)"
Arguments: ()
tavg_to_bold step
BOLD shape (T, N): 22 118
/home/mgolmoha/TVB/virtual_ageing/showcase1_ageing/simulation.py:283: VisibleDeprecationWarning: Creating an ndarray from ragged nested sequences (which is a list-or-tuple of lists-or-tuples-or ndarrays with different lengths or shapes) is deprecated. If you meant to do this, you must specify 'dtype=object' when creating the ndarray.
  return numpy.array([k1, k2, k3])
Completed: subject=sub-0002 noise=0.04 G=1.951828394 dt=0.005, Result=[0.0015331640250379227, 0.12042555236908867, 1.960768199671957, 43.60833215713501]
[1;2;31mflexiblas BLAS backend  "AOCL" not found. Loading default (IMKL) instead.
[0m/home/mgolmoha/TVB/env/lib/python3.7/site-packages/tvb/datatypes/surfaces.py:63: UserWarning: Geodesic distance module is unavailable; some functionality for surfaces will be unavailable.
  warnings.warn(msg)
tavg_to_bold step
BOLD shape (T, N): 22 118
/home/mgolmoha/TVB/virtual_ageing/showcase1_ageing/simulation.py:283: VisibleDeprecationWarning: Creating an ndarray from ragged nested sequences (which is a list-or-tuple of lists-or-tuples-or ndarrays with different lengths or shapes) is deprecated. If you meant to do this, you must specify 'dtype=object' when creating the ndarray.
  return numpy.array([k1, k2, k3])
Completed: subject=sub-0002 noise=0.04 G=1.9519911003 dt=0.005, Result=[0.003140510651108968, 0.13619696067844364, 9.161928756942487, 43.008349895477295]
[1;2;31mflexiblas BLAS backend  "AOCL" not found. Loading default (IMKL) instead.
[0m/home/mgolmoha/TVB/env/lib/python3.7/site-packages/tvb/datatypes/surfaces.py:63: UserWarning: Geodesic distance module is unavailable; some functionality for surfaces will be unavailable.
  warnings.warn(msg)
tavg_to_bold step
BOLD shape (T, N): 22 118
/home/mgolmoha/TVB/virtual_ageing/showcase1_ageing/simulation.py:283: VisibleDeprecationWarning: Creating an ndarray from ragged nested sequences (which is a list-or-tuple of lists-or-tuples-or ndarrays with different lengths or shapes) is deprecated. If you meant to do this, you must specify 'dtype=object' when creating the ndarray.
  return numpy.array([k1, k2, k3])
Completed: subject=sub-0002 noise=0.04 G=1.9521538066 dt=0.005, Result=[0.0020564416382650506, 4.5869979674725225e-05, 11.126313251823877, 43.462209939956665]
[1;2;31mflexiblas BLAS backend  "AOCL" not found. Loading default (IMKL) instead.
[0m/home/mgolmoha/TVB/env/lib/python3.7/site-packages/tvb/datatypes/surfaces.py:63: UserWarning: Geodesic distance module is unavailable; some functionality for surfaces will be unavailable.
  warnings.warn(msg)
tavg_to_bold step
BOLD shape (T, N): 22 118
/home/mgolmoha/TVB/virtual_ageing/showcase1_ageing/simulation.py:283: VisibleDeprecationWarning: Creating an ndarray from ragged nested sequences (which is a list-or-tuple of lists-or-tuples-or ndarrays with different lengths or shapes) is deprecated. If you meant to do this, you must specify 'dtype=object' when creating the ndarray.
  return numpy.array([k1, k2, k3])
Completed: subject=sub-0002 noise=0.04 G=1.9523165129 dt=0.005, Result=[0.0010011731829788673, 0.19702754968081435, 5.832471356925806, 43.126200675964355]
[1;2;31mflexiblas BLAS backend  "AOCL" not found. Loading default (IMKL) instead.
[0m/home/mgolmoha/TVB/env/lib/python3.7/site-packages/tvb/datatypes/surfaces.py:63: UserWarning: Geodesic distance module is unavailable; some functionality for surfaces will be unavailable.
  warnings.warn(msg)
tavg_to_bold step
BOLD shape (T, N): 22 118
/home/mgolmoha/TVB/virtual_ageing/showcase1_ageing/simulation.py:283: VisibleDeprecationWarning: Creating an ndarray from ragged nested sequences (which is a list-or-tuple of lists-or-tuples-or ndarrays with different lengths or shapes) is deprecated. If you meant to do this, you must specify 'dtype=object' when creating the ndarray.
  return numpy.array([k1, k2, k3])
Completed: subject=sub-0002 noise=0.04 G=1.9524792192 dt=0.005, Result=[0.001349107324655863, 0.17979425874569452, 7.558180054019623, 42.71674728393555]
[1;2;31mflexiblas BLAS backend  "AOCL" not found. Loading default (IMKL) instead.
[0m/home/mgolmoha/TVB/env/lib/python3.7/site-packages/tvb/datatypes/surfaces.py:63: UserWarning: Geodesic distance module is unavailable; some functionality for surfaces will be unavailable.
  warnings.warn(msg)
tavg_to_bold step
BOLD shape (T, N): 22 118
/home/mgolmoha/TVB/virtual_ageing/showcase1_ageing/simulation.py:283: VisibleDeprecationWarning: Creating an ndarray from ragged nested sequences (which is a list-or-tuple of lists-or-tuples-or ndarrays with different lengths or shapes) is deprecated. If you meant to do this, you must specify 'dtype=object' when creating the ndarray.
  return numpy.array([k1, k2, k3])
Completed: subject=sub-0002 noise=0.04 G=1.9526419255 dt=0.005, Result=[0.0015156493143264381, 0.026782901927837242, 7.3689417042200525, 43.20828342437744]
[1;2;31mflexiblas BLAS backend  "AOCL" not found. Loading default (IMKL) instead.
[0m/home/mgolmoha/TVB/env/lib/python3.7/site-packages/tvb/datatypes/surfaces.py:63: UserWarning: Geodesic distance module is unavailable; some functionality for surfaces will be unavailable.
  warnings.warn(msg)
tavg_to_bold step
BOLD shape (T, N): 22 118
/home/mgolmoha/TVB/virtual_ageing/showcase1_ageing/simulation.py:283: VisibleDeprecationWarning: Creating an ndarray from ragged nested sequences (which is a list-or-tuple of lists-or-tuples-or ndarrays with different lengths or shapes) is deprecated. If you meant to do this, you must specify 'dtype=object' when creating the ndarray.
  return numpy.array([k1, k2, k3])
Completed: subject=sub-0002 noise=0.04 G=1.9528046318 dt=0.005, Result=[0.0012674432024089805, 0.1455703755471146, 4.781594113780795, 43.033806800842285]
[1;2;31mflexiblas BLAS backend  "AOCL" not found. Loading default (IMKL) instead.
[0m/home/mgolmoha/TVB/env/lib/python3.7/site-packages/tvb/datatypes/surfaces.py:63: UserWarning: Geodesic distance module is unavailable; some functionality for surfaces will be unavailable.
  warnings.warn(msg)
tavg_to_bold step
BOLD shape (T, N): 22 118
/home/mgolmoha/TVB/virtual_ageing/showcase1_ageing/simulation.py:283: VisibleDeprecationWarning: Creating an ndarray from ragged nested sequences (which is a list-or-tuple of lists-or-tuples-or ndarrays with different lengths or shapes) is deprecated. If you meant to do this, you must specify 'dtype=object' when creating the ndarray.
  return numpy.array([k1, k2, k3])
Completed: subject=sub-0002 noise=0.04 G=1.9529673381 dt=0.005, Result=[0.0011034432470110953, 0.21403849162327404, 4.145959894253934, 43.227428913116455]
[1;2;31mflexiblas BLAS backend  "AOCL" not found. Loading default (IMKL) instead.
[0m/home/mgolmoha/TVB/env/lib/python3.7/site-packages/tvb/datatypes/surfaces.py:63: UserWarning: Geodesic distance module is unavailable; some functionality for surfaces will be unavailable.
  warnings.warn(msg)
tavg_to_bold step
BOLD shape (T, N): 22 118
/home/mgolmoha/TVB/virtual_ageing/showcase1_ageing/simulation.py:283: VisibleDeprecationWarning: Creating an ndarray from ragged nested sequences (which is a list-or-tuple of lists-or-tuples-or ndarrays with different lengths or shapes) is deprecated. If you meant to do this, you must specify 'dtype=object' when creating the ndarray.
  return numpy.array([k1, k2, k3])
Completed: subject=sub-0002 noise=0.04 G=1.9531300444 dt=0.005, Result=[0.002717029589448316, 0.12141598451666498, 4.890226070082207, 42.33048129081726]
[1;2;31mflexiblas BLAS backend  "AOCL" not found. Loading default (IMKL) instead.
[0m/home/mgolmoha/TVB/env/lib/python3.7/site-packages/tvb/datatypes/surfaces.py:63: UserWarning: Geodesic distance module is unavailable; some functionality for surfaces will be unavailable.
  warnings.warn(msg)
tavg_to_bold step
BOLD shape (T, N): 22 118
/home/mgolmoha/TVB/virtual_ageing/showcase1_ageing/simulation.py:283: VisibleDeprecationWarning: Creating an ndarray from ragged nested sequences (which is a list-or-tuple of lists-or-tuples-or ndarrays with different lengths or shapes) is deprecated. If you meant to do this, you must specify 'dtype=object' when creating the ndarray.
  return numpy.array([k1, k2, k3])
Completed: subject=sub-0002 noise=0.04 G=1.9532927507 dt=0.005, Result=[0.0009849199286688477, 0.17820591811470338, 9.705020950136962, 42.723397970199585]
[1;2;31mflexiblas BLAS backend  "AOCL" not found. Loading default (IMKL) instead.
[0m/home/mgolmoha/TVB/env/lib/python3.7/site-packages/tvb/datatypes/surfaces.py:63: UserWarning: Geodesic distance module is unavailable; some functionality for surfaces will be unavailable.
  warnings.warn(msg)
tavg_to_bold step
BOLD shape (T, N): 22 118
/home/mgolmoha/TVB/virtual_ageing/showcase1_ageing/simulation.py:283: VisibleDeprecationWarning: Creating an ndarray from ragged nested sequences (which is a list-or-tuple of lists-or-tuples-or ndarrays with different lengths or shapes) is deprecated. If you meant to do this, you must specify 'dtype=object' when creating the ndarray.
  return numpy.array([k1, k2, k3])
Completed: subject=sub-0002 noise=0.04 G=1.953455457 dt=0.005, Result=[0.002272870931812642, 0.06845636049238252, 2.603821146851491, 41.4328556060791]
[1;2;31mflexiblas BLAS backend  "AOCL" not found. Loading default (IMKL) instead.
[0m/home/mgolmoha/TVB/env/lib/python3.7/site-packages/tvb/datatypes/surfaces.py:63: UserWarning: Geodesic distance module is unavailable; some functionality for surfaces will be unavailable.
  warnings.warn(msg)
tavg_to_bold step
BOLD shape (T, N): 22 118
/home/mgolmoha/TVB/virtual_ageing/showcase1_ageing/simulation.py:283: VisibleDeprecationWarning: Creating an ndarray from ragged nested sequences (which is a list-or-tuple of lists-or-tuples-or ndarrays with different lengths or shapes) is deprecated. If you meant to do this, you must specify 'dtype=object' when creating the ndarray.
  return numpy.array([k1, k2, k3])
Completed: subject=sub-0002 noise=0.04 G=1.9536181633 dt=0.005, Result=[0.0034246746053746106, 0.2543421011410568, 4.36427383997534, 41.250041484832764]
[1;2;31mflexiblas BLAS backend  "AOCL" not found. Loading default (IMKL) instead.
[0m/home/mgolmoha/TVB/env/lib/python3.7/site-packages/tvb/datatypes/surfaces.py:63: UserWarning: Geodesic distance module is unavailable; some functionality for surfaces will be unavailable.
  warnings.warn(msg)
tavg_to_bold step
BOLD shape (T, N): 22 118
/home/mgolmoha/TVB/virtual_ageing/showcase1_ageing/simulation.py:283: VisibleDeprecationWarning: Creating an ndarray from ragged nested sequences (which is a list-or-tuple of lists-or-tuples-or ndarrays with different lengths or shapes) is deprecated. If you meant to do this, you must specify 'dtype=object' when creating the ndarray.
  return numpy.array([k1, k2, k3])
Completed: subject=sub-0002 noise=0.04 G=1.9537808696 dt=0.005, Result=[0.0016844691514802791, 0.20389212889786001, 5.0588182348883635, 41.15915131568909]
[1;2;31mflexiblas BLAS backend  "AOCL" not found. Loading default (IMKL) instead.
[0m/home/mgolmoha/TVB/env/lib/python3.7/site-packages/tvb/datatypes/surfaces.py:63: UserWarning: Geodesic distance module is unavailable; some functionality for surfaces will be unavailable.
  warnings.warn(msg)
tavg_to_bold step
BOLD shape (T, N): 22 118
/home/mgolmoha/TVB/virtual_ageing/showcase1_ageing/simulation.py:283: VisibleDeprecationWarning: Creating an ndarray from ragged nested sequences (which is a list-or-tuple of lists-or-tuples-or ndarrays with different lengths or shapes) is deprecated. If you meant to do this, you must specify 'dtype=object' when creating the ndarray.
  return numpy.array([k1, k2, k3])
Completed: subject=sub-0002 noise=0.04 G=1.9539435759 dt=0.005, Result=[0.0019470706856193768, 0.20948221099213307, 5.743060152364816, 41.54117441177368]
[1;2;31mflexiblas BLAS backend  "AOCL" not found. Loading default (IMKL) instead.
[0m/home/mgolmoha/TVB/env/lib/python3.7/site-packages/tvb/datatypes/surfaces.py:63: UserWarning: Geodesic distance module is unavailable; some functionality for surfaces will be unavailable.
  warnings.warn(msg)
tavg_to_bold step
BOLD shape (T, N): 22 118
/home/mgolmoha/TVB/virtual_ageing/showcase1_ageing/simulation.py:283: VisibleDeprecationWarning: Creating an ndarray from ragged nested sequences (which is a list-or-tuple of lists-or-tuples-or ndarrays with different lengths or shapes) is deprecated. If you meant to do this, you must specify 'dtype=object' when creating the ndarray.
  return numpy.array([k1, k2, k3])
Completed: subject=sub-0002 noise=0.04 G=1.9541062822 dt=0.005, Result=[0.0007851790189934624, 0.12606954073673482, 5.920121232256971, 41.31776165962219]
[1;2;31mflexiblas BLAS backend  "AOCL" not found. Loading default (IMKL) instead.
[0m/home/mgolmoha/TVB/env/lib/python3.7/site-packages/tvb/datatypes/surfaces.py:63: UserWarning: Geodesic distance module is unavailable; some functionality for surfaces will be unavailable.
  warnings.warn(msg)
tavg_to_bold step
BOLD shape (T, N): 22 118
/home/mgolmoha/TVB/virtual_ageing/showcase1_ageing/simulation.py:283: VisibleDeprecationWarning: Creating an ndarray from ragged nested sequences (which is a list-or-tuple of lists-or-tuples-or ndarrays with different lengths or shapes) is deprecated. If you meant to do this, you must specify 'dtype=object' when creating the ndarray.
  return numpy.array([k1, k2, k3])
Completed: subject=sub-0002 noise=0.04 G=1.9542689885 dt=0.005, Result=[0.0006135939080239231, 0.1313393905356056, 3.6385310984931074, 41.282615661621094]
[1;2;31mflexiblas BLAS backend  "AOCL" not found. Loading default (IMKL) instead.
[0m/home/mgolmoha/TVB/env/lib/python3.7/site-packages/tvb/datatypes/surfaces.py:63: UserWarning: Geodesic distance module is unavailable; some functionality for surfaces will be unavailable.
  warnings.warn(msg)
tavg_to_bold step
BOLD shape (T, N): 22 118
/home/mgolmoha/TVB/virtual_ageing/showcase1_ageing/simulation.py:283: VisibleDeprecationWarning: Creating an ndarray from ragged nested sequences (which is a list-or-tuple of lists-or-tuples-or ndarrays with different lengths or shapes) is deprecated. If you meant to do this, you must specify 'dtype=object' when creating the ndarray.
  return numpy.array([k1, k2, k3])
Completed: subject=sub-0002 noise=0.04 G=1.9544316948 dt=0.005, Result=[0.0007747827227095687, 0.1685733403532643, 2.908303071174533, 40.99558997154236]
[1;2;31mflexiblas BLAS backend  "AOCL" not found. Loading default (IMKL) instead.
[0m/home/mgolmoha/TVB/env/lib/python3.7/site-packages/tvb/datatypes/surfaces.py:63: UserWarning: Geodesic distance module is unavailable; some functionality for surfaces will be unavailable.
  warnings.warn(msg)
tavg_to_bold step
BOLD shape (T, N): 22 118
/home/mgolmoha/TVB/virtual_ageing/showcase1_ageing/simulation.py:283: VisibleDeprecationWarning: Creating an ndarray from ragged nested sequences (which is a list-or-tuple of lists-or-tuples-or ndarrays with different lengths or shapes) is deprecated. If you meant to do this, you must specify 'dtype=object' when creating the ndarray.
  return numpy.array([k1, k2, k3])
Completed: subject=sub-0002 noise=0.04 G=1.9545944011 dt=0.005, Result=[0.0016311188176156724, 0.18775784575705787, 5.131652688206092, 40.999427795410156]
[1;2;31mflexiblas BLAS backend  "AOCL" not found. Loading default (IMKL) instead.
[0m/home/mgolmoha/TVB/env/lib/python3.7/site-packages/tvb/datatypes/surfaces.py:63: UserWarning: Geodesic distance module is unavailable; some functionality for surfaces will be unavailable.
  warnings.warn(msg)
tavg_to_bold step
BOLD shape (T, N): 22 118
/home/mgolmoha/TVB/virtual_ageing/showcase1_ageing/simulation.py:283: VisibleDeprecationWarning: Creating an ndarray from ragged nested sequences (which is a list-or-tuple of lists-or-tuples-or ndarrays with different lengths or shapes) is deprecated. If you meant to do this, you must specify 'dtype=object' when creating the ndarray.
  return numpy.array([k1, k2, k3])
Completed: subject=sub-0002 noise=0.04 G=1.9547571074 dt=0.005, Result=[0.003323908138639664, 0.09172765814420167, 11.659573172512935, 40.99944090843201]
[1;2;31mflexiblas BLAS backend  "AOCL" not found. Loading default (IMKL) instead.
[0m/home/mgolmoha/TVB/env/lib/python3.7/site-packages/tvb/datatypes/surfaces.py:63: UserWarning: Geodesic distance module is unavailable; some functionality for surfaces will be unavailable.
  warnings.warn(msg)
tavg_to_bold step
BOLD shape (T, N): 22 118
/home/mgolmoha/TVB/virtual_ageing/showcase1_ageing/simulation.py:283: VisibleDeprecationWarning: Creating an ndarray from ragged nested sequences (which is a list-or-tuple of lists-or-tuples-or ndarrays with different lengths or shapes) is deprecated. If you meant to do this, you must specify 'dtype=object' when creating the ndarray.
  return numpy.array([k1, k2, k3])
Completed: subject=sub-0002 noise=0.04 G=1.9549198137 dt=0.005, Result=[0.0010368416584194556, 0.204655719184429, 4.358942509990236, 41.036009073257446]
